#
# A fatal error has been detected by the Java Runtime Environment:
#
#  Internal Error (t:/workspace/open/src/hotspot/os_cpu/windows_x86/os_windows_x86.cpp:145), pid=6612, tid=2436
#  guarantee(result == EXCEPTION_CONTINUE_EXECUTION) failed: Unexpected result from topLevelExceptionFilter
#
# JRE version: Java(TM) SE Runtime Environment (11.0.3+12) (build 11.0.3+12-LTS)
# Java VM: Java HotSpot(TM) 64-Bit Server VM (11.0.3+12-LTS, mixed mode, tiered, compressed oops, g1 gc, windows-amd64)
# No core dump will be written. Minidumps are not enabled by default on client versions of Windows
#
# If you would like to submit a bug report, please visit:
#   http://bugreport.java.com/bugreport/crash.jsp
# The crash happened outside the Java Virtual Machine in native code.
# See problematic frame for where to report the bug.
#

---------------  S U M M A R Y ------------

Command Line: -javaagent:C:\Users\TAYE\.IdeaIC2019.2\system\testAgent\intellij-coverage-agent-1.0.508.jar=C:\Users\TAYE\AppData\Local\Temp\coverageargs -javaagent:C:\Users\TAYE\AppData\Local\JetBrains\IntelliJ IDEA Community Edition 2019.2.1\lib\idea_rt.jar=53376:C:\Users\TAYE\AppData\Local\JetBrains\IntelliJ IDEA Community Edition 2019.2.1\bin -Dfile.encoding=UTF-8 com.javarush.task.task34.task3410.controller.Controller

Host: Intel(R) Core(TM) i3-7100 CPU @ 3.90GHz, 2 cores, 8G,  Windows 10 , 64 bit Build 18362 (10.0.18362.329)
Time: Fri Oct 25 13:25:54 2019 FLE Daylight Time elapsed time: 2 seconds (0d 0h 0m 2s)

---------------  T H R E A D  ---------------

Current thread (0x000002664a528000):  JavaThread "AWT-Windows" daemon [_thread_in_native, id=2436, stack(0x000000a430200000,0x000000a430300000)]

Stack: [0x000000a430200000,0x000000a430300000]
Native frames: (J=compiled Java code, j=interpreted, Vv=VM code, C=native code)
V  [jvm.dll+0x63582a]
V  [jvm.dll+0x77360f]
V  [jvm.dll+0x774cba]
V  [jvm.dll+0x775327]
V  [jvm.dll+0x25e91c]
V  [jvm.dll+0x63531c]
C  [ntdll.dll+0xa11ff]
C  [ntdll.dll+0x6a289]
C  [ntdll.dll+0x9fe6e]
C  [VBoxSVGA.dll+0x17e9]

Java frames: (J=compiled Java code, j=interpreted, Vv=VM code)
j  sun.java2d.d3d.D3DGraphicsDevice.getDeviceCapsNative(I)I+0 java.desktop@11.0.3
j  sun.java2d.d3d.D3DGraphicsDevice$1.run()V+8 java.desktop@11.0.3
v  ~StubRoutines::call_stub
j  sun.awt.windows.WToolkit.eventLoop()V+0 java.desktop@11.0.3
j  sun.awt.windows.WToolkit.run()V+50 java.desktop@11.0.3
j  java.lang.Thread.run()V+11 java.base@11.0.3
v  ~StubRoutines::call_stub

---------------  P R O C E S S  ---------------

Threads class SMR info:
_java_thread_list=0x000002664a530070, length=14, elements={
0x0000026628b0c000, 0x00000266493dd800, 0x00000266493de800, 0x00000266493e7800,
0x00000266493e8800, 0x00000266493ed000, 0x00000266493ef000, 0x00000266493fe000,
0x0000026649e2c800, 0x000002664a047000, 0x000002664a0fc800, 0x000002664a529800,
0x000002664a52a000, 0x000002664a528000
}

Java Threads: ( => current thread )
  0x0000026628b0c000 JavaThread "main" [_thread_in_native, id=8196, stack(0x000000a42ec00000,0x000000a42ed00000)]
  0x00000266493dd800 JavaThread "Reference Handler" daemon [_thread_blocked, id=1704, stack(0x000000a42f400000,0x000000a42f500000)]
  0x00000266493de800 JavaThread "Finalizer" daemon [_thread_blocked, id=752, stack(0x000000a42f500000,0x000000a42f600000)]
  0x00000266493e7800 JavaThread "Signal Dispatcher" daemon [_thread_blocked, id=8268, stack(0x000000a42f600000,0x000000a42f700000)]
  0x00000266493e8800 JavaThread "Attach Listener" daemon [_thread_blocked, id=9000, stack(0x000000a42f700000,0x000000a42f800000)]
  0x00000266493ed000 JavaThread "C2 CompilerThread0" daemon [_thread_blocked, id=4380, stack(0x000000a42f800000,0x000000a42f900000)]
  0x00000266493ef000 JavaThread "C1 CompilerThread0" daemon [_thread_blocked, id=10216, stack(0x000000a42f900000,0x000000a42fa00000)]
  0x00000266493fe000 JavaThread "Sweeper thread" daemon [_thread_blocked, id=9592, stack(0x000000a42fa00000,0x000000a42fb00000)]
  0x0000026649e2c800 JavaThread "Common-Cleaner" daemon [_thread_blocked, id=9552, stack(0x000000a42fb00000,0x000000a42fc00000)]
  0x000002664a047000 JavaThread "Monitor Ctrl-Break" daemon [_thread_in_native, id=8232, stack(0x000000a42fc00000,0x000000a42fd00000)]
  0x000002664a0fc800 JavaThread "Service Thread" daemon [_thread_blocked, id=4428, stack(0x000000a42fd00000,0x000000a42fe00000)]
  0x000002664a529800 JavaThread "Java2D Disposer" daemon [_thread_blocked, id=6360, stack(0x000000a430000000,0x000000a430100000)]
  0x000002664a52a000 JavaThread "AWT-Shutdown" [_thread_blocked, id=7564, stack(0x000000a430100000,0x000000a430200000)]
=>0x000002664a528000 JavaThread "AWT-Windows" daemon [_thread_in_native, id=2436, stack(0x000000a430200000,0x000000a430300000)]

Other Threads:
  0x000002664939d800 VMThread "VM Thread" [stack: 0x000000a42f300000,0x000000a42f400000] [id=328]
  0x000002664a093800 WatcherThread [stack: 0x000000a42fe00000,0x000000a42ff00000] [id=1004]
  0x0000026628b23800 GCTaskThread "GC Thread#0" [stack: 0x000000a42ee00000,0x000000a42ef00000] [id=8104]
  0x000002664a4da000 GCTaskThread "GC Thread#1" [stack: 0x000000a42ff00000,0x000000a430000000] [id=4780]
  0x0000026628b5b800 ConcurrentGCThread "G1 Main Marker" [stack: 0x000000a42ef00000,0x000000a42f000000] [id=512]
  0x0000026628b5d800 ConcurrentGCThread "G1 Conc#0" [stack: 0x000000a42f000000,0x000000a42f100000] [id=1216]
  0x0000026649210800 ConcurrentGCThread "G1 Refine#0" [stack: 0x000000a42f100000,0x000000a42f200000] [id=9556]
  0x0000026649211800 ConcurrentGCThread "G1 Young RemSet Sampling" [stack: 0x000000a42f200000,0x000000a42f300000] [id=1908]

Threads with active compile tasks:

VM state:not at safepoint (normal execution)

VM Mutex/Monitor currently owned by a thread: None

Heap address: 0x0000000770000000, size: 2304 MB, Compressed Oops mode: Zero based, Oop shift amount: 3
Narrow klass base: 0x0000000800000000, Narrow klass shift: 0
Compressed class space size: 1073741824 Address: 0x0000000800000000

Heap:
 garbage-first heap   total 147456K, used 5535K [0x0000000770000000, 0x0000000800000000)
  region size 1024K, 4 young (4096K), 1 survivors (1024K)
 Metaspace       used 11294K, capacity 11571K, committed 11776K, reserved 1060864K
  class space    used 1058K, capacity 1156K, committed 1280K, reserved 1048576K
Heap Regions: E=young(eden), S=young(survivor), O=old, HS=humongous(starts), HC=humongous(continues), CS=collection set, F=free, A=archive, TAMS=top-at-mark-start (previous, next)
|   0|0x0000000770000000, 0x0000000770100000, 0x0000000770100000|100%| O|  |TAMS 0x0000000770000000, 0x0000000770000000| Untracked 
|   1|0x0000000770100000, 0x0000000770200000, 0x0000000770200000|100%| O|  |TAMS 0x0000000770100000, 0x0000000770100000| Untracked 
|   2|0x0000000770200000, 0x0000000770267e00, 0x0000000770300000| 40%| O|  |TAMS 0x0000000770200000, 0x0000000770200000| Untracked 
|   3|0x0000000770300000, 0x0000000770300000, 0x0000000770400000|  0%| F|  |TAMS 0x0000000770300000, 0x0000000770300000| Untracked 
|   4|0x0000000770400000, 0x0000000770400000, 0x0000000770500000|  0%| F|  |TAMS 0x0000000770400000, 0x0000000770400000| Untracked 
|   5|0x0000000770500000, 0x0000000770500000, 0x0000000770600000|  0%| F|  |TAMS 0x0000000770500000, 0x0000000770500000| Untracked 
|   6|0x0000000770600000, 0x0000000770600000, 0x0000000770700000|  0%| F|  |TAMS 0x0000000770600000, 0x0000000770600000| Untracked 
|   7|0x0000000770700000, 0x0000000770700000, 0x0000000770800000|  0%| F|  |TAMS 0x0000000770700000, 0x0000000770700000| Untracked 
|   8|0x0000000770800000, 0x0000000770800000, 0x0000000770900000|  0%| F|  |TAMS 0x0000000770800000, 0x0000000770800000| Untracked 
|   9|0x0000000770900000, 0x0000000770900000, 0x0000000770a00000|  0%| F|  |TAMS 0x0000000770900000, 0x0000000770900000| Untracked 
|  10|0x0000000770a00000, 0x0000000770a00000, 0x0000000770b00000|  0%| F|  |TAMS 0x0000000770a00000, 0x0000000770a00000| Untracked 
|  11|0x0000000770b00000, 0x0000000770b00000, 0x0000000770c00000|  0%| F|  |TAMS 0x0000000770b00000, 0x0000000770b00000| Untracked 
|  12|0x0000000770c00000, 0x0000000770c00000, 0x0000000770d00000|  0%| F|  |TAMS 0x0000000770c00000, 0x0000000770c00000| Untracked 
|  13|0x0000000770d00000, 0x0000000770d00000, 0x0000000770e00000|  0%| F|  |TAMS 0x0000000770d00000, 0x0000000770d00000| Untracked 
|  14|0x0000000770e00000, 0x0000000770e00000, 0x0000000770f00000|  0%| F|  |TAMS 0x0000000770e00000, 0x0000000770e00000| Untracked 
|  15|0x0000000770f00000, 0x0000000770f00000, 0x0000000771000000|  0%| F|  |TAMS 0x0000000770f00000, 0x0000000770f00000| Untracked 
|  16|0x0000000771000000, 0x0000000771000000, 0x0000000771100000|  0%| F|  |TAMS 0x0000000771000000, 0x0000000771000000| Untracked 
|  17|0x0000000771100000, 0x0000000771100000, 0x0000000771200000|  0%| F|  |TAMS 0x0000000771100000, 0x0000000771100000| Untracked 
|  18|0x0000000771200000, 0x0000000771200000, 0x0000000771300000|  0%| F|  |TAMS 0x0000000771200000, 0x0000000771200000| Untracked 
|  19|0x0000000771300000, 0x0000000771300000, 0x0000000771400000|  0%| F|  |TAMS 0x0000000771300000, 0x0000000771300000| Untracked 
|  20|0x0000000771400000, 0x0000000771400000, 0x0000000771500000|  0%| F|  |TAMS 0x0000000771400000, 0x0000000771400000| Untracked 
|  21|0x0000000771500000, 0x0000000771500000, 0x0000000771600000|  0%| F|  |TAMS 0x0000000771500000, 0x0000000771500000| Untracked 
|  22|0x0000000771600000, 0x0000000771600000, 0x0000000771700000|  0%| F|  |TAMS 0x0000000771600000, 0x0000000771600000| Untracked 
|  23|0x0000000771700000, 0x0000000771700000, 0x0000000771800000|  0%| F|  |TAMS 0x0000000771700000, 0x0000000771700000| Untracked 
|  24|0x0000000771800000, 0x0000000771800000, 0x0000000771900000|  0%| F|  |TAMS 0x0000000771800000, 0x0000000771800000| Untracked 
|  25|0x0000000771900000, 0x0000000771900000, 0x0000000771a00000|  0%| F|  |TAMS 0x0000000771900000, 0x0000000771900000| Untracked 
|  26|0x0000000771a00000, 0x0000000771a00000, 0x0000000771b00000|  0%| F|  |TAMS 0x0000000771a00000, 0x0000000771a00000| Untracked 
|  27|0x0000000771b00000, 0x0000000771b00000, 0x0000000771c00000|  0%| F|  |TAMS 0x0000000771b00000, 0x0000000771b00000| Untracked 
|  28|0x0000000771c00000, 0x0000000771c00000, 0x0000000771d00000|  0%| F|  |TAMS 0x0000000771c00000, 0x0000000771c00000| Untracked 
|  29|0x0000000771d00000, 0x0000000771d00000, 0x0000000771e00000|  0%| F|  |TAMS 0x0000000771d00000, 0x0000000771d00000| Untracked 
|  30|0x0000000771e00000, 0x0000000771e00000, 0x0000000771f00000|  0%| F|  |TAMS 0x0000000771e00000, 0x0000000771e00000| Untracked 
|  31|0x0000000771f00000, 0x0000000771f00000, 0x0000000772000000|  0%| F|  |TAMS 0x0000000771f00000, 0x0000000771f00000| Untracked 
|  32|0x0000000772000000, 0x0000000772000000, 0x0000000772100000|  0%| F|  |TAMS 0x0000000772000000, 0x0000000772000000| Untracked 
|  33|0x0000000772100000, 0x0000000772100000, 0x0000000772200000|  0%| F|  |TAMS 0x0000000772100000, 0x0000000772100000| Untracked 
|  34|0x0000000772200000, 0x0000000772200000, 0x0000000772300000|  0%| F|  |TAMS 0x0000000772200000, 0x0000000772200000| Untracked 
|  35|0x0000000772300000, 0x0000000772300000, 0x0000000772400000|  0%| F|  |TAMS 0x0000000772300000, 0x0000000772300000| Untracked 
|  36|0x0000000772400000, 0x0000000772400000, 0x0000000772500000|  0%| F|  |TAMS 0x0000000772400000, 0x0000000772400000| Untracked 
|  37|0x0000000772500000, 0x0000000772500000, 0x0000000772600000|  0%| F|  |TAMS 0x0000000772500000, 0x0000000772500000| Untracked 
|  38|0x0000000772600000, 0x0000000772600000, 0x0000000772700000|  0%| F|  |TAMS 0x0000000772600000, 0x0000000772600000| Untracked 
|  39|0x0000000772700000, 0x0000000772700000, 0x0000000772800000|  0%| F|  |TAMS 0x0000000772700000, 0x0000000772700000| Untracked 
|  40|0x0000000772800000, 0x0000000772800000, 0x0000000772900000|  0%| F|  |TAMS 0x0000000772800000, 0x0000000772800000| Untracked 
|  41|0x0000000772900000, 0x0000000772900000, 0x0000000772a00000|  0%| F|  |TAMS 0x0000000772900000, 0x0000000772900000| Untracked 
|  42|0x0000000772a00000, 0x0000000772a00000, 0x0000000772b00000|  0%| F|  |TAMS 0x0000000772a00000, 0x0000000772a00000| Untracked 
|  43|0x0000000772b00000, 0x0000000772b00000, 0x0000000772c00000|  0%| F|  |TAMS 0x0000000772b00000, 0x0000000772b00000| Untracked 
|  44|0x0000000772c00000, 0x0000000772c00000, 0x0000000772d00000|  0%| F|  |TAMS 0x0000000772c00000, 0x0000000772c00000| Untracked 
|  45|0x0000000772d00000, 0x0000000772d00000, 0x0000000772e00000|  0%| F|  |TAMS 0x0000000772d00000, 0x0000000772d00000| Untracked 
|  46|0x0000000772e00000, 0x0000000772e00000, 0x0000000772f00000|  0%| F|  |TAMS 0x0000000772e00000, 0x0000000772e00000| Untracked 
|  47|0x0000000772f00000, 0x0000000772f00000, 0x0000000773000000|  0%| F|  |TAMS 0x0000000772f00000, 0x0000000772f00000| Untracked 
|  48|0x0000000773000000, 0x0000000773000000, 0x0000000773100000|  0%| F|  |TAMS 0x0000000773000000, 0x0000000773000000| Untracked 
|  49|0x0000000773100000, 0x0000000773100000, 0x0000000773200000|  0%| F|  |TAMS 0x0000000773100000, 0x0000000773100000| Untracked 
|  50|0x0000000773200000, 0x0000000773200000, 0x0000000773300000|  0%| F|  |TAMS 0x0000000773200000, 0x0000000773200000| Untracked 
|  51|0x0000000773300000, 0x0000000773300000, 0x0000000773400000|  0%| F|  |TAMS 0x0000000773300000, 0x0000000773300000| Untracked 
|  52|0x0000000773400000, 0x0000000773400000, 0x0000000773500000|  0%| F|  |TAMS 0x0000000773400000, 0x0000000773400000| Untracked 
|  53|0x0000000773500000, 0x0000000773500000, 0x0000000773600000|  0%| F|  |TAMS 0x0000000773500000, 0x0000000773500000| Untracked 
|  54|0x0000000773600000, 0x0000000773600000, 0x0000000773700000|  0%| F|  |TAMS 0x0000000773600000, 0x0000000773600000| Untracked 
|  55|0x0000000773700000, 0x0000000773700000, 0x0000000773800000|  0%| F|  |TAMS 0x0000000773700000, 0x0000000773700000| Untracked 
|  56|0x0000000773800000, 0x0000000773800000, 0x0000000773900000|  0%| F|  |TAMS 0x0000000773800000, 0x0000000773800000| Untracked 
|  57|0x0000000773900000, 0x0000000773900000, 0x0000000773a00000|  0%| F|  |TAMS 0x0000000773900000, 0x0000000773900000| Untracked 
|  58|0x0000000773a00000, 0x0000000773a00000, 0x0000000773b00000|  0%| F|  |TAMS 0x0000000773a00000, 0x0000000773a00000| Untracked 
|  59|0x0000000773b00000, 0x0000000773b00000, 0x0000000773c00000|  0%| F|  |TAMS 0x0000000773b00000, 0x0000000773b00000| Untracked 
|  60|0x0000000773c00000, 0x0000000773c00000, 0x0000000773d00000|  0%| F|  |TAMS 0x0000000773c00000, 0x0000000773c00000| Untracked 
|  61|0x0000000773d00000, 0x0000000773d00000, 0x0000000773e00000|  0%| F|  |TAMS 0x0000000773d00000, 0x0000000773d00000| Untracked 
|  62|0x0000000773e00000, 0x0000000773e00000, 0x0000000773f00000|  0%| F|  |TAMS 0x0000000773e00000, 0x0000000773e00000| Untracked 
|  63|0x0000000773f00000, 0x0000000773f00000, 0x0000000774000000|  0%| F|  |TAMS 0x0000000773f00000, 0x0000000773f00000| Untracked 
|  64|0x0000000774000000, 0x0000000774000000, 0x0000000774100000|  0%| F|  |TAMS 0x0000000774000000, 0x0000000774000000| Untracked 
|  65|0x0000000774100000, 0x0000000774100000, 0x0000000774200000|  0%| F|  |TAMS 0x0000000774100000, 0x0000000774100000| Untracked 
|  66|0x0000000774200000, 0x0000000774200000, 0x0000000774300000|  0%| F|  |TAMS 0x0000000774200000, 0x0000000774200000| Untracked 
|  67|0x0000000774300000, 0x0000000774300000, 0x0000000774400000|  0%| F|  |TAMS 0x0000000774300000, 0x0000000774300000| Untracked 
|  68|0x0000000774400000, 0x0000000774400000, 0x0000000774500000|  0%| F|  |TAMS 0x0000000774400000, 0x0000000774400000| Untracked 
|  69|0x0000000774500000, 0x0000000774500000, 0x0000000774600000|  0%| F|  |TAMS 0x0000000774500000, 0x0000000774500000| Untracked 
|  70|0x0000000774600000, 0x0000000774600000, 0x0000000774700000|  0%| F|  |TAMS 0x0000000774600000, 0x0000000774600000| Untracked 
|  71|0x0000000774700000, 0x0000000774700000, 0x0000000774800000|  0%| F|  |TAMS 0x0000000774700000, 0x0000000774700000| Untracked 
|  72|0x0000000774800000, 0x0000000774800000, 0x0000000774900000|  0%| F|  |TAMS 0x0000000774800000, 0x0000000774800000| Untracked 
|  73|0x0000000774900000, 0x0000000774900000, 0x0000000774a00000|  0%| F|  |TAMS 0x0000000774900000, 0x0000000774900000| Untracked 
|  74|0x0000000774a00000, 0x0000000774a00000, 0x0000000774b00000|  0%| F|  |TAMS 0x0000000774a00000, 0x0000000774a00000| Untracked 
|  75|0x0000000774b00000, 0x0000000774b00000, 0x0000000774c00000|  0%| F|  |TAMS 0x0000000774b00000, 0x0000000774b00000| Untracked 
|  76|0x0000000774c00000, 0x0000000774c00000, 0x0000000774d00000|  0%| F|  |TAMS 0x0000000774c00000, 0x0000000774c00000| Untracked 
|  77|0x0000000774d00000, 0x0000000774d00000, 0x0000000774e00000|  0%| F|  |TAMS 0x0000000774d00000, 0x0000000774d00000| Untracked 
|  78|0x0000000774e00000, 0x0000000774e00000, 0x0000000774f00000|  0%| F|  |TAMS 0x0000000774e00000, 0x0000000774e00000| Untracked 
|  79|0x0000000774f00000, 0x0000000774f00000, 0x0000000775000000|  0%| F|  |TAMS 0x0000000774f00000, 0x0000000774f00000| Untracked 
|  80|0x0000000775000000, 0x0000000775000000, 0x0000000775100000|  0%| F|  |TAMS 0x0000000775000000, 0x0000000775000000| Untracked 
|  81|0x0000000775100000, 0x0000000775100000, 0x0000000775200000|  0%| F|  |TAMS 0x0000000775100000, 0x0000000775100000| Untracked 
|  82|0x0000000775200000, 0x0000000775200000, 0x0000000775300000|  0%| F|  |TAMS 0x0000000775200000, 0x0000000775200000| Untracked 
|  83|0x0000000775300000, 0x0000000775300000, 0x0000000775400000|  0%| F|  |TAMS 0x0000000775300000, 0x0000000775300000| Untracked 
|  84|0x0000000775400000, 0x0000000775400000, 0x0000000775500000|  0%| F|  |TAMS 0x0000000775400000, 0x0000000775400000| Untracked 
|  85|0x0000000775500000, 0x0000000775500000, 0x0000000775600000|  0%| F|  |TAMS 0x0000000775500000, 0x0000000775500000| Untracked 
|  86|0x0000000775600000, 0x0000000775600000, 0x0000000775700000|  0%| F|  |TAMS 0x0000000775600000, 0x0000000775600000| Untracked 
|  87|0x0000000775700000, 0x0000000775700000, 0x0000000775800000|  0%| F|  |TAMS 0x0000000775700000, 0x0000000775700000| Untracked 
|  88|0x0000000775800000, 0x0000000775800000, 0x0000000775900000|  0%| F|  |TAMS 0x0000000775800000, 0x0000000775800000| Untracked 
|  89|0x0000000775900000, 0x0000000775900000, 0x0000000775a00000|  0%| F|  |TAMS 0x0000000775900000, 0x0000000775900000| Untracked 
|  90|0x0000000775a00000, 0x0000000775a00000, 0x0000000775b00000|  0%| F|  |TAMS 0x0000000775a00000, 0x0000000775a00000| Untracked 
|  91|0x0000000775b00000, 0x0000000775b00000, 0x0000000775c00000|  0%| F|  |TAMS 0x0000000775b00000, 0x0000000775b00000| Untracked 
|  92|0x0000000775c00000, 0x0000000775c00000, 0x0000000775d00000|  0%| F|  |TAMS 0x0000000775c00000, 0x0000000775c00000| Untracked 
|  93|0x0000000775d00000, 0x0000000775d00000, 0x0000000775e00000|  0%| F|  |TAMS 0x0000000775d00000, 0x0000000775d00000| Untracked 
|  94|0x0000000775e00000, 0x0000000775e00000, 0x0000000775f00000|  0%| F|  |TAMS 0x0000000775e00000, 0x0000000775e00000| Untracked 
|  95|0x0000000775f00000, 0x0000000775f00000, 0x0000000776000000|  0%| F|  |TAMS 0x0000000775f00000, 0x0000000775f00000| Untracked 
|  96|0x0000000776000000, 0x0000000776000000, 0x0000000776100000|  0%| F|  |TAMS 0x0000000776000000, 0x0000000776000000| Untracked 
|  97|0x0000000776100000, 0x0000000776100000, 0x0000000776200000|  0%| F|  |TAMS 0x0000000776100000, 0x0000000776100000| Untracked 
|  98|0x0000000776200000, 0x0000000776200000, 0x0000000776300000|  0%| F|  |TAMS 0x0000000776200000, 0x0000000776200000| Untracked 
|  99|0x0000000776300000, 0x0000000776300000, 0x0000000776400000|  0%| F|  |TAMS 0x0000000776300000, 0x0000000776300000| Untracked 
| 100|0x0000000776400000, 0x0000000776400000, 0x0000000776500000|  0%| F|  |TAMS 0x0000000776400000, 0x0000000776400000| Untracked 
| 101|0x0000000776500000, 0x0000000776500000, 0x0000000776600000|  0%| F|  |TAMS 0x0000000776500000, 0x0000000776500000| Untracked 
| 102|0x0000000776600000, 0x0000000776600000, 0x0000000776700000|  0%| F|  |TAMS 0x0000000776600000, 0x0000000776600000| Untracked 
| 103|0x0000000776700000, 0x0000000776700000, 0x0000000776800000|  0%| F|  |TAMS 0x0000000776700000, 0x0000000776700000| Untracked 
| 104|0x0000000776800000, 0x0000000776800000, 0x0000000776900000|  0%| F|  |TAMS 0x0000000776800000, 0x0000000776800000| Untracked 
| 105|0x0000000776900000, 0x0000000776900000, 0x0000000776a00000|  0%| F|  |TAMS 0x0000000776900000, 0x0000000776900000| Untracked 
| 106|0x0000000776a00000, 0x0000000776a00000, 0x0000000776b00000|  0%| F|  |TAMS 0x0000000776a00000, 0x0000000776a00000| Untracked 
| 107|0x0000000776b00000, 0x0000000776b00000, 0x0000000776c00000|  0%| F|  |TAMS 0x0000000776b00000, 0x0000000776b00000| Untracked 
| 108|0x0000000776c00000, 0x0000000776c00000, 0x0000000776d00000|  0%| F|  |TAMS 0x0000000776c00000, 0x0000000776c00000| Untracked 
| 109|0x0000000776d00000, 0x0000000776d00000, 0x0000000776e00000|  0%| F|  |TAMS 0x0000000776d00000, 0x0000000776d00000| Untracked 
| 110|0x0000000776e00000, 0x0000000776e00000, 0x0000000776f00000|  0%| F|  |TAMS 0x0000000776e00000, 0x0000000776e00000| Untracked 
| 111|0x0000000776f00000, 0x0000000776f00000, 0x0000000777000000|  0%| F|  |TAMS 0x0000000776f00000, 0x0000000776f00000| Untracked 
| 112|0x0000000777000000, 0x0000000777000000, 0x0000000777100000|  0%| F|  |TAMS 0x0000000777000000, 0x0000000777000000| Untracked 
| 113|0x0000000777100000, 0x0000000777100000, 0x0000000777200000|  0%| F|  |TAMS 0x0000000777100000, 0x0000000777100000| Untracked 
| 114|0x0000000777200000, 0x0000000777200000, 0x0000000777300000|  0%| F|  |TAMS 0x0000000777200000, 0x0000000777200000| Untracked 
| 115|0x0000000777300000, 0x0000000777300000, 0x0000000777400000|  0%| F|  |TAMS 0x0000000777300000, 0x0000000777300000| Untracked 
| 116|0x0000000777400000, 0x0000000777400000, 0x0000000777500000|  0%| F|  |TAMS 0x0000000777400000, 0x0000000777400000| Untracked 
| 117|0x0000000777500000, 0x0000000777500000, 0x0000000777600000|  0%| F|  |TAMS 0x0000000777500000, 0x0000000777500000| Untracked 
| 118|0x0000000777600000, 0x0000000777600000, 0x0000000777700000|  0%| F|  |TAMS 0x0000000777600000, 0x0000000777600000| Untracked 
| 119|0x0000000777700000, 0x0000000777700000, 0x0000000777800000|  0%| F|  |TAMS 0x0000000777700000, 0x0000000777700000| Untracked 
| 120|0x0000000777800000, 0x0000000777800000, 0x0000000777900000|  0%| F|  |TAMS 0x0000000777800000, 0x0000000777800000| Untracked 
| 121|0x0000000777900000, 0x0000000777900000, 0x0000000777a00000|  0%| F|  |TAMS 0x0000000777900000, 0x0000000777900000| Untracked 
| 122|0x0000000777a00000, 0x0000000777a00000, 0x0000000777b00000|  0%| F|  |TAMS 0x0000000777a00000, 0x0000000777a00000| Untracked 
| 123|0x0000000777b00000, 0x0000000777b00000, 0x0000000777c00000|  0%| F|  |TAMS 0x0000000777b00000, 0x0000000777b00000| Untracked 
| 124|0x0000000777c00000, 0x0000000777c00000, 0x0000000777d00000|  0%| F|  |TAMS 0x0000000777c00000, 0x0000000777c00000| Untracked 
| 125|0x0000000777d00000, 0x0000000777d00000, 0x0000000777e00000|  0%| F|  |TAMS 0x0000000777d00000, 0x0000000777d00000| Untracked 
| 126|0x0000000777e00000, 0x0000000777e00000, 0x0000000777f00000|  0%| F|  |TAMS 0x0000000777e00000, 0x0000000777e00000| Untracked 
| 127|0x0000000777f00000, 0x0000000777f00000, 0x0000000778000000|  0%| F|  |TAMS 0x0000000777f00000, 0x0000000777f00000| Untracked 
| 128|0x0000000778000000, 0x0000000778000000, 0x0000000778100000|  0%| F|  |TAMS 0x0000000778000000, 0x0000000778000000| Untracked 
| 129|0x0000000778100000, 0x0000000778100000, 0x0000000778200000|  0%| F|  |TAMS 0x0000000778100000, 0x0000000778100000| Untracked 
| 130|0x0000000778200000, 0x0000000778200000, 0x0000000778300000|  0%| F|  |TAMS 0x0000000778200000, 0x0000000778200000| Untracked 
| 131|0x0000000778300000, 0x0000000778300000, 0x0000000778400000|  0%| F|  |TAMS 0x0000000778300000, 0x0000000778300000| Untracked 
| 132|0x0000000778400000, 0x0000000778400000, 0x0000000778500000|  0%| F|  |TAMS 0x0000000778400000, 0x0000000778400000| Untracked 
| 133|0x0000000778500000, 0x0000000778500000, 0x0000000778600000|  0%| F|  |TAMS 0x0000000778500000, 0x0000000778500000| Untracked 
| 134|0x0000000778600000, 0x0000000778600000, 0x0000000778700000|  0%| F|  |TAMS 0x0000000778600000, 0x0000000778600000| Untracked 
| 135|0x0000000778700000, 0x0000000778700000, 0x0000000778800000|  0%| F|  |TAMS 0x0000000778700000, 0x0000000778700000| Untracked 
| 136|0x0000000778800000, 0x0000000778900000, 0x0000000778900000|100%| S|CS|TAMS 0x0000000778800000, 0x0000000778800000| Complete 
| 137|0x0000000778900000, 0x0000000778900000, 0x0000000778a00000|  0%| F|  |TAMS 0x0000000778900000, 0x0000000778900000| Untracked 
| 138|0x0000000778a00000, 0x0000000778a00000, 0x0000000778b00000|  0%| F|  |TAMS 0x0000000778a00000, 0x0000000778a00000| Untracked 
| 139|0x0000000778b00000, 0x0000000778b00000, 0x0000000778c00000|  0%| F|  |TAMS 0x0000000778b00000, 0x0000000778b00000| Untracked 
| 140|0x0000000778c00000, 0x0000000778c00000, 0x0000000778d00000|  0%| F|  |TAMS 0x0000000778c00000, 0x0000000778c00000| Untracked 
| 141|0x0000000778d00000, 0x0000000778d691d0, 0x0000000778e00000| 41%| E|  |TAMS 0x0000000778d00000, 0x0000000778d00000| Complete 
| 142|0x0000000778e00000, 0x0000000778f00000, 0x0000000778f00000|100%| E|CS|TAMS 0x0000000778e00000, 0x0000000778e00000| Complete 
| 143|0x0000000778f00000, 0x0000000779000000, 0x0000000779000000|100%| E|CS|TAMS 0x0000000778f00000, 0x0000000778f00000| Complete 

Card table byte_map: [0x0000026641ee0000,0x0000026642360000] _byte_map_base: 0x000002663e360000

Marking Bits (Prev, Next): (CMBitMap*) 0x0000026628b519c8, (CMBitMap*) 0x0000026628b51a00
 Prev Bits: [0x00000266427e0000, 0x0000026644be0000)
 Next Bits: [0x0000026644be0000, 0x0000026646fe0000)

Polling page: 0x0000026628950000

Metaspace:

Usage:
  Non-class:     10.17 MB capacity,    10.00 MB ( 98%) used,   160.00 KB (  2%) free+waste,    19.06 KB ( <1%) overhead. 
      Class:      1.13 MB capacity,     1.03 MB ( 92%) used,    88.02 KB (  8%) free+waste,     9.06 KB ( <1%) overhead. 
       Both:     11.30 MB capacity,    11.03 MB ( 98%) used,   248.02 KB (  2%) free+waste,    28.13 KB ( <1%) overhead. 

Virtual space:
  Non-class space:       12.00 MB reserved,      10.25 MB ( 85%) committed 
      Class space:        1.00 GB reserved,       1.25 MB ( <1%) committed 
             Both:        1.01 GB reserved,      11.50 MB (  1%) committed 

Chunk freelists:
   Non-Class:  2.13 KB
       Class:  0 bytes
        Both:  2.13 KB

CodeHeap 'non-profiled nmethods': size=120064Kb used=224Kb max_used=224Kb free=119839Kb
 bounds [0x000002663a120000, 0x000002663a390000, 0x0000026641660000]
CodeHeap 'profiled nmethods': size=120000Kb used=1267Kb max_used=1267Kb free=118732Kb
 bounds [0x0000026632bf0000, 0x0000026632e60000, 0x000002663a120000]
CodeHeap 'non-nmethods': size=5696Kb used=1134Kb max_used=1148Kb free=4561Kb
 bounds [0x0000026632660000, 0x00000266328d0000, 0x0000026632bf0000]
 total_blobs=1329 nmethods=734 adapters=366
 compilation: enabled
              stopped_count=0, restarted_count=0
 full_count=0

Compilation events (10 events):
Event: 2.343 Thread 0x00000266493ef000  727       3       java.util.Arrays$ArrayItr::hasNext (18 bytes)
Event: 2.343 Thread 0x00000266493ef000 nmethod 727 0x0000026632d2a890 code [0x0000026632d2aa40, 0x0000026632d2ac18]
Event: 2.343 Thread 0x00000266493ef000  729       3       java.util.ArrayList::newCapacity (65 bytes)
Event: 2.343 Thread 0x00000266493ef000 nmethod 729 0x0000026632d2ad10 code [0x0000026632d2af20, 0x0000026632d2b520]
Event: 2.343 Thread 0x00000266493ef000  730       3       java.lang.invoke.MemberName::<init> (25 bytes)
Event: 2.343 Thread 0x00000266493ed000  733       4       java.lang.invoke.LambdaForm$Name::useCount (42 bytes)
Event: 2.343 Thread 0x00000266493ef000 nmethod 730 0x0000026632d2b690 code [0x0000026632d2b880, 0x0000026632d2bb10]
Event: 2.343 Thread 0x00000266493ef000  731       3       java.lang.invoke.MethodHandles$Lookup::resolveOrFail (42 bytes)
Event: 2.344 Thread 0x00000266493ef000 nmethod 731 0x0000026632d2bc90 code [0x0000026632d2bf20, 0x0000026632d2c8b0]
Event: 2.345 Thread 0x00000266493ed000 nmethod 733 0x000002663a157b10 code [0x000002663a157ca0, 0x000002663a157d98]

GC Heap History (2 events):
Event: 1.715 GC heap before
{Heap before GC invocations=0 (full 0):
 garbage-first heap   total 147456K, used 6144K [0x0000000770000000, 0x0000000800000000)
  region size 1024K, 7 young (7168K), 0 survivors (0K)
 Metaspace       used 9611K, capacity 9878K, committed 9984K, reserved 1058816K
  class space    used 870K, capacity 949K, committed 1024K, reserved 1048576K
}
Event: 1.820 GC heap after
{Heap after GC invocations=1 (full 0):
 garbage-first heap   total 147456K, used 3487K [0x0000000770000000, 0x0000000800000000)
  region size 1024K, 1 young (1024K), 1 survivors (1024K)
 Metaspace       used 9611K, capacity 9878K, committed 9984K, reserved 1058816K
  class space    used 870K, capacity 949K, committed 1024K, reserved 1048576K
}

Deoptimization events (2 events):
Event: 0.545 Thread 0x0000026628b0c000 Uncommon trap: reason=unstable_if action=reinterpret pc=0x000002663a12b7ac method=java.util.HashMap.putVal(ILjava/lang/Object;Ljava/lang/Object;ZZ)Ljava/lang/Object; @ 69 c2
Event: 1.002 Thread 0x0000026628b0c000 Uncommon trap: reason=unstable_if action=reinterpret pc=0x000002663a124a94 method=java.lang.String.isLatin1()Z @ 10 c2

Classes redefined (0 events):
No events

Internal exceptions (10 events):
Event: 1.607 Thread 0x0000026628b0c000 Exception <a 'java/io/FileNotFoundException'{0x000000077897c078}> (0x000000077897c078) thrown at [t:/workspace/open/src/hotspot/share/prims/jni.cpp, line 615]
Event: 1.697 Thread 0x0000026628b0c000 Exception <a 'java/lang/NoSuchMethodError'{0x00000007789db3e8}: java.lang.invoke.DirectMethodHandle$Holder.invokeStatic(Ljava/lang/Object;Ljava/lang/Object;Ljava/lang/Object;Ljava/lang/Object;Ljava/lang/Object;Ljava/lang/Object;Ljava/lang/Object;Ljava/lan
Event: 1.704 Thread 0x0000026628b0c000 Exception <a 'java/lang/NoSuchMethodError'{0x00000007789ec228}: java.lang.invoke.DirectMethodHandle$Holder.invokeStatic(Ljava/lang/Object;Ljava/lang/Object;Ljava/lang/Object;Ljava/lang/Object;Ljava/lang/Object;Ljava/lang/Object;Ljava/lang/Object;Ljava/lan
Event: 1.714 Thread 0x0000026628b0c000 Exception <a 'java/lang/NoSuchMethodError'{0x00000007789f9e90}: java.lang.invoke.DirectMethodHandle$Holder.invokeSpecial(Ljava/lang/Object;Ljava/lang/Object;IILjava/lang/Object;Ljava/lang/Object;Ljava/lang/Object;)Ljava/lang/Object;> (0x00000007789f9e90) 
Event: 1.714 Thread 0x0000026628b0c000 Exception <a 'java/lang/NoSuchMethodError'{0x00000007789fd660}: java.lang.invoke.DelegatingMethodHandle$Holder.reinvoke_L(Ljava/lang/Object;IILjava/lang/Object;Ljava/lang/Object;Ljava/lang/Object;)Ljava/lang/Object;> (0x00000007789fd660) thrown at [t:/wor
Event: 1.825 Thread 0x0000026628b0c000 Exception <a 'java/lang/NoSuchMethodError'{0x0000000778f02728}: java.lang.invoke.DirectMethodHandle$Holder.invokeStatic(Ljava/lang/Object;Ljava/lang/Object;Ljava/lang/Object;Ljava/lang/Object;I)Ljava/lang/Object;> (0x0000000778f02728) thrown at [t:/worksp
Event: 1.856 Thread 0x0000026628b0c000 Exception <a 'java/io/FileNotFoundException'{0x0000000778f6a500}> (0x0000000778f6a500) thrown at [t:/workspace/open/src/hotspot/share/prims/jni.cpp, line 615]
Event: 2.329 Thread 0x000002664a528000 Exception <a 'java/lang/NoSuchMethodError'{0x0000000778d00a98}: java.lang.invoke.DirectMethodHandle$Holder.invokeSpecial(Ljava/lang/Object;Ljava/lang/Object;)V> (0x0000000778d00a98) thrown at [t:/workspace/open/src/hotspot/share/interpreter/linkResolver.c
Event: 2.340 Thread 0x0000026628b0c000 Exception <a 'java/lang/NoSuchMethodError'{0x0000000778d2fce0}: java.lang.invoke.DirectMethodHandle$Holder.invokeStatic(Ljava/lang/Object;Ljava/lang/Object;Ljava/lang/Object;Ljava/lang/Object;Ljava/lang/Object;Ljava/lang/Object;Ljava/lang/Object;Ljava/lan
Event: 2.343 Thread 0x0000026628b0c000 Exception <a 'java/lang/NoSuchMethodError'{0x0000000778d4ab00}: java.lang.invoke.DirectMethodHandle$Holder.invokeStatic(Ljava/lang/Object;Ljava/lang/Object;Ljava/lang/Object;Ljava/lang/Object;Ljava/lang/Object;Ljava/lang/Object;Ljava/lang/Object;Ljava/lan

Events (10 events):
Event: 2.359 loading class sun/java2d/pipe/RenderBuffer
Event: 2.360 loading class sun/java2d/pipe/RenderBuffer done
Event: 2.360 loading class sun/java2d/d3d/D3DRenderQueue$1
Event: 2.360 loading class sun/java2d/d3d/D3DRenderQueue$1 done
Event: 2.360 loading class java/lang/invoke/VarHandle$AccessDescriptor
Event: 2.360 loading class java/lang/invoke/VarHandle$AccessDescriptor done
Event: 2.360 loading class sun/java2d/d3d/D3DGraphicsDevice$1Result
Event: 2.360 loading class sun/java2d/d3d/D3DGraphicsDevice$1Result done
Event: 2.360 loading class sun/java2d/d3d/D3DGraphicsDevice$1
Event: 2.360 loading class sun/java2d/d3d/D3DGraphicsDevice$1 done


Dynamic libraries:
0x00007ff7d9460000 - 0x00007ff7d94a7000 	C:\Program Files\Java\jdk-11.0.3\bin\java.exe
0x00007ffde8400000 - 0x00007ffde85f0000 	C:\Windows\SYSTEM32\ntdll.dll
0x00007ffde7b60000 - 0x00007ffde7c12000 	C:\Windows\System32\KERNEL32.DLL
0x00007ffde5e80000 - 0x00007ffde6123000 	C:\Windows\System32\KERNELBASE.dll
0x00007ffde67b0000 - 0x00007ffde6853000 	C:\Windows\System32\ADVAPI32.dll
0x00007ffde8250000 - 0x00007ffde82ee000 	C:\Windows\System32\msvcrt.dll
0x00007ffde6860000 - 0x00007ffde68f7000 	C:\Windows\System32\sechost.dll
0x00007ffde70b0000 - 0x00007ffde71d0000 	C:\Windows\System32\RPCRT4.dll
0x00007ffde79c0000 - 0x00007ffde7b54000 	C:\Windows\System32\USER32.dll
0x00007ffde6380000 - 0x00007ffde63a1000 	C:\Windows\System32\win32u.dll
0x00007ffde81c0000 - 0x00007ffde81e6000 	C:\Windows\System32\GDI32.dll
0x00007ffde6130000 - 0x00007ffde62c4000 	C:\Windows\System32\gdi32full.dll
0x00007ffde5de0000 - 0x00007ffde5e7e000 	C:\Windows\System32\msvcp_win.dll
0x00007ffde63b0000 - 0x00007ffde64aa000 	C:\Windows\System32\ucrtbase.dll
0x00007ffdd75d0000 - 0x00007ffdd7855000 	C:\Windows\WinSxS\amd64_microsoft.windows.common-controls_6595b64144ccf1df_6.0.18362.418_none_e6c6b287130d565d\COMCTL32.dll
0x00007ffde7cd0000 - 0x00007ffde8006000 	C:\Windows\System32\combase.dll
0x00007ffde5b10000 - 0x00007ffde5b90000 	C:\Windows\System32\bcryptPrimitives.dll
0x00007ffde0d10000 - 0x00007ffde0d1a000 	C:\Windows\SYSTEM32\VERSION.dll
0x00007ffde7330000 - 0x00007ffde735e000 	C:\Windows\System32\IMM32.DLL
0x00007ffde1bd0000 - 0x00007ffde1be6000 	C:\Program Files\Java\jdk-11.0.3\bin\vcruntime140.dll
0x00007ffdbd6b0000 - 0x00007ffdbd75a000 	C:\Program Files\Java\jdk-11.0.3\bin\msvcp140.dll
0x00007ffd9c310000 - 0x00007ffd9ce37000 	C:\Program Files\Java\jdk-11.0.3\bin\server\jvm.dll
0x00007ffde79b0000 - 0x00007ffde79b8000 	C:\Windows\System32\PSAPI.DLL
0x00007ffde1c00000 - 0x00007ffde1c09000 	C:\Windows\SYSTEM32\WSOCK32.dll
0x00007ffde8150000 - 0x00007ffde81bf000 	C:\Windows\System32\WS2_32.dll
0x00007ffde3300000 - 0x00007ffde3324000 	C:\Windows\SYSTEM32\WINMM.dll
0x00007ffde32d0000 - 0x00007ffde32fd000 	C:\Windows\SYSTEM32\WINMMBASE.dll
0x00007ffde6330000 - 0x00007ffde637a000 	C:\Windows\System32\cfgmgr32.dll
0x00007ffde52e0000 - 0x00007ffde52f1000 	C:\Windows\System32\kernel.appcore.dll
0x00007ffddf5b0000 - 0x00007ffddf5c1000 	C:\Program Files\Java\jdk-11.0.3\bin\verify.dll
0x00007ffdd8a80000 - 0x00007ffdd8c74000 	C:\Windows\SYSTEM32\DBGHELP.DLL
0x00007ffdd82f0000 - 0x00007ffdd831a000 	C:\Windows\SYSTEM32\dbgcore.DLL
0x00007ffdc0290000 - 0x00007ffdc02b9000 	C:\Program Files\Java\jdk-11.0.3\bin\java.dll
0x00007ffdbf990000 - 0x00007ffdbf9bf000 	C:\Program Files\Java\jdk-11.0.3\bin\instrument.dll
0x00007ffdce090000 - 0x00007ffdce0a6000 	C:\Program Files\Java\jdk-11.0.3\bin\zip.dll
0x00007ffddf3d0000 - 0x00007ffddf3da000 	C:\Program Files\Java\jdk-11.0.3\bin\jimage.dll
0x00007ffde6960000 - 0x00007ffde7045000 	C:\Windows\System32\SHELL32.dll
0x00007ffde6700000 - 0x00007ffde67a9000 	C:\Windows\System32\shcore.dll
0x00007ffde5390000 - 0x00007ffde5b0f000 	C:\Windows\System32\windows.storage.dll
0x00007ffde5300000 - 0x00007ffde531f000 	C:\Windows\System32\profapi.dll
0x00007ffde5340000 - 0x00007ffde538a000 	C:\Windows\System32\powrprof.dll
0x00007ffde52d0000 - 0x00007ffde52e0000 	C:\Windows\System32\UMPDC.dll
0x00007ffde7050000 - 0x00007ffde70a2000 	C:\Windows\System32\shlwapi.dll
0x00007ffde5d90000 - 0x00007ffde5da7000 	C:\Windows\System32\cryptsp.dll
0x00007ffdcc580000 - 0x00007ffdcc599000 	C:\Program Files\Java\jdk-11.0.3\bin\net.dll
0x00007ffde0700000 - 0x00007ffde07f0000 	C:\Windows\SYSTEM32\WINHTTP.dll
0x00007ffddecc0000 - 0x00007ffddee96000 	C:\Windows\SYSTEM32\urlmon.dll
0x00007ffddea10000 - 0x00007ffddecb6000 	C:\Windows\SYSTEM32\iertutil.dll
0x00007ffde4cb0000 - 0x00007ffde4cbc000 	C:\Windows\SYSTEM32\CRYPTBASE.DLL
0x00007ffde4ae0000 - 0x00007ffde4b47000 	C:\Windows\system32\mswsock.dll
0x00007ffdc6540000 - 0x00007ffdc6553000 	C:\Program Files\Java\jdk-11.0.3\bin\nio.dll
0x00007ffdc63f0000 - 0x00007ffdc640a000 	C:\Users\TAYE\AppData\Local\JetBrains\IntelliJ IDEA Community Edition 2019.2.1\bin\breakgen64.dll
0x00007ffdb5e30000 - 0x00007ffdb5fcf000 	C:\Program Files\Java\jdk-11.0.3\bin\awt.dll
0x00007ffde82f0000 - 0x00007ffde83b4000 	C:\Windows\System32\OLEAUT32.dll
0x00007ffde1e40000 - 0x00007ffde2400000 	C:\Windows\SYSTEM32\d2d1.dll
0x00007ffde3530000 - 0x00007ffde35bf000 	C:\Windows\SYSTEM32\apphelp.dll
0x00007ffde3a50000 - 0x00007ffde3a7d000 	C:\Windows\system32\DWMAPI.DLL
0x00007ffde3610000 - 0x00007ffde36a9000 	C:\Windows\system32\uxtheme.dll
0x00007ffdb4ea0000 - 0x00007ffdb4ff6000 	C:\Windows\system32\opengl32.dll
0x00007ffdd5080000 - 0x00007ffdd50ac000 	C:\Windows\SYSTEM32\GLU32.dll
0x00007ffde3f20000 - 0x00007ffde3f40000 	C:\Windows\SYSTEM32\dxcore.dll
0x00007ffde8010000 - 0x00007ffde8146000 	C:\Windows\System32\MSCTF.dll
0x00007ffde71d0000 - 0x00007ffde7326000 	C:\Windows\System32\ole32.dll
0x00007ffda82a0000 - 0x00007ffda8467000 	C:\Windows\system32\d3d9.dll
0x00007ffddb260000 - 0x00007ffddb49f000 	C:\Windows\SYSTEM32\VBoxDispD3D.dll
0x00007ffddb0b0000 - 0x00007ffddb25f000 	C:\Windows\system32\VBoxSVGA.dll
0x00007ffddaf80000 - 0x00007ffddb0af000 	C:\Windows\system32\VBoxNine.dll

dbghelp: loaded successfully - version: 4.0.5 - missing functions: none
symbol engine: initialized successfully - sym options: 0x614 - pdb path: .;C:\Program Files\Java\jdk-11.0.3\bin;C:\Windows\SYSTEM32;C:\Windows\WinSxS\amd64_microsoft.windows.common-controls_6595b64144ccf1df_6.0.18362.418_none_e6c6b287130d565d;C:\Program Files\Java\jdk-11.0.3\bin\server;C:\Users\TAYE\AppData\Local\JetBrains\IntelliJ IDEA Community Edition 2019.2.1\bin

VM Arguments:
jvm_args: -javaagent:C:\Users\TAYE\.IdeaIC2019.2\system\testAgent\intellij-coverage-agent-1.0.508.jar=C:\Users\TAYE\AppData\Local\Temp\coverageargs -javaagent:C:\Users\TAYE\AppData\Local\JetBrains\IntelliJ IDEA Community Edition 2019.2.1\lib\idea_rt.jar=53376:C:\Users\TAYE\AppData\Local\JetBrains\IntelliJ IDEA Community Edition 2019.2.1\bin -Dfile.encoding=UTF-8 
java_command: com.javarush.task.task34.task3410.controller.Controller
java_class_path (initial): C:\Users\TAYE\Sync\JavaRushTasks\out\production\4.JavaCollections;C:\Users\TAYE\Sync\JavaRushTasks\out\production\3.JavaMultithreading;C:\Users\TAYE\Sync\JavaRushTasks\out\production\2.JavaCore;C:\Users\TAYE\Sync\jackson-databind-2.9.8.jar;C:\Users\TAYE\Sync\jackson-core-2.9.8.jar;C:\Users\TAYE\Sync\jackson-annotations-2.9.8.jar;C:\Users\TAYE\Sync\testtask.zip;C:\Users\TAYE\Sync\javax.mail.jar;C:\Users\TAYE\Sync\jsoup-1.12.1.jar;C:\Users\TAYE\Sync\slf4j-2.0.0-alpha0.zip;C:\Users\TAYE\Sync\javax.mail-api-1.4.7.jar;C:\Users\TAYE\Sync\jsoup-1.12.1-sources.jar;C:\Users\TAYE\Sync\javax.activation-1.2.0.jar;C:\Users\TAYE\Sync\slf4j-1.7.26\slf4j-api-1.7.26.jar;C:\Users\TAYE\Sync\slf4j-1.7.26\slf4j-ext-1.7.26.jar;C:\Users\TAYE\Sync\slf4j-1.7.26\slf4j-jcl-1.7.26.jar;C:\Users\TAYE\Sync\slf4j-1.7.26\slf4j-nop-1.7.26.jar;C:\Users\TAYE\Sync\slf4j-1.7.26\slf4j-jdk14-1.7.26.jar;C:\Users\TAYE\Sync\slf4j-1.7.26\jul-to-slf4j-1.7.26.jar;C:\Users\TAYE\Sync\slf4j-1.7.26\slf4j-simple-1.7.26.jar;C:\Users\TAYE\Sync\slf4j-1.7.26\slf4j-android-1.7.26.jar;C:\Users\TAYE\Sync\slf4j-1.7.26\slf4j-log4j12-1.7.26.jar;C:\Users\TAYE\Sync\slf4j-1.7.26\jcl-over-slf4j-1.7.26.jar;C:\Users\TAYE\Sync\slf4j-1.7.26\slf4j-migrator-1.7.26.jar;C:\Users\TAYE\Sync\slf4j-1.7.26\osgi-over-slf4j-1.7.26.jar;C:\Users\TAYE\Sync\slf4j-1.7.26\log4j-over-slf4j-1.7.26.jar;C:\Users\TAYE\Sync\slf4j-1.7.26\slf4j-api-1.7.26-sources.jar;C:\Users\TAYE\Sync\slf4j-1.7.26\slf4j-ext-1.7.26-sources.jar;C:\Users\TAYE\Sync\slf4j-1.7.26\slf4j-jcl-1.7.26-sources.jar;C:\Users\TAYE\Sync\slf4j-1.7.26\slf4j-nop-1.7.26-sources.jar;C:\Users\TAYE\Sync\slf4j-1.7.26\slf4j-jdk14-1.7.26-sources.jar;C:\Users\TAYE\Sync\slf4j-1.7.26\jul-to-slf4j-1.7.26-sources.jar;C:\Users\TAYE\Sync\slf4j-1.7.26\slf4j-simple-1.7.26-sources.jar;C:\Users\TAYE\Sync\slf4j-1.7.26\slf4j-android-1.7.26-sources.jar;C:\Users\TAYE\Sync\slf4j-1.7.26\slf4j-log4j12-1.7.26-sources.jar;C:\Users\TAYE\Sync\slf4j-1.7.26\jcl-over-slf4j-1.7.26-sources.jar;C:\
Launcher Type: SUN_STANDARD

[Global flags]
     intx CICompilerCount                          = 2                                         {product} {ergonomic}
     uint ConcGCThreads                            = 1                                         {product} {ergonomic}
     uint G1ConcRefinementThreads                  = 2                                         {product} {ergonomic}
   size_t G1HeapRegionSize                         = 1048576                                   {product} {ergonomic}
    uintx GCDrainStackTargetSize                   = 64                                        {product} {ergonomic}
   size_t InitialHeapSize                          = 150994944                                 {product} {ergonomic}
   size_t MarkStackSize                            = 4194304                                   {product} {ergonomic}
   size_t MaxHeapSize                              = 2415919104                                {product} {ergonomic}
   size_t MaxNewSize                               = 1449132032                                {product} {ergonomic}
   size_t MinHeapDeltaBytes                        = 1048576                                   {product} {ergonomic}
    uintx NonNMethodCodeHeapSize                   = 5824844                                {pd product} {ergonomic}
    uintx NonProfiledCodeHeapSize                  = 122916698                              {pd product} {ergonomic}
    uintx ProfiledCodeHeapSize                     = 122916698                              {pd product} {ergonomic}
    uintx ReservedCodeCacheSize                    = 251658240                              {pd product} {ergonomic}
     bool SegmentedCodeCache                       = true                                      {product} {ergonomic}
     bool UseCompressedClassPointers               = true                                 {lp64_product} {ergonomic}
     bool UseCompressedOops                        = true                                 {lp64_product} {ergonomic}
     bool UseG1GC                                  = true                                      {product} {ergonomic}
     bool UseLargePagesIndividualAllocation        = false                                  {pd product} {ergonomic}

Logging:
Log output configuration:
 #0: stdout all=warning uptime,level,tags
 #1: stderr all=off uptime,level,tags

Environment Variables:
PATH=C:\ProgramData\Oracle\Java\javapath;C:\Windows\system32;C:\Windows;C:\Windows\System32\Wbem;C:\Windows\System32\WindowsPowerShell\v1.0\;C:\Windows\System32\OpenSSH\;C:\Program Files\Git\cmd;C:\Users\TAYE\AppData\Local\Microsoft\WindowsApps;;C:\Program Files\JetBrains\IntelliJ IDEA Community Edition 2019.2.3\bin;;C:\Users\TAYE\AppData\Local\JetBrains\IntelliJ IDEA 2019.2.2\bin;
USERNAME=TAYE
OS=Windows_NT
PROCESSOR_IDENTIFIER=Intel64 Family 6 Model 158 Stepping 9, GenuineIntel



---------------  S Y S T E M  ---------------

OS: Windows 10 , 64 bit Build 18362 (10.0.18362.329)

CPU:total 2 (initial active 2) (2 cores per cpu, 1 threads per core) family 6 model 158 stepping 9, cmov, cx8, fxsr, mmx, sse, sse2, sse3, ssse3, sse4.1, sse4.2, popcnt, avx, avx2, aes, clmul, 3dnowpref, lzcnt, tsc, tscinvbit

Memory: 4k page, system-wide physical 9215M (4849M free)
TotalPageFile size 11263M (AvailPageFile size 5030M)
current process WorkingSet (physical memory assigned to process): 61M, peak: 61M
current process commit charge ("private bytes"): 223M, peak: 255M

vm_info: Java HotSpot(TM) 64-Bit Server VM (11.0.3+12-LTS) for windows-amd64 JRE (11.0.3+12-LTS), built on Apr  2 2019 12:43:09 by "mach5one" with MS VC++ 15.5 (VS2017)

END.
