#
# A fatal error has been detected by the Java Runtime Environment:
#
#  Internal Error (t:/workspace/open/src/hotspot/os_cpu/windows_x86/os_windows_x86.cpp:145), pid=8032, tid=8256
#  guarantee(result == EXCEPTION_CONTINUE_EXECUTION) failed: Unexpected result from topLevelExceptionFilter
#
# JRE version: Java(TM) SE Runtime Environment (13.0.1+9) (build 13.0.1+9)
# Java VM: Java HotSpot(TM) 64-Bit Server VM (13.0.1+9, mixed mode, sharing, tiered, compressed oops, g1 gc, windows-amd64)
# No core dump will be written. Minidumps are not enabled by default on client versions of Windows
#
# If you would like to submit a bug report, please visit:
#   http://bugreport.java.com/bugreport/crash.jsp
# The crash happened outside the Java Virtual Machine in native code.
# See problematic frame for where to report the bug.
#

---------------  S U M M A R Y ------------

Command Line: -javaagent:C:\Users\TAYE\AppData\Local\JetBrains\IntelliJ IDEA Community Edition 2019.2.1\lib\idea_rt.jar=50893:C:\Users\TAYE\AppData\Local\JetBrains\IntelliJ IDEA Community Edition 2019.2.1\bin -Dfile.encoding=UTF-8 com.javarush.task.task34.task3410.controller.Controller

Host: Intel(R) Core(TM) i3-7100 CPU @ 3.90GHz, 2 cores, 8G,  Windows 10 , 64 bit Build 18362 (10.0.18362.329)
Time: Mon Oct 28 17:43:05 2019 FLE Standard Time elapsed time: 12 seconds (0d 0h 0m 12s)

---------------  T H R E A D  ---------------

Current thread (0x00000196d663f800):  JavaThread "AWT-Windows" daemon [_thread_in_native, id=8256, stack(0x0000004cb9700000,0x0000004cb9800000)]

Stack: [0x0000004cb9700000,0x0000004cb9800000]
Native frames: (J=compiled Java code, j=interpreted, Vv=VM code, C=native code)
V  [jvm.dll+0x626eca]
V  [jvm.dll+0x772c6a]
V  [jvm.dll+0x77441f]
V  [jvm.dll+0x7749d7]
V  [jvm.dll+0x24d9dc]
V  [jvm.dll+0x626b8c]
C  [ntdll.dll+0xa11ff]
C  [ntdll.dll+0x6a289]
C  [ntdll.dll+0x9fe6e]
C  [VBoxSVGA.dll+0x17e9]

Java frames: (J=compiled Java code, j=interpreted, Vv=VM code)
j  sun.java2d.d3d.D3DGraphicsDevice.getDeviceCapsNative(I)I+0 java.desktop@13.0.1
j  sun.java2d.d3d.D3DGraphicsDevice$1.run()V+8 java.desktop@13.0.1
v  ~StubRoutines::call_stub
j  sun.awt.windows.WToolkit.eventLoop()V+0 java.desktop@13.0.1
j  sun.awt.windows.WToolkit.run()V+50 java.desktop@13.0.1
j  java.lang.Thread.run()V+11 java.base@13.0.1
v  ~StubRoutines::call_stub

---------------  P R O C E S S  ---------------

Threads class SMR info:
_java_thread_list=0x00000196d64ea660, length=14, elements={
0x00000196b6a3f800, 0x00000196d5662800, 0x00000196d5665800, 0x00000196d5681000,
0x00000196d5683000, 0x00000196d5684000, 0x00000196d6006000, 0x00000196d601b000,
0x00000196d5645000, 0x00000196d634e800, 0x00000196d634f800, 0x00000196d651d000,
0x00000196d651d800, 0x00000196d663f800
}

Java Threads: ( => current thread )
  0x00000196b6a3f800 JavaThread "main" [_thread_in_native, id=9172, stack(0x0000004cb8300000,0x0000004cb8400000)]
  0x00000196d5662800 JavaThread "Reference Handler" daemon [_thread_blocked, id=7768, stack(0x0000004cb8a00000,0x0000004cb8b00000)]
  0x00000196d5665800 JavaThread "Finalizer" daemon [_thread_blocked, id=1836, stack(0x0000004cb8b00000,0x0000004cb8c00000)]
  0x00000196d5681000 JavaThread "Signal Dispatcher" daemon [_thread_blocked, id=6904, stack(0x0000004cb8c00000,0x0000004cb8d00000)]
  0x00000196d5683000 JavaThread "Attach Listener" daemon [_thread_blocked, id=2812, stack(0x0000004cb8d00000,0x0000004cb8e00000)]
  0x00000196d5684000 JavaThread "C2 CompilerThread0" daemon [_thread_blocked, id=7132, stack(0x0000004cb8e00000,0x0000004cb8f00000)]
  0x00000196d6006000 JavaThread "C1 CompilerThread0" daemon [_thread_blocked, id=5896, stack(0x0000004cb8f00000,0x0000004cb9000000)]
  0x00000196d601b000 JavaThread "Sweeper thread" daemon [_thread_blocked, id=720, stack(0x0000004cb9000000,0x0000004cb9100000)]
  0x00000196d5645000 JavaThread "Common-Cleaner" daemon [_thread_blocked, id=7256, stack(0x0000004cb9100000,0x0000004cb9200000)]
  0x00000196d634e800 JavaThread "Monitor Ctrl-Break" daemon [_thread_in_native, id=5024, stack(0x0000004cb9200000,0x0000004cb9300000)]
  0x00000196d634f800 JavaThread "Service Thread" daemon [_thread_blocked, id=2280, stack(0x0000004cb9300000,0x0000004cb9400000)]
  0x00000196d651d000 JavaThread "Java2D Disposer" daemon [_thread_blocked, id=2164, stack(0x0000004cb9500000,0x0000004cb9600000)]
  0x00000196d651d800 JavaThread "AWT-Shutdown" [_thread_blocked, id=3652, stack(0x0000004cb9600000,0x0000004cb9700000)]
=>0x00000196d663f800 JavaThread "AWT-Windows" daemon [_thread_in_native, id=8256, stack(0x0000004cb9700000,0x0000004cb9800000)]

Other Threads:
  0x00000196d565e000 VMThread "VM Thread" [stack: 0x0000004cb8900000,0x0000004cb8a00000] [id=1876]
  0x00000196d6352000 WatcherThread [stack: 0x0000004cb9400000,0x0000004cb9500000] [id=3720]
  0x00000196b6a87000 GCTaskThread "GC Thread#0" [stack: 0x0000004cb8400000,0x0000004cb8500000] [id=5004]
  0x00000196b6a9a800 ConcurrentGCThread "G1 Main Marker" [stack: 0x0000004cb8500000,0x0000004cb8600000] [id=1132]
  0x00000196b6a9d000 ConcurrentGCThread "G1 Conc#0" [stack: 0x0000004cb8600000,0x0000004cb8700000] [id=6032]
  0x00000196d54d9800 ConcurrentGCThread "G1 Refine#0" [stack: 0x0000004cb8700000,0x0000004cb8800000] [id=8764]
  0x00000196d54db800 ConcurrentGCThread "G1 Young RemSet Sampling" [stack: 0x0000004cb8800000,0x0000004cb8900000] [id=3040]

Threads with active compile tasks:

VM state:not at safepoint (normal execution)

VM Mutex/Monitor currently owned by a thread: None

Heap address: 0x0000000770000000, size: 2304 MB, Compressed Oops mode: Zero based, Oop shift amount: 3
Narrow klass base: 0x0000000800000000, Narrow klass shift: 3
Compressed class space size: 1073741824 Address: 0x0000000800b40000

Heap:
 garbage-first heap   total 147456K, used 4096K [0x0000000770000000, 0x0000000800000000)
  region size 1024K, 5 young (5120K), 0 survivors (0K)
 Metaspace       used 3386K, capacity 4784K, committed 4864K, reserved 1056768K
  class space    used 336K, capacity 491K, committed 512K, reserved 1048576K
Heap Regions: E=young(eden), S=young(survivor), O=old, HS=humongous(starts), HC=humongous(continues), CS=collection set, F=free, A=archive, TAMS=top-at-mark-start (previous, next)
|   0|0x0000000770000000, 0x0000000770000000, 0x0000000770100000|  0%| F|  |TAMS 0x0000000770000000, 0x0000000770000000| Untracked 
|   1|0x0000000770100000, 0x0000000770100000, 0x0000000770200000|  0%| F|  |TAMS 0x0000000770100000, 0x0000000770100000| Untracked 
|   2|0x0000000770200000, 0x0000000770200000, 0x0000000770300000|  0%| F|  |TAMS 0x0000000770200000, 0x0000000770200000| Untracked 
|   3|0x0000000770300000, 0x0000000770300000, 0x0000000770400000|  0%| F|  |TAMS 0x0000000770300000, 0x0000000770300000| Untracked 
|   4|0x0000000770400000, 0x0000000770400000, 0x0000000770500000|  0%| F|  |TAMS 0x0000000770400000, 0x0000000770400000| Untracked 
|   5|0x0000000770500000, 0x0000000770500000, 0x0000000770600000|  0%| F|  |TAMS 0x0000000770500000, 0x0000000770500000| Untracked 
|   6|0x0000000770600000, 0x0000000770600000, 0x0000000770700000|  0%| F|  |TAMS 0x0000000770600000, 0x0000000770600000| Untracked 
|   7|0x0000000770700000, 0x0000000770700000, 0x0000000770800000|  0%| F|  |TAMS 0x0000000770700000, 0x0000000770700000| Untracked 
|   8|0x0000000770800000, 0x0000000770800000, 0x0000000770900000|  0%| F|  |TAMS 0x0000000770800000, 0x0000000770800000| Untracked 
|   9|0x0000000770900000, 0x0000000770900000, 0x0000000770a00000|  0%| F|  |TAMS 0x0000000770900000, 0x0000000770900000| Untracked 
|  10|0x0000000770a00000, 0x0000000770a00000, 0x0000000770b00000|  0%| F|  |TAMS 0x0000000770a00000, 0x0000000770a00000| Untracked 
|  11|0x0000000770b00000, 0x0000000770b00000, 0x0000000770c00000|  0%| F|  |TAMS 0x0000000770b00000, 0x0000000770b00000| Untracked 
|  12|0x0000000770c00000, 0x0000000770c00000, 0x0000000770d00000|  0%| F|  |TAMS 0x0000000770c00000, 0x0000000770c00000| Untracked 
|  13|0x0000000770d00000, 0x0000000770d00000, 0x0000000770e00000|  0%| F|  |TAMS 0x0000000770d00000, 0x0000000770d00000| Untracked 
|  14|0x0000000770e00000, 0x0000000770e00000, 0x0000000770f00000|  0%| F|  |TAMS 0x0000000770e00000, 0x0000000770e00000| Untracked 
|  15|0x0000000770f00000, 0x0000000770f00000, 0x0000000771000000|  0%| F|  |TAMS 0x0000000770f00000, 0x0000000770f00000| Untracked 
|  16|0x0000000771000000, 0x0000000771000000, 0x0000000771100000|  0%| F|  |TAMS 0x0000000771000000, 0x0000000771000000| Untracked 
|  17|0x0000000771100000, 0x0000000771100000, 0x0000000771200000|  0%| F|  |TAMS 0x0000000771100000, 0x0000000771100000| Untracked 
|  18|0x0000000771200000, 0x0000000771200000, 0x0000000771300000|  0%| F|  |TAMS 0x0000000771200000, 0x0000000771200000| Untracked 
|  19|0x0000000771300000, 0x0000000771300000, 0x0000000771400000|  0%| F|  |TAMS 0x0000000771300000, 0x0000000771300000| Untracked 
|  20|0x0000000771400000, 0x0000000771400000, 0x0000000771500000|  0%| F|  |TAMS 0x0000000771400000, 0x0000000771400000| Untracked 
|  21|0x0000000771500000, 0x0000000771500000, 0x0000000771600000|  0%| F|  |TAMS 0x0000000771500000, 0x0000000771500000| Untracked 
|  22|0x0000000771600000, 0x0000000771600000, 0x0000000771700000|  0%| F|  |TAMS 0x0000000771600000, 0x0000000771600000| Untracked 
|  23|0x0000000771700000, 0x0000000771700000, 0x0000000771800000|  0%| F|  |TAMS 0x0000000771700000, 0x0000000771700000| Untracked 
|  24|0x0000000771800000, 0x0000000771800000, 0x0000000771900000|  0%| F|  |TAMS 0x0000000771800000, 0x0000000771800000| Untracked 
|  25|0x0000000771900000, 0x0000000771900000, 0x0000000771a00000|  0%| F|  |TAMS 0x0000000771900000, 0x0000000771900000| Untracked 
|  26|0x0000000771a00000, 0x0000000771a00000, 0x0000000771b00000|  0%| F|  |TAMS 0x0000000771a00000, 0x0000000771a00000| Untracked 
|  27|0x0000000771b00000, 0x0000000771b00000, 0x0000000771c00000|  0%| F|  |TAMS 0x0000000771b00000, 0x0000000771b00000| Untracked 
|  28|0x0000000771c00000, 0x0000000771c00000, 0x0000000771d00000|  0%| F|  |TAMS 0x0000000771c00000, 0x0000000771c00000| Untracked 
|  29|0x0000000771d00000, 0x0000000771d00000, 0x0000000771e00000|  0%| F|  |TAMS 0x0000000771d00000, 0x0000000771d00000| Untracked 
|  30|0x0000000771e00000, 0x0000000771e00000, 0x0000000771f00000|  0%| F|  |TAMS 0x0000000771e00000, 0x0000000771e00000| Untracked 
|  31|0x0000000771f00000, 0x0000000771f00000, 0x0000000772000000|  0%| F|  |TAMS 0x0000000771f00000, 0x0000000771f00000| Untracked 
|  32|0x0000000772000000, 0x0000000772000000, 0x0000000772100000|  0%| F|  |TAMS 0x0000000772000000, 0x0000000772000000| Untracked 
|  33|0x0000000772100000, 0x0000000772100000, 0x0000000772200000|  0%| F|  |TAMS 0x0000000772100000, 0x0000000772100000| Untracked 
|  34|0x0000000772200000, 0x0000000772200000, 0x0000000772300000|  0%| F|  |TAMS 0x0000000772200000, 0x0000000772200000| Untracked 
|  35|0x0000000772300000, 0x0000000772300000, 0x0000000772400000|  0%| F|  |TAMS 0x0000000772300000, 0x0000000772300000| Untracked 
|  36|0x0000000772400000, 0x0000000772400000, 0x0000000772500000|  0%| F|  |TAMS 0x0000000772400000, 0x0000000772400000| Untracked 
|  37|0x0000000772500000, 0x0000000772500000, 0x0000000772600000|  0%| F|  |TAMS 0x0000000772500000, 0x0000000772500000| Untracked 
|  38|0x0000000772600000, 0x0000000772600000, 0x0000000772700000|  0%| F|  |TAMS 0x0000000772600000, 0x0000000772600000| Untracked 
|  39|0x0000000772700000, 0x0000000772700000, 0x0000000772800000|  0%| F|  |TAMS 0x0000000772700000, 0x0000000772700000| Untracked 
|  40|0x0000000772800000, 0x0000000772800000, 0x0000000772900000|  0%| F|  |TAMS 0x0000000772800000, 0x0000000772800000| Untracked 
|  41|0x0000000772900000, 0x0000000772900000, 0x0000000772a00000|  0%| F|  |TAMS 0x0000000772900000, 0x0000000772900000| Untracked 
|  42|0x0000000772a00000, 0x0000000772a00000, 0x0000000772b00000|  0%| F|  |TAMS 0x0000000772a00000, 0x0000000772a00000| Untracked 
|  43|0x0000000772b00000, 0x0000000772b00000, 0x0000000772c00000|  0%| F|  |TAMS 0x0000000772b00000, 0x0000000772b00000| Untracked 
|  44|0x0000000772c00000, 0x0000000772c00000, 0x0000000772d00000|  0%| F|  |TAMS 0x0000000772c00000, 0x0000000772c00000| Untracked 
|  45|0x0000000772d00000, 0x0000000772d00000, 0x0000000772e00000|  0%| F|  |TAMS 0x0000000772d00000, 0x0000000772d00000| Untracked 
|  46|0x0000000772e00000, 0x0000000772e00000, 0x0000000772f00000|  0%| F|  |TAMS 0x0000000772e00000, 0x0000000772e00000| Untracked 
|  47|0x0000000772f00000, 0x0000000772f00000, 0x0000000773000000|  0%| F|  |TAMS 0x0000000772f00000, 0x0000000772f00000| Untracked 
|  48|0x0000000773000000, 0x0000000773000000, 0x0000000773100000|  0%| F|  |TAMS 0x0000000773000000, 0x0000000773000000| Untracked 
|  49|0x0000000773100000, 0x0000000773100000, 0x0000000773200000|  0%| F|  |TAMS 0x0000000773100000, 0x0000000773100000| Untracked 
|  50|0x0000000773200000, 0x0000000773200000, 0x0000000773300000|  0%| F|  |TAMS 0x0000000773200000, 0x0000000773200000| Untracked 
|  51|0x0000000773300000, 0x0000000773300000, 0x0000000773400000|  0%| F|  |TAMS 0x0000000773300000, 0x0000000773300000| Untracked 
|  52|0x0000000773400000, 0x0000000773400000, 0x0000000773500000|  0%| F|  |TAMS 0x0000000773400000, 0x0000000773400000| Untracked 
|  53|0x0000000773500000, 0x0000000773500000, 0x0000000773600000|  0%| F|  |TAMS 0x0000000773500000, 0x0000000773500000| Untracked 
|  54|0x0000000773600000, 0x0000000773600000, 0x0000000773700000|  0%| F|  |TAMS 0x0000000773600000, 0x0000000773600000| Untracked 
|  55|0x0000000773700000, 0x0000000773700000, 0x0000000773800000|  0%| F|  |TAMS 0x0000000773700000, 0x0000000773700000| Untracked 
|  56|0x0000000773800000, 0x0000000773800000, 0x0000000773900000|  0%| F|  |TAMS 0x0000000773800000, 0x0000000773800000| Untracked 
|  57|0x0000000773900000, 0x0000000773900000, 0x0000000773a00000|  0%| F|  |TAMS 0x0000000773900000, 0x0000000773900000| Untracked 
|  58|0x0000000773a00000, 0x0000000773a00000, 0x0000000773b00000|  0%| F|  |TAMS 0x0000000773a00000, 0x0000000773a00000| Untracked 
|  59|0x0000000773b00000, 0x0000000773b00000, 0x0000000773c00000|  0%| F|  |TAMS 0x0000000773b00000, 0x0000000773b00000| Untracked 
|  60|0x0000000773c00000, 0x0000000773c00000, 0x0000000773d00000|  0%| F|  |TAMS 0x0000000773c00000, 0x0000000773c00000| Untracked 
|  61|0x0000000773d00000, 0x0000000773d00000, 0x0000000773e00000|  0%| F|  |TAMS 0x0000000773d00000, 0x0000000773d00000| Untracked 
|  62|0x0000000773e00000, 0x0000000773e00000, 0x0000000773f00000|  0%| F|  |TAMS 0x0000000773e00000, 0x0000000773e00000| Untracked 
|  63|0x0000000773f00000, 0x0000000773f00000, 0x0000000774000000|  0%| F|  |TAMS 0x0000000773f00000, 0x0000000773f00000| Untracked 
|  64|0x0000000774000000, 0x0000000774000000, 0x0000000774100000|  0%| F|  |TAMS 0x0000000774000000, 0x0000000774000000| Untracked 
|  65|0x0000000774100000, 0x0000000774100000, 0x0000000774200000|  0%| F|  |TAMS 0x0000000774100000, 0x0000000774100000| Untracked 
|  66|0x0000000774200000, 0x0000000774200000, 0x0000000774300000|  0%| F|  |TAMS 0x0000000774200000, 0x0000000774200000| Untracked 
|  67|0x0000000774300000, 0x0000000774300000, 0x0000000774400000|  0%| F|  |TAMS 0x0000000774300000, 0x0000000774300000| Untracked 
|  68|0x0000000774400000, 0x0000000774400000, 0x0000000774500000|  0%| F|  |TAMS 0x0000000774400000, 0x0000000774400000| Untracked 
|  69|0x0000000774500000, 0x0000000774500000, 0x0000000774600000|  0%| F|  |TAMS 0x0000000774500000, 0x0000000774500000| Untracked 
|  70|0x0000000774600000, 0x0000000774600000, 0x0000000774700000|  0%| F|  |TAMS 0x0000000774600000, 0x0000000774600000| Untracked 
|  71|0x0000000774700000, 0x0000000774700000, 0x0000000774800000|  0%| F|  |TAMS 0x0000000774700000, 0x0000000774700000| Untracked 
|  72|0x0000000774800000, 0x0000000774800000, 0x0000000774900000|  0%| F|  |TAMS 0x0000000774800000, 0x0000000774800000| Untracked 
|  73|0x0000000774900000, 0x0000000774900000, 0x0000000774a00000|  0%| F|  |TAMS 0x0000000774900000, 0x0000000774900000| Untracked 
|  74|0x0000000774a00000, 0x0000000774a00000, 0x0000000774b00000|  0%| F|  |TAMS 0x0000000774a00000, 0x0000000774a00000| Untracked 
|  75|0x0000000774b00000, 0x0000000774b00000, 0x0000000774c00000|  0%| F|  |TAMS 0x0000000774b00000, 0x0000000774b00000| Untracked 
|  76|0x0000000774c00000, 0x0000000774c00000, 0x0000000774d00000|  0%| F|  |TAMS 0x0000000774c00000, 0x0000000774c00000| Untracked 
|  77|0x0000000774d00000, 0x0000000774d00000, 0x0000000774e00000|  0%| F|  |TAMS 0x0000000774d00000, 0x0000000774d00000| Untracked 
|  78|0x0000000774e00000, 0x0000000774e00000, 0x0000000774f00000|  0%| F|  |TAMS 0x0000000774e00000, 0x0000000774e00000| Untracked 
|  79|0x0000000774f00000, 0x0000000774f00000, 0x0000000775000000|  0%| F|  |TAMS 0x0000000774f00000, 0x0000000774f00000| Untracked 
|  80|0x0000000775000000, 0x0000000775000000, 0x0000000775100000|  0%| F|  |TAMS 0x0000000775000000, 0x0000000775000000| Untracked 
|  81|0x0000000775100000, 0x0000000775100000, 0x0000000775200000|  0%| F|  |TAMS 0x0000000775100000, 0x0000000775100000| Untracked 
|  82|0x0000000775200000, 0x0000000775200000, 0x0000000775300000|  0%| F|  |TAMS 0x0000000775200000, 0x0000000775200000| Untracked 
|  83|0x0000000775300000, 0x0000000775300000, 0x0000000775400000|  0%| F|  |TAMS 0x0000000775300000, 0x0000000775300000| Untracked 
|  84|0x0000000775400000, 0x0000000775400000, 0x0000000775500000|  0%| F|  |TAMS 0x0000000775400000, 0x0000000775400000| Untracked 
|  85|0x0000000775500000, 0x0000000775500000, 0x0000000775600000|  0%| F|  |TAMS 0x0000000775500000, 0x0000000775500000| Untracked 
|  86|0x0000000775600000, 0x0000000775600000, 0x0000000775700000|  0%| F|  |TAMS 0x0000000775600000, 0x0000000775600000| Untracked 
|  87|0x0000000775700000, 0x0000000775700000, 0x0000000775800000|  0%| F|  |TAMS 0x0000000775700000, 0x0000000775700000| Untracked 
|  88|0x0000000775800000, 0x0000000775800000, 0x0000000775900000|  0%| F|  |TAMS 0x0000000775800000, 0x0000000775800000| Untracked 
|  89|0x0000000775900000, 0x0000000775900000, 0x0000000775a00000|  0%| F|  |TAMS 0x0000000775900000, 0x0000000775900000| Untracked 
|  90|0x0000000775a00000, 0x0000000775a00000, 0x0000000775b00000|  0%| F|  |TAMS 0x0000000775a00000, 0x0000000775a00000| Untracked 
|  91|0x0000000775b00000, 0x0000000775b00000, 0x0000000775c00000|  0%| F|  |TAMS 0x0000000775b00000, 0x0000000775b00000| Untracked 
|  92|0x0000000775c00000, 0x0000000775c00000, 0x0000000775d00000|  0%| F|  |TAMS 0x0000000775c00000, 0x0000000775c00000| Untracked 
|  93|0x0000000775d00000, 0x0000000775d00000, 0x0000000775e00000|  0%| F|  |TAMS 0x0000000775d00000, 0x0000000775d00000| Untracked 
|  94|0x0000000775e00000, 0x0000000775e00000, 0x0000000775f00000|  0%| F|  |TAMS 0x0000000775e00000, 0x0000000775e00000| Untracked 
|  95|0x0000000775f00000, 0x0000000775f00000, 0x0000000776000000|  0%| F|  |TAMS 0x0000000775f00000, 0x0000000775f00000| Untracked 
|  96|0x0000000776000000, 0x0000000776000000, 0x0000000776100000|  0%| F|  |TAMS 0x0000000776000000, 0x0000000776000000| Untracked 
|  97|0x0000000776100000, 0x0000000776100000, 0x0000000776200000|  0%| F|  |TAMS 0x0000000776100000, 0x0000000776100000| Untracked 
|  98|0x0000000776200000, 0x0000000776200000, 0x0000000776300000|  0%| F|  |TAMS 0x0000000776200000, 0x0000000776200000| Untracked 
|  99|0x0000000776300000, 0x0000000776300000, 0x0000000776400000|  0%| F|  |TAMS 0x0000000776300000, 0x0000000776300000| Untracked 
| 100|0x0000000776400000, 0x0000000776400000, 0x0000000776500000|  0%| F|  |TAMS 0x0000000776400000, 0x0000000776400000| Untracked 
| 101|0x0000000776500000, 0x0000000776500000, 0x0000000776600000|  0%| F|  |TAMS 0x0000000776500000, 0x0000000776500000| Untracked 
| 102|0x0000000776600000, 0x0000000776600000, 0x0000000776700000|  0%| F|  |TAMS 0x0000000776600000, 0x0000000776600000| Untracked 
| 103|0x0000000776700000, 0x0000000776700000, 0x0000000776800000|  0%| F|  |TAMS 0x0000000776700000, 0x0000000776700000| Untracked 
| 104|0x0000000776800000, 0x0000000776800000, 0x0000000776900000|  0%| F|  |TAMS 0x0000000776800000, 0x0000000776800000| Untracked 
| 105|0x0000000776900000, 0x0000000776900000, 0x0000000776a00000|  0%| F|  |TAMS 0x0000000776900000, 0x0000000776900000| Untracked 
| 106|0x0000000776a00000, 0x0000000776a00000, 0x0000000776b00000|  0%| F|  |TAMS 0x0000000776a00000, 0x0000000776a00000| Untracked 
| 107|0x0000000776b00000, 0x0000000776b00000, 0x0000000776c00000|  0%| F|  |TAMS 0x0000000776b00000, 0x0000000776b00000| Untracked 
| 108|0x0000000776c00000, 0x0000000776c00000, 0x0000000776d00000|  0%| F|  |TAMS 0x0000000776c00000, 0x0000000776c00000| Untracked 
| 109|0x0000000776d00000, 0x0000000776d00000, 0x0000000776e00000|  0%| F|  |TAMS 0x0000000776d00000, 0x0000000776d00000| Untracked 
| 110|0x0000000776e00000, 0x0000000776e00000, 0x0000000776f00000|  0%| F|  |TAMS 0x0000000776e00000, 0x0000000776e00000| Untracked 
| 111|0x0000000776f00000, 0x0000000776f00000, 0x0000000777000000|  0%| F|  |TAMS 0x0000000776f00000, 0x0000000776f00000| Untracked 
| 112|0x0000000777000000, 0x0000000777000000, 0x0000000777100000|  0%| F|  |TAMS 0x0000000777000000, 0x0000000777000000| Untracked 
| 113|0x0000000777100000, 0x0000000777100000, 0x0000000777200000|  0%| F|  |TAMS 0x0000000777100000, 0x0000000777100000| Untracked 
| 114|0x0000000777200000, 0x0000000777200000, 0x0000000777300000|  0%| F|  |TAMS 0x0000000777200000, 0x0000000777200000| Untracked 
| 115|0x0000000777300000, 0x0000000777300000, 0x0000000777400000|  0%| F|  |TAMS 0x0000000777300000, 0x0000000777300000| Untracked 
| 116|0x0000000777400000, 0x0000000777400000, 0x0000000777500000|  0%| F|  |TAMS 0x0000000777400000, 0x0000000777400000| Untracked 
| 117|0x0000000777500000, 0x0000000777500000, 0x0000000777600000|  0%| F|  |TAMS 0x0000000777500000, 0x0000000777500000| Untracked 
| 118|0x0000000777600000, 0x0000000777600000, 0x0000000777700000|  0%| F|  |TAMS 0x0000000777600000, 0x0000000777600000| Untracked 
| 119|0x0000000777700000, 0x0000000777700000, 0x0000000777800000|  0%| F|  |TAMS 0x0000000777700000, 0x0000000777700000| Untracked 
| 120|0x0000000777800000, 0x0000000777800000, 0x0000000777900000|  0%| F|  |TAMS 0x0000000777800000, 0x0000000777800000| Untracked 
| 121|0x0000000777900000, 0x0000000777900000, 0x0000000777a00000|  0%| F|  |TAMS 0x0000000777900000, 0x0000000777900000| Untracked 
| 122|0x0000000777a00000, 0x0000000777a00000, 0x0000000777b00000|  0%| F|  |TAMS 0x0000000777a00000, 0x0000000777a00000| Untracked 
| 123|0x0000000777b00000, 0x0000000777b00000, 0x0000000777c00000|  0%| F|  |TAMS 0x0000000777b00000, 0x0000000777b00000| Untracked 
| 124|0x0000000777c00000, 0x0000000777c00000, 0x0000000777d00000|  0%| F|  |TAMS 0x0000000777c00000, 0x0000000777c00000| Untracked 
| 125|0x0000000777d00000, 0x0000000777d00000, 0x0000000777e00000|  0%| F|  |TAMS 0x0000000777d00000, 0x0000000777d00000| Untracked 
| 126|0x0000000777e00000, 0x0000000777e00000, 0x0000000777f00000|  0%| F|  |TAMS 0x0000000777e00000, 0x0000000777e00000| Untracked 
| 127|0x0000000777f00000, 0x0000000777f00000, 0x0000000778000000|  0%| F|  |TAMS 0x0000000777f00000, 0x0000000777f00000| Untracked 
| 128|0x0000000778000000, 0x0000000778000000, 0x0000000778100000|  0%| F|  |TAMS 0x0000000778000000, 0x0000000778000000| Untracked 
| 129|0x0000000778100000, 0x0000000778100000, 0x0000000778200000|  0%| F|  |TAMS 0x0000000778100000, 0x0000000778100000| Untracked 
| 130|0x0000000778200000, 0x0000000778200000, 0x0000000778300000|  0%| F|  |TAMS 0x0000000778200000, 0x0000000778200000| Untracked 
| 131|0x0000000778300000, 0x0000000778300000, 0x0000000778400000|  0%| F|  |TAMS 0x0000000778300000, 0x0000000778300000| Untracked 
| 132|0x0000000778400000, 0x0000000778400000, 0x0000000778500000|  0%| F|  |TAMS 0x0000000778400000, 0x0000000778400000| Untracked 
| 133|0x0000000778500000, 0x0000000778500000, 0x0000000778600000|  0%| F|  |TAMS 0x0000000778500000, 0x0000000778500000| Untracked 
| 134|0x0000000778600000, 0x0000000778600000, 0x0000000778700000|  0%| F|  |TAMS 0x0000000778600000, 0x0000000778600000| Untracked 
| 135|0x0000000778700000, 0x0000000778700000, 0x0000000778800000|  0%| F|  |TAMS 0x0000000778700000, 0x0000000778700000| Untracked 
| 136|0x0000000778800000, 0x0000000778800000, 0x0000000778900000|  0%| F|  |TAMS 0x0000000778800000, 0x0000000778800000| Untracked 
| 137|0x0000000778900000, 0x0000000778900000, 0x0000000778a00000|  0%| F|  |TAMS 0x0000000778900000, 0x0000000778900000| Untracked 
| 138|0x0000000778a00000, 0x0000000778a00000, 0x0000000778b00000|  0%| F|  |TAMS 0x0000000778a00000, 0x0000000778a00000| Untracked 
| 139|0x0000000778b00000, 0x0000000778bd81a8, 0x0000000778c00000| 84%| E|  |TAMS 0x0000000778b00000, 0x0000000778b00000| Complete 
| 140|0x0000000778c00000, 0x0000000778d00000, 0x0000000778d00000|100%| E|CS|TAMS 0x0000000778c00000, 0x0000000778c00000| Complete 
| 141|0x0000000778d00000, 0x0000000778e00000, 0x0000000778e00000|100%| E|CS|TAMS 0x0000000778d00000, 0x0000000778d00000| Complete 
| 142|0x0000000778e00000, 0x0000000778f00000, 0x0000000778f00000|100%| E|CS|TAMS 0x0000000778e00000, 0x0000000778e00000| Complete 
| 143|0x0000000778f00000, 0x0000000779000000, 0x0000000779000000|100%| E|CS|TAMS 0x0000000778f00000, 0x0000000778f00000| Complete 

Card table byte_map: [0x00000196ce3c0000,0x00000196ce840000] _byte_map_base: 0x00000196ca840000

Marking Bits (Prev, Next): (CMBitMap*) 0x00000196b6a87c88, (CMBitMap*) 0x00000196b6a87cc8
 Prev Bits: [0x00000196cecc0000, 0x00000196d10c0000)
 Next Bits: [0x00000196d10c0000, 0x00000196d34c0000)

Polling page: 0x00000196b6210000

Metaspace:

Usage:
  Non-class:      4.19 MB capacity,     2.98 MB ( 71%) used,     1.21 MB ( 29%) free+waste,     7.31 KB ( <1%) overhead. 
      Class:    491.00 KB capacity,   336.63 KB ( 69%) used,   149.88 KB ( 31%) free+waste,     4.50 KB ( <1%) overhead. 
       Both:      4.67 MB capacity,     3.31 MB ( 71%) used,     1.35 MB ( 29%) free+waste,    11.81 KB ( <1%) overhead. 

Virtual space:
  Non-class space:        8.00 MB reserved,       4.25 MB ( 53%) committed 
      Class space:        1.00 GB reserved,     512.00 KB ( <1%) committed 
             Both:        1.01 GB reserved,       4.75 MB ( <1%) committed 

Chunk freelists:
   Non-Class:  0 bytes
       Class:  0 bytes
        Both:  0 bytes

MaxMetaspaceSize: 17179869184.00 GB
CompressedClassSpaceSize: 1.00 GB

CodeHeap 'non-profiled nmethods': size=120064Kb used=184Kb max_used=184Kb free=119879Kb
 bounds [0x00000196c6a00000, 0x00000196c6c70000, 0x00000196cdf40000]
CodeHeap 'profiled nmethods': size=120000Kb used=726Kb max_used=726Kb free=119273Kb
 bounds [0x00000196bf4d0000, 0x00000196bf740000, 0x00000196c6a00000]
CodeHeap 'non-nmethods': size=5696Kb used=1191Kb max_used=1205Kb free=4504Kb
 bounds [0x00000196bef40000, 0x00000196bf1b0000, 0x00000196bf4d0000]
 total_blobs=1347 nmethods=511 adapters=357
 compilation: enabled
              stopped_count=0, restarted_count=0
 full_count=0

Compilation events (20 events):
Event: 12.176 Thread 0x00000196d6006000  502       3       jdk.internal.org.objectweb.asm.SymbolTable::hash (15 bytes)
Event: 12.176 Thread 0x00000196d6006000 nmethod 502 0x00000196bf581610 code [0x00000196bf5817c0, 0x00000196bf5819a0]
Event: 12.177 Thread 0x00000196d6006000  503       3       jdk.internal.org.objectweb.asm.SymbolTable$Entry::<init> (18 bytes)
Event: 12.178 Thread 0x00000196d6006000 nmethod 503 0x00000196bf581b10 code [0x00000196bf581cc0, 0x00000196bf581eb0]
Event: 12.178 Thread 0x00000196d6006000  504       3       java.lang.invoke.MethodHandle::<init> (37 bytes)
Event: 12.178 Thread 0x00000196d6006000 nmethod 504 0x00000196bf581f90 code [0x00000196bf5821a0, 0x00000196bf5827a0]
Event: 12.178 Thread 0x00000196d6006000  505       3       java.lang.invoke.LambdaForm::prepare (112 bytes)
Event: 12.178 Thread 0x00000196d6006000 nmethod 505 0x00000196bf582a10 code [0x00000196bf582c40, 0x00000196bf5832c0]
Event: 12.178 Thread 0x00000196d6006000  506       3       java.lang.invoke.MemberName::isMethod (8 bytes)
Event: 12.179 Thread 0x00000196d6006000 nmethod 506 0x00000196bf583510 code [0x00000196bf5836c0, 0x00000196bf583978]
Event: 12.187 Thread 0x00000196d6006000  507       3       jdk.internal.org.objectweb.asm.SymbolTable::addType (81 bytes)
Event: 12.188 Thread 0x00000196d6006000 nmethod 507 0x00000196bf583a90 code [0x00000196bf583ca0, 0x00000196bf584320]
Event: 12.188 Thread 0x00000196d6006000  508       3       jdk.internal.org.objectweb.asm.SymbolTable$Entry::<init> (17 bytes)
Event: 12.188 Thread 0x00000196d6006000 nmethod 508 0x00000196bf584610 code [0x00000196bf5847c0, 0x00000196bf5849b0]
Event: 12.189 Thread 0x00000196d6006000  509       1       java.lang.invoke.DirectMethodHandle::internalMemberName (5 bytes)
Event: 12.189 Thread 0x00000196d6006000 nmethod 509 0x00000196c6a2df10 code [0x00000196c6a2e0a0, 0x00000196c6a2e1d8]
Event: 12.189 Thread 0x00000196d6006000  510       3       java.lang.invoke.MethodType::toMethodDescriptorString (28 bytes)
Event: 12.189 Thread 0x00000196d6006000 nmethod 510 0x00000196bf584a90 code [0x00000196bf584c40, 0x00000196bf584eb0]
Event: 12.191 Thread 0x00000196d6006000  511       3       java.lang.invoke.MethodTypeForm::canonicalizeAll (66 bytes)
Event: 12.191 Thread 0x00000196d6006000 nmethod 511 0x00000196bf584f90 code [0x00000196bf585180, 0x00000196bf585880]

GC Heap History (0 events):
No events

Deoptimization events (10 events):
Event: 0.519 Thread 0x00000196b6a3f800 Uncommon trap: trap_request=0xffffff45 fr.pc=0x00000196c6a0ba70 relative=0x00000000000006f0
Event: 0.519 Thread 0x00000196b6a3f800 Uncommon trap: reason=unstable_if action=reinterpret pc=0x00000196c6a0ba70 method=java.util.HashMap.putVal(ILjava/lang/Object;Ljava/lang/Object;ZZ)Ljava/lang/Object; @ 69 c2
Event: 0.519 Thread 0x00000196b6a3f800 DEOPT PACKING pc=0x00000196c6a0ba70 sp=0x0000004cb83fea80
Event: 0.519 Thread 0x00000196b6a3f800 DEOPT UNPACKING pc=0x00000196bef8912f sp=0x0000004cb83fea20 mode 2
Event: 0.647 Thread 0x00000196b6a3f800 DEOPT PACKING pc=0x00000196bf50b58e sp=0x0000004cb83fde20
Event: 0.647 Thread 0x00000196b6a3f800 DEOPT UNPACKING pc=0x00000196bef8964e sp=0x0000004cb83fd2c0 mode 0
Event: 1.906 Thread 0x00000196d5683000 Uncommon trap: trap_request=0xffffff45 fr.pc=0x00000196c6a05924 relative=0x0000000000000084
Event: 1.906 Thread 0x00000196d5683000 Uncommon trap: reason=unstable_if action=reinterpret pc=0x00000196c6a05924 method=java.lang.String.isLatin1()Z @ 10 c2
Event: 1.906 Thread 0x00000196d5683000 DEOPT PACKING pc=0x00000196c6a05924 sp=0x0000004cb8dfe200
Event: 1.906 Thread 0x00000196d5683000 DEOPT UNPACKING pc=0x00000196bef8912f sp=0x0000004cb8dfe140 mode 2

Classes unloaded (0 events):
No events

Classes redefined (0 events):
No events

Internal exceptions (4 events):
Event: 12.033 Thread 0x00000196b6a3f800 Exception <a 'java/lang/ClassNotFoundException'{0x0000000778cd7b30}: sun/awt/resources/spi/awtProvider> (0x0000000778cd7b30) 
thrown [t:/workspace/open/src/hotspot/share/classfile/systemDictionary.cpp, line 232]
Event: 12.075 Thread 0x00000196b6a3f800 Exception <a 'java/io/FileNotFoundException'{0x0000000778b25718}> (0x0000000778b25718) 
thrown [t:/workspace/open/src/hotspot/share/prims/jni.cpp, line 598]
Event: 12.091 Thread 0x00000196b6a3f800 Exception <a 'java/io/FileNotFoundException'{0x0000000778b4c0e0}> (0x0000000778b4c0e0) 
thrown [t:/workspace/open/src/hotspot/share/prims/jni.cpp, line 598]
Event: 12.187 Thread 0x00000196d663f800 Exception <a 'java/lang/NoSuchMethodError'{0x0000000778bb9238}: 'void java.lang.invoke.DirectMethodHandle$Holder.invokeSpecial(java.lang.Object, java.lang.Object)'> (0x0000000778bb9238) 
thrown [t:/workspace/open/src/hotspot/share/interpreter/linkResolver.cpp, line 767]

Events (20 events):
Event: 12.174 loading class sun/awt/util/ThreadGroupUtils done
Event: 12.175 Thread 0x00000196d651d000 Thread added: 0x00000196d651d000
Event: 12.175 loading class sun/awt/AWTAutoShutdown
Event: 12.175 loading class sun/awt/AWTAutoShutdown done
Event: 12.176 Thread 0x00000196d651d800 Thread added: 0x00000196d651d800
Event: 12.178 Thread 0x00000196d663f800 Thread added: 0x00000196d663f800
Event: 12.190 Executing VM operation: RevokeBias
Event: 12.191 Executing VM operation: RevokeBias done
Event: 12.205 loading class sun/java2d/d3d/D3DRenderQueue
Event: 12.205 loading class sun/java2d/pipe/RenderQueue
Event: 12.206 loading class sun/java2d/pipe/RenderQueue done
Event: 12.206 loading class sun/java2d/d3d/D3DRenderQueue done
Event: 12.206 loading class sun/java2d/pipe/RenderBuffer
Event: 12.206 loading class sun/java2d/pipe/RenderBuffer done
Event: 12.206 loading class sun/java2d/d3d/D3DRenderQueue$1
Event: 12.206 loading class sun/java2d/d3d/D3DRenderQueue$1 done
Event: 12.206 loading class sun/java2d/d3d/D3DGraphicsDevice$1Result
Event: 12.206 loading class sun/java2d/d3d/D3DGraphicsDevice$1Result done
Event: 12.206 loading class sun/java2d/d3d/D3DGraphicsDevice$1
Event: 12.206 loading class sun/java2d/d3d/D3DGraphicsDevice$1 done


Dynamic libraries:
0x00007ff6e2920000 - 0x00007ff6e292f000 	C:\Program Files\Java\jdk-13.0.1\bin\java.exe
0x00007ff920200000 - 0x00007ff9203f0000 	C:\Windows\SYSTEM32\ntdll.dll
0x00007ff920070000 - 0x00007ff920122000 	C:\Windows\System32\KERNEL32.DLL
0x00007ff91de20000 - 0x00007ff91e0c3000 	C:\Windows\System32\KERNELBASE.dll
0x00007ff91dd20000 - 0x00007ff91de1a000 	C:\Windows\System32\ucrtbase.dll
0x00007ff919990000 - 0x00007ff9199a8000 	C:\Program Files\Java\jdk-13.0.1\bin\jli.dll
0x00007ff9170b0000 - 0x00007ff9170c5000 	C:\Program Files\Java\jdk-13.0.1\bin\VCRUNTIME140.dll
0x00007ff91f970000 - 0x00007ff91fa13000 	C:\Windows\System32\ADVAPI32.dll
0x00007ff91ffc0000 - 0x00007ff92005e000 	C:\Windows\System32\msvcrt.dll
0x00007ff91f0b0000 - 0x00007ff91f147000 	C:\Windows\System32\sechost.dll
0x00007ff91fa20000 - 0x00007ff91fb40000 	C:\Windows\System32\RPCRT4.dll
0x00007ff91e4e0000 - 0x00007ff91e674000 	C:\Windows\System32\USER32.dll
0x00007ff91e170000 - 0x00007ff91e191000 	C:\Windows\System32\win32u.dll
0x00007ff91e6e0000 - 0x00007ff91e706000 	C:\Windows\System32\GDI32.dll
0x00007ff91db80000 - 0x00007ff91dd14000 	C:\Windows\System32\gdi32full.dll
0x00007ff910040000 - 0x00007ff9102c5000 	C:\Windows\WinSxS\amd64_microsoft.windows.common-controls_6595b64144ccf1df_6.0.18362.418_none_e6c6b287130d565d\COMCTL32.dll
0x00007ff91e0d0000 - 0x00007ff91e16e000 	C:\Windows\System32\msvcp_win.dll
0x00007ff91ed00000 - 0x00007ff91f036000 	C:\Windows\System32\combase.dll
0x00007ff91dae0000 - 0x00007ff91db60000 	C:\Windows\System32\bcryptPrimitives.dll
0x00007ff918db0000 - 0x00007ff918dba000 	C:\Windows\SYSTEM32\VERSION.dll
0x00007ff920190000 - 0x00007ff9201be000 	C:\Windows\System32\IMM32.DLL
0x00007ff916ea0000 - 0x00007ff916f3b000 	C:\Program Files\Java\jdk-13.0.1\bin\msvcp140.dll
0x00007ff8e2190000 - 0x00007ff8e2cf6000 	C:\Program Files\Java\jdk-13.0.1\bin\server\jvm.dll
0x00007ff91fb40000 - 0x00007ff91fb48000 	C:\Windows\System32\PSAPI.DLL
0x00007ff91b2d0000 - 0x00007ff91b2f4000 	C:\Windows\SYSTEM32\WINMM.dll
0x00007ff9096c0000 - 0x00007ff9096c9000 	C:\Windows\SYSTEM32\WSOCK32.dll
0x00007ff91eb30000 - 0x00007ff91eb9f000 	C:\Windows\System32\WS2_32.dll
0x00007ff91b2a0000 - 0x00007ff91b2cd000 	C:\Windows\SYSTEM32\WINMMBASE.dll
0x00007ff91da60000 - 0x00007ff91daaa000 	C:\Windows\System32\cfgmgr32.dll
0x00007ff91d120000 - 0x00007ff91d131000 	C:\Windows\System32\kernel.appcore.dll
0x00007ff919a30000 - 0x00007ff919a40000 	C:\Program Files\Java\jdk-13.0.1\bin\verify.dll
0x00007ff9107d0000 - 0x00007ff9109c4000 	C:\Windows\SYSTEM32\DBGHELP.DLL
0x00007ff90ebe0000 - 0x00007ff90ec0a000 	C:\Windows\SYSTEM32\dbgcore.DLL
0x00007ff916e70000 - 0x00007ff916e96000 	C:\Program Files\Java\jdk-13.0.1\bin\java.dll
0x00007ff90d630000 - 0x00007ff90d63e000 	C:\Program Files\Java\jdk-13.0.1\bin\instrument.dll
0x00007ff90dde0000 - 0x00007ff90ddf7000 	C:\Program Files\Java\jdk-13.0.1\bin\zip.dll
0x00007ff9193d0000 - 0x00007ff9193da000 	C:\Program Files\Java\jdk-13.0.1\bin\jimage.dll
0x00007ff91f280000 - 0x00007ff91f965000 	C:\Windows\System32\SHELL32.dll
0x00007ff91e950000 - 0x00007ff91e9f9000 	C:\Windows\System32\shcore.dll
0x00007ff91d2e0000 - 0x00007ff91da5f000 	C:\Windows\System32\windows.storage.dll
0x00007ff91d100000 - 0x00007ff91d11f000 	C:\Windows\System32\profapi.dll
0x00007ff91d140000 - 0x00007ff91d18a000 	C:\Windows\System32\powrprof.dll
0x00007ff91d0d0000 - 0x00007ff91d0e0000 	C:\Windows\System32\UMPDC.dll
0x00007ff920130000 - 0x00007ff920182000 	C:\Windows\System32\shlwapi.dll
0x00007ff91db60000 - 0x00007ff91db77000 	C:\Windows\System32\cryptsp.dll
0x00007ff90d7f0000 - 0x00007ff90d809000 	C:\Program Files\Java\jdk-13.0.1\bin\net.dll
0x00007ff917410000 - 0x00007ff917500000 	C:\Windows\SYSTEM32\WINHTTP.dll
0x00007ff91c8e0000 - 0x00007ff91c947000 	C:\Windows\system32\mswsock.dll
0x00007ff90d7d0000 - 0x00007ff90d7e3000 	C:\Program Files\Java\jdk-13.0.1\bin\nio.dll
0x00007ff90d310000 - 0x00007ff90d32a000 	C:\Users\TAYE\AppData\Local\JetBrains\IntelliJ IDEA Community Edition 2019.2.1\bin\breakgen64.dll
0x00007ff8f1b90000 - 0x00007ff8f1d29000 	C:\Program Files\Java\jdk-13.0.1\bin\awt.dll
0x00007ff91e2b0000 - 0x00007ff91e374000 	C:\Windows\System32\OLEAUT32.dll
0x00007ff919fb0000 - 0x00007ff91a570000 	C:\Windows\SYSTEM32\d2d1.dll
0x00007ff91b080000 - 0x00007ff91b10f000 	C:\Windows\SYSTEM32\apphelp.dll
0x00007ff91b850000 - 0x00007ff91b87d000 	C:\Windows\system32\DWMAPI.DLL
0x00007ff91b410000 - 0x00007ff91b4a9000 	C:\Windows\system32\uxtheme.dll
0x00007ff8e49f0000 - 0x00007ff8e4b46000 	C:\Windows\system32\opengl32.dll
0x00007ff916d00000 - 0x00007ff916d2c000 	C:\Windows\SYSTEM32\GLU32.dll
0x00007ff91bd20000 - 0x00007ff91bd40000 	C:\Windows\SYSTEM32\dxcore.dll
0x00007ff91e380000 - 0x00007ff91e4b6000 	C:\Windows\System32\MSCTF.dll
0x00007ff91eba0000 - 0x00007ff91ecf6000 	C:\Windows\System32\ole32.dll
0x00007ff8e6740000 - 0x00007ff8e6907000 	C:\Windows\system32\d3d9.dll
0x00007ff914300000 - 0x00007ff91453f000 	C:\Windows\SYSTEM32\VBoxDispD3D.dll
0x00007ff913900000 - 0x00007ff913aaf000 	C:\Windows\system32\VBoxSVGA.dll
0x00007ff913e90000 - 0x00007ff913fbf000 	C:\Windows\system32\VBoxNine.dll

dbghelp: loaded successfully - version: 4.0.5 - missing functions: none
symbol engine: initialized successfully - sym options: 0x614 - pdb path: .;C:\Program Files\Java\jdk-13.0.1\bin;C:\Windows\SYSTEM32;C:\Windows\WinSxS\amd64_microsoft.windows.common-controls_6595b64144ccf1df_6.0.18362.418_none_e6c6b287130d565d;C:\Program Files\Java\jdk-13.0.1\bin\server;C:\Users\TAYE\AppData\Local\JetBrains\IntelliJ IDEA Community Edition 2019.2.1\bin

VM Arguments:
jvm_args: -javaagent:C:\Users\TAYE\AppData\Local\JetBrains\IntelliJ IDEA Community Edition 2019.2.1\lib\idea_rt.jar=50893:C:\Users\TAYE\AppData\Local\JetBrains\IntelliJ IDEA Community Edition 2019.2.1\bin -Dfile.encoding=UTF-8 
java_command: com.javarush.task.task34.task3410.controller.Controller
java_class_path (initial): C:\Users\TAYE\Sync\JavaRushTasks\out\production\4.JavaCollections;C:\Users\TAYE\Sync\JavaRushTasks\out\production\3.JavaMultithreading;C:\Users\TAYE\Sync\JavaRushTasks\out\production\2.JavaCore;C:\Users\TAYE\Sync\jackson-databind-2.9.8.jar;C:\Users\TAYE\Sync\jackson-core-2.9.8.jar;C:\Users\TAYE\Sync\jackson-annotations-2.9.8.jar;C:\Users\TAYE\Sync\testtask.zip;C:\Users\TAYE\Sync\javax.mail.jar;C:\Users\TAYE\Sync\jsoup-1.12.1.jar;C:\Users\TAYE\Sync\slf4j-2.0.0-alpha0.zip;C:\Users\TAYE\Sync\javax.mail-api-1.4.7.jar;C:\Users\TAYE\Sync\jsoup-1.12.1-sources.jar;C:\Users\TAYE\Sync\javax.activation-1.2.0.jar;C:\Users\TAYE\Sync\slf4j-1.7.26\slf4j-api-1.7.26.jar;C:\Users\TAYE\Sync\slf4j-1.7.26\slf4j-ext-1.7.26.jar;C:\Users\TAYE\Sync\slf4j-1.7.26\slf4j-jcl-1.7.26.jar;C:\Users\TAYE\Sync\slf4j-1.7.26\slf4j-nop-1.7.26.jar;C:\Users\TAYE\Sync\slf4j-1.7.26\slf4j-jdk14-1.7.26.jar;C:\Users\TAYE\Sync\slf4j-1.7.26\jul-to-slf4j-1.7.26.jar;C:\Users\TAYE\Sync\slf4j-1.7.26\slf4j-simple-1.7.26.jar;C:\Users\TAYE\Sync\slf4j-1.7.26\slf4j-android-1.7.26.jar;C:\Users\TAYE\Sync\slf4j-1.7.26\slf4j-log4j12-1.7.26.jar;C:\Users\TAYE\Sync\slf4j-1.7.26\jcl-over-slf4j-1.7.26.jar;C:\Users\TAYE\Sync\slf4j-1.7.26\slf4j-migrator-1.7.26.jar;C:\Users\TAYE\Sync\slf4j-1.7.26\osgi-over-slf4j-1.7.26.jar;C:\Users\TAYE\Sync\slf4j-1.7.26\log4j-over-slf4j-1.7.26.jar;C:\Users\TAYE\Sync\slf4j-1.7.26\slf4j-api-1.7.26-sources.jar;C:\Users\TAYE\Sync\slf4j-1.7.26\slf4j-ext-1.7.26-sources.jar;C:\Users\TAYE\Sync\slf4j-1.7.26\slf4j-jcl-1.7.26-sources.jar;C:\Users\TAYE\Sync\slf4j-1.7.26\slf4j-nop-1.7.26-sources.jar;C:\Users\TAYE\Sync\slf4j-1.7.26\slf4j-jdk14-1.7.26-sources.jar;C:\Users\TAYE\Sync\slf4j-1.7.26\jul-to-slf4j-1.7.26-sources.jar;C:\Users\TAYE\Sync\slf4j-1.7.26\slf4j-simple-1.7.26-sources.jar;C:\Users\TAYE\Sync\slf4j-1.7.26\slf4j-android-1.7.26-sources.jar;C:\Users\TAYE\Sync\slf4j-1.7.26\slf4j-log4j12-1.7.26-sources.jar;C:\Users\TAYE\Sync\slf4j-1.7.26\jcl-over-slf4j-1.7.26-sources.jar;C:\
Launcher Type: SUN_STANDARD

[Global flags]
     intx CICompilerCount                          = 2                                         {product} {ergonomic}
     uint ConcGCThreads                            = 1                                         {product} {ergonomic}
     uint G1ConcRefinementThreads                  = 2                                         {product} {ergonomic}
   size_t G1HeapRegionSize                         = 1048576                                   {product} {ergonomic}
    uintx GCDrainStackTargetSize                   = 64                                        {product} {ergonomic}
   size_t InitialHeapSize                          = 150994944                                 {product} {ergonomic}
   size_t MarkStackSize                            = 4194304                                   {product} {ergonomic}
   size_t MaxHeapSize                              = 2415919104                                {product} {ergonomic}
   size_t MaxNewSize                               = 1449132032                                {product} {ergonomic}
   size_t MinHeapDeltaBytes                        = 1048576                                   {product} {ergonomic}
   size_t MinHeapSize                              = 8388608                                   {product} {ergonomic}
    uintx NonNMethodCodeHeapSize                   = 5825164                                {pd product} {ergonomic}
    uintx NonProfiledCodeHeapSize                  = 122916538                              {pd product} {ergonomic}
    uintx ProfiledCodeHeapSize                     = 122916538                              {pd product} {ergonomic}
    uintx ReservedCodeCacheSize                    = 251658240                              {pd product} {ergonomic}
     bool SegmentedCodeCache                       = true                                      {product} {ergonomic}
   size_t SoftMaxHeapSize                          = 2415919104                             {manageable} {ergonomic}
     bool UseCompressedClassPointers               = true                                 {lp64_product} {ergonomic}
     bool UseCompressedOops                        = true                                 {lp64_product} {ergonomic}
     bool UseG1GC                                  = true                                      {product} {ergonomic}
     bool UseLargePagesIndividualAllocation        = false                                  {pd product} {ergonomic}

Logging:
Log output configuration:
 #0: stdout all=warning uptime,level,tags
 #1: stderr all=off uptime,level,tags

Environment Variables:
PATH=C:\Windows\system32;C:\Windows;C:\Windows\System32\Wbem;C:\Windows\System32\WindowsPowerShell\v1.0\;C:\Windows\System32\OpenSSH\;C:\Program Files\Git\cmd;C:\Users\TAYE\AppData\Local\Microsoft\WindowsApps;;C:\Program Files\JetBrains\IntelliJ IDEA Community Edition 2019.2.3\bin;;C:\Users\TAYE\AppData\Local\JetBrains\IntelliJ IDEA 2019.2.2\bin;
USERNAME=TAYE
OS=Windows_NT
PROCESSOR_IDENTIFIER=Intel64 Family 6 Model 158 Stepping 9, GenuineIntel



---------------  S Y S T E M  ---------------

OS: Windows 10 , 64 bit Build 18362 (10.0.18362.329)

CPU:total 2 (initial active 2) (2 cores per cpu, 1 threads per core) family 6 model 158 stepping 9, cmov, cx8, fxsr, mmx, sse, sse2, sse3, ssse3, sse4.1, sse4.2, popcnt, avx, avx2, aes, clmul, 3dnowpref, lzcnt, tsc, tscinvbit

Memory: 4k page, system-wide physical 9215M (4467M free)
TotalPageFile size 11263M (AvailPageFile size 5307M)
current process WorkingSet (physical memory assigned to process): 48M, peak: 48M
current process commit charge ("private bytes"): 225M, peak: 257M

vm_info: Java HotSpot(TM) 64-Bit Server VM (13.0.1+9) for windows-amd64 JRE (13.0.1+9), built on Oct  6 2019 12:37:49 by "mach5one" with unknown MS VC++:1916

END.
