#
# A fatal error has been detected by the Java Runtime Environment:
#
#  Internal Error (t:/workspace/open/src/hotspot/os_cpu/windows_x86/os_windows_x86.cpp:145), pid=8536, tid=2336
#  guarantee(result == EXCEPTION_CONTINUE_EXECUTION) failed: Unexpected result from topLevelExceptionFilter
#
# JRE version: Java(TM) SE Runtime Environment (13.0.1+9) (build 13.0.1+9)
# Java VM: Java HotSpot(TM) 64-Bit Server VM (13.0.1+9, mixed mode, sharing, tiered, compressed oops, g1 gc, windows-amd64)
# No core dump will be written. Minidumps are not enabled by default on client versions of Windows
#
# If you would like to submit a bug report, please visit:
#   http://bugreport.java.com/bugreport/crash.jsp
# The crash happened outside the Java Virtual Machine in native code.
# See problematic frame for where to report the bug.
#

---------------  S U M M A R Y ------------

Command Line: -javaagent:C:\Users\TAYE\AppData\Local\JetBrains\IntelliJ IDEA Community Edition 2019.2.1\lib\idea_rt.jar=50428:C:\Users\TAYE\AppData\Local\JetBrains\IntelliJ IDEA Community Edition 2019.2.1\bin -Dfile.encoding=UTF-8 com.javarush.task.task34.task3410.controller.Controller

Host: Intel(R) Core(TM) i3-7100 CPU @ 3.90GHz, 2 cores, 8G,  Windows 10 , 64 bit Build 18362 (10.0.18362.329)
Time: Mon Oct 28 17:30:07 2019 FLE Standard Time elapsed time: 3 seconds (0d 0h 0m 3s)

---------------  T H R E A D  ---------------

Current thread (0x000002045826b800):  JavaThread "AWT-Windows" daemon [_thread_in_native, id=2336, stack(0x000000bc51200000,0x000000bc51300000)]

Stack: [0x000000bc51200000,0x000000bc51300000]
Native frames: (J=compiled Java code, j=interpreted, Vv=VM code, C=native code)
V  [jvm.dll+0x626eca]
V  [jvm.dll+0x772c6a]
V  [jvm.dll+0x77441f]
V  [jvm.dll+0x7749d7]
V  [jvm.dll+0x24d9dc]
V  [jvm.dll+0x626b8c]
C  [ntdll.dll+0xa11ff]
C  [ntdll.dll+0x6a289]
C  [ntdll.dll+0x9fe6e]
C  [VBoxSVGA.dll+0x17e9]

Java frames: (J=compiled Java code, j=interpreted, Vv=VM code)
j  sun.java2d.d3d.D3DGraphicsDevice.getDeviceCapsNative(I)I+0 java.desktop@13.0.1
j  sun.java2d.d3d.D3DGraphicsDevice$1.run()V+8 java.desktop@13.0.1
v  ~StubRoutines::call_stub
j  sun.awt.windows.WToolkit.eventLoop()V+0 java.desktop@13.0.1
j  sun.awt.windows.WToolkit.run()V+50 java.desktop@13.0.1
j  java.lang.Thread.run()V+11 java.base@13.0.1
v  ~StubRoutines::call_stub

---------------  P R O C E S S  ---------------

Threads class SMR info:
_java_thread_list=0x0000020458229e90, length=14, elements={
0x00000204386a2000, 0x00000204572c3800, 0x00000204572c6800, 0x00000204572e6000,
0x00000204572e7000, 0x00000204572e8000, 0x00000204572eb000, 0x00000204572ee000,
0x00000204572a7800, 0x0000020457f70000, 0x0000020457f71000, 0x0000020458142800,
0x0000020458265000, 0x000002045826b800
}

Java Threads: ( => current thread )
  0x00000204386a2000 JavaThread "main" [_thread_in_native, id=528, stack(0x000000bc4fe00000,0x000000bc4ff00000)]
  0x00000204572c3800 JavaThread "Reference Handler" daemon [_thread_blocked, id=4404, stack(0x000000bc50500000,0x000000bc50600000)]
  0x00000204572c6800 JavaThread "Finalizer" daemon [_thread_blocked, id=776, stack(0x000000bc50600000,0x000000bc50700000)]
  0x00000204572e6000 JavaThread "Signal Dispatcher" daemon [_thread_blocked, id=4264, stack(0x000000bc50700000,0x000000bc50800000)]
  0x00000204572e7000 JavaThread "Attach Listener" daemon [_thread_blocked, id=4172, stack(0x000000bc50800000,0x000000bc50900000)]
  0x00000204572e8000 JavaThread "C2 CompilerThread0" daemon [_thread_blocked, id=1116, stack(0x000000bc50900000,0x000000bc50a00000)]
  0x00000204572eb000 JavaThread "C1 CompilerThread0" daemon [_thread_blocked, id=6652, stack(0x000000bc50a00000,0x000000bc50b00000)]
  0x00000204572ee000 JavaThread "Sweeper thread" daemon [_thread_blocked, id=8992, stack(0x000000bc50b00000,0x000000bc50c00000)]
  0x00000204572a7800 JavaThread "Common-Cleaner" daemon [_thread_blocked, id=4980, stack(0x000000bc50c00000,0x000000bc50d00000)]
  0x0000020457f70000 JavaThread "Monitor Ctrl-Break" daemon [_thread_in_native, id=8276, stack(0x000000bc50d00000,0x000000bc50e00000)]
  0x0000020457f71000 JavaThread "Service Thread" daemon [_thread_blocked, id=8520, stack(0x000000bc50e00000,0x000000bc50f00000)]
  0x0000020458142800 JavaThread "Java2D Disposer" daemon [_thread_blocked, id=8968, stack(0x000000bc51000000,0x000000bc51100000)]
  0x0000020458265000 JavaThread "AWT-Shutdown" [_thread_blocked, id=5484, stack(0x000000bc51100000,0x000000bc51200000)]
=>0x000002045826b800 JavaThread "AWT-Windows" daemon [_thread_in_native, id=2336, stack(0x000000bc51200000,0x000000bc51300000)]

Other Threads:
  0x00000204572bf000 VMThread "VM Thread" [stack: 0x000000bc50400000,0x000000bc50500000] [id=1428]
  0x0000020457f7a800 WatcherThread [stack: 0x000000bc50f00000,0x000000bc51000000] [id=7940]
  0x00000204386e8800 GCTaskThread "GC Thread#0" [stack: 0x000000bc4ff00000,0x000000bc50000000] [id=4808]
  0x00000204386fc000 ConcurrentGCThread "G1 Main Marker" [stack: 0x000000bc50000000,0x000000bc50100000] [id=6696]
  0x00000204386fd800 ConcurrentGCThread "G1 Conc#0" [stack: 0x000000bc50100000,0x000000bc50200000] [id=2128]
  0x000002045713b800 ConcurrentGCThread "G1 Refine#0" [stack: 0x000000bc50200000,0x000000bc50300000] [id=8244]
  0x000002045713d000 ConcurrentGCThread "G1 Young RemSet Sampling" [stack: 0x000000bc50300000,0x000000bc50400000] [id=4192]

Threads with active compile tasks:

VM state:not at safepoint (normal execution)

VM Mutex/Monitor currently owned by a thread: None

Heap address: 0x0000000770000000, size: 2304 MB, Compressed Oops mode: Zero based, Oop shift amount: 3
Narrow klass base: 0x0000000800000000, Narrow klass shift: 3
Compressed class space size: 1073741824 Address: 0x0000000800b40000

Heap:
 garbage-first heap   total 147456K, used 4096K [0x0000000770000000, 0x0000000800000000)
  region size 1024K, 5 young (5120K), 0 survivors (0K)
 Metaspace       used 3399K, capacity 4784K, committed 4864K, reserved 1056768K
  class space    used 336K, capacity 491K, committed 512K, reserved 1048576K
Heap Regions: E=young(eden), S=young(survivor), O=old, HS=humongous(starts), HC=humongous(continues), CS=collection set, F=free, A=archive, TAMS=top-at-mark-start (previous, next)
|   0|0x0000000770000000, 0x0000000770000000, 0x0000000770100000|  0%| F|  |TAMS 0x0000000770000000, 0x0000000770000000| Untracked 
|   1|0x0000000770100000, 0x0000000770100000, 0x0000000770200000|  0%| F|  |TAMS 0x0000000770100000, 0x0000000770100000| Untracked 
|   2|0x0000000770200000, 0x0000000770200000, 0x0000000770300000|  0%| F|  |TAMS 0x0000000770200000, 0x0000000770200000| Untracked 
|   3|0x0000000770300000, 0x0000000770300000, 0x0000000770400000|  0%| F|  |TAMS 0x0000000770300000, 0x0000000770300000| Untracked 
|   4|0x0000000770400000, 0x0000000770400000, 0x0000000770500000|  0%| F|  |TAMS 0x0000000770400000, 0x0000000770400000| Untracked 
|   5|0x0000000770500000, 0x0000000770500000, 0x0000000770600000|  0%| F|  |TAMS 0x0000000770500000, 0x0000000770500000| Untracked 
|   6|0x0000000770600000, 0x0000000770600000, 0x0000000770700000|  0%| F|  |TAMS 0x0000000770600000, 0x0000000770600000| Untracked 
|   7|0x0000000770700000, 0x0000000770700000, 0x0000000770800000|  0%| F|  |TAMS 0x0000000770700000, 0x0000000770700000| Untracked 
|   8|0x0000000770800000, 0x0000000770800000, 0x0000000770900000|  0%| F|  |TAMS 0x0000000770800000, 0x0000000770800000| Untracked 
|   9|0x0000000770900000, 0x0000000770900000, 0x0000000770a00000|  0%| F|  |TAMS 0x0000000770900000, 0x0000000770900000| Untracked 
|  10|0x0000000770a00000, 0x0000000770a00000, 0x0000000770b00000|  0%| F|  |TAMS 0x0000000770a00000, 0x0000000770a00000| Untracked 
|  11|0x0000000770b00000, 0x0000000770b00000, 0x0000000770c00000|  0%| F|  |TAMS 0x0000000770b00000, 0x0000000770b00000| Untracked 
|  12|0x0000000770c00000, 0x0000000770c00000, 0x0000000770d00000|  0%| F|  |TAMS 0x0000000770c00000, 0x0000000770c00000| Untracked 
|  13|0x0000000770d00000, 0x0000000770d00000, 0x0000000770e00000|  0%| F|  |TAMS 0x0000000770d00000, 0x0000000770d00000| Untracked 
|  14|0x0000000770e00000, 0x0000000770e00000, 0x0000000770f00000|  0%| F|  |TAMS 0x0000000770e00000, 0x0000000770e00000| Untracked 
|  15|0x0000000770f00000, 0x0000000770f00000, 0x0000000771000000|  0%| F|  |TAMS 0x0000000770f00000, 0x0000000770f00000| Untracked 
|  16|0x0000000771000000, 0x0000000771000000, 0x0000000771100000|  0%| F|  |TAMS 0x0000000771000000, 0x0000000771000000| Untracked 
|  17|0x0000000771100000, 0x0000000771100000, 0x0000000771200000|  0%| F|  |TAMS 0x0000000771100000, 0x0000000771100000| Untracked 
|  18|0x0000000771200000, 0x0000000771200000, 0x0000000771300000|  0%| F|  |TAMS 0x0000000771200000, 0x0000000771200000| Untracked 
|  19|0x0000000771300000, 0x0000000771300000, 0x0000000771400000|  0%| F|  |TAMS 0x0000000771300000, 0x0000000771300000| Untracked 
|  20|0x0000000771400000, 0x0000000771400000, 0x0000000771500000|  0%| F|  |TAMS 0x0000000771400000, 0x0000000771400000| Untracked 
|  21|0x0000000771500000, 0x0000000771500000, 0x0000000771600000|  0%| F|  |TAMS 0x0000000771500000, 0x0000000771500000| Untracked 
|  22|0x0000000771600000, 0x0000000771600000, 0x0000000771700000|  0%| F|  |TAMS 0x0000000771600000, 0x0000000771600000| Untracked 
|  23|0x0000000771700000, 0x0000000771700000, 0x0000000771800000|  0%| F|  |TAMS 0x0000000771700000, 0x0000000771700000| Untracked 
|  24|0x0000000771800000, 0x0000000771800000, 0x0000000771900000|  0%| F|  |TAMS 0x0000000771800000, 0x0000000771800000| Untracked 
|  25|0x0000000771900000, 0x0000000771900000, 0x0000000771a00000|  0%| F|  |TAMS 0x0000000771900000, 0x0000000771900000| Untracked 
|  26|0x0000000771a00000, 0x0000000771a00000, 0x0000000771b00000|  0%| F|  |TAMS 0x0000000771a00000, 0x0000000771a00000| Untracked 
|  27|0x0000000771b00000, 0x0000000771b00000, 0x0000000771c00000|  0%| F|  |TAMS 0x0000000771b00000, 0x0000000771b00000| Untracked 
|  28|0x0000000771c00000, 0x0000000771c00000, 0x0000000771d00000|  0%| F|  |TAMS 0x0000000771c00000, 0x0000000771c00000| Untracked 
|  29|0x0000000771d00000, 0x0000000771d00000, 0x0000000771e00000|  0%| F|  |TAMS 0x0000000771d00000, 0x0000000771d00000| Untracked 
|  30|0x0000000771e00000, 0x0000000771e00000, 0x0000000771f00000|  0%| F|  |TAMS 0x0000000771e00000, 0x0000000771e00000| Untracked 
|  31|0x0000000771f00000, 0x0000000771f00000, 0x0000000772000000|  0%| F|  |TAMS 0x0000000771f00000, 0x0000000771f00000| Untracked 
|  32|0x0000000772000000, 0x0000000772000000, 0x0000000772100000|  0%| F|  |TAMS 0x0000000772000000, 0x0000000772000000| Untracked 
|  33|0x0000000772100000, 0x0000000772100000, 0x0000000772200000|  0%| F|  |TAMS 0x0000000772100000, 0x0000000772100000| Untracked 
|  34|0x0000000772200000, 0x0000000772200000, 0x0000000772300000|  0%| F|  |TAMS 0x0000000772200000, 0x0000000772200000| Untracked 
|  35|0x0000000772300000, 0x0000000772300000, 0x0000000772400000|  0%| F|  |TAMS 0x0000000772300000, 0x0000000772300000| Untracked 
|  36|0x0000000772400000, 0x0000000772400000, 0x0000000772500000|  0%| F|  |TAMS 0x0000000772400000, 0x0000000772400000| Untracked 
|  37|0x0000000772500000, 0x0000000772500000, 0x0000000772600000|  0%| F|  |TAMS 0x0000000772500000, 0x0000000772500000| Untracked 
|  38|0x0000000772600000, 0x0000000772600000, 0x0000000772700000|  0%| F|  |TAMS 0x0000000772600000, 0x0000000772600000| Untracked 
|  39|0x0000000772700000, 0x0000000772700000, 0x0000000772800000|  0%| F|  |TAMS 0x0000000772700000, 0x0000000772700000| Untracked 
|  40|0x0000000772800000, 0x0000000772800000, 0x0000000772900000|  0%| F|  |TAMS 0x0000000772800000, 0x0000000772800000| Untracked 
|  41|0x0000000772900000, 0x0000000772900000, 0x0000000772a00000|  0%| F|  |TAMS 0x0000000772900000, 0x0000000772900000| Untracked 
|  42|0x0000000772a00000, 0x0000000772a00000, 0x0000000772b00000|  0%| F|  |TAMS 0x0000000772a00000, 0x0000000772a00000| Untracked 
|  43|0x0000000772b00000, 0x0000000772b00000, 0x0000000772c00000|  0%| F|  |TAMS 0x0000000772b00000, 0x0000000772b00000| Untracked 
|  44|0x0000000772c00000, 0x0000000772c00000, 0x0000000772d00000|  0%| F|  |TAMS 0x0000000772c00000, 0x0000000772c00000| Untracked 
|  45|0x0000000772d00000, 0x0000000772d00000, 0x0000000772e00000|  0%| F|  |TAMS 0x0000000772d00000, 0x0000000772d00000| Untracked 
|  46|0x0000000772e00000, 0x0000000772e00000, 0x0000000772f00000|  0%| F|  |TAMS 0x0000000772e00000, 0x0000000772e00000| Untracked 
|  47|0x0000000772f00000, 0x0000000772f00000, 0x0000000773000000|  0%| F|  |TAMS 0x0000000772f00000, 0x0000000772f00000| Untracked 
|  48|0x0000000773000000, 0x0000000773000000, 0x0000000773100000|  0%| F|  |TAMS 0x0000000773000000, 0x0000000773000000| Untracked 
|  49|0x0000000773100000, 0x0000000773100000, 0x0000000773200000|  0%| F|  |TAMS 0x0000000773100000, 0x0000000773100000| Untracked 
|  50|0x0000000773200000, 0x0000000773200000, 0x0000000773300000|  0%| F|  |TAMS 0x0000000773200000, 0x0000000773200000| Untracked 
|  51|0x0000000773300000, 0x0000000773300000, 0x0000000773400000|  0%| F|  |TAMS 0x0000000773300000, 0x0000000773300000| Untracked 
|  52|0x0000000773400000, 0x0000000773400000, 0x0000000773500000|  0%| F|  |TAMS 0x0000000773400000, 0x0000000773400000| Untracked 
|  53|0x0000000773500000, 0x0000000773500000, 0x0000000773600000|  0%| F|  |TAMS 0x0000000773500000, 0x0000000773500000| Untracked 
|  54|0x0000000773600000, 0x0000000773600000, 0x0000000773700000|  0%| F|  |TAMS 0x0000000773600000, 0x0000000773600000| Untracked 
|  55|0x0000000773700000, 0x0000000773700000, 0x0000000773800000|  0%| F|  |TAMS 0x0000000773700000, 0x0000000773700000| Untracked 
|  56|0x0000000773800000, 0x0000000773800000, 0x0000000773900000|  0%| F|  |TAMS 0x0000000773800000, 0x0000000773800000| Untracked 
|  57|0x0000000773900000, 0x0000000773900000, 0x0000000773a00000|  0%| F|  |TAMS 0x0000000773900000, 0x0000000773900000| Untracked 
|  58|0x0000000773a00000, 0x0000000773a00000, 0x0000000773b00000|  0%| F|  |TAMS 0x0000000773a00000, 0x0000000773a00000| Untracked 
|  59|0x0000000773b00000, 0x0000000773b00000, 0x0000000773c00000|  0%| F|  |TAMS 0x0000000773b00000, 0x0000000773b00000| Untracked 
|  60|0x0000000773c00000, 0x0000000773c00000, 0x0000000773d00000|  0%| F|  |TAMS 0x0000000773c00000, 0x0000000773c00000| Untracked 
|  61|0x0000000773d00000, 0x0000000773d00000, 0x0000000773e00000|  0%| F|  |TAMS 0x0000000773d00000, 0x0000000773d00000| Untracked 
|  62|0x0000000773e00000, 0x0000000773e00000, 0x0000000773f00000|  0%| F|  |TAMS 0x0000000773e00000, 0x0000000773e00000| Untracked 
|  63|0x0000000773f00000, 0x0000000773f00000, 0x0000000774000000|  0%| F|  |TAMS 0x0000000773f00000, 0x0000000773f00000| Untracked 
|  64|0x0000000774000000, 0x0000000774000000, 0x0000000774100000|  0%| F|  |TAMS 0x0000000774000000, 0x0000000774000000| Untracked 
|  65|0x0000000774100000, 0x0000000774100000, 0x0000000774200000|  0%| F|  |TAMS 0x0000000774100000, 0x0000000774100000| Untracked 
|  66|0x0000000774200000, 0x0000000774200000, 0x0000000774300000|  0%| F|  |TAMS 0x0000000774200000, 0x0000000774200000| Untracked 
|  67|0x0000000774300000, 0x0000000774300000, 0x0000000774400000|  0%| F|  |TAMS 0x0000000774300000, 0x0000000774300000| Untracked 
|  68|0x0000000774400000, 0x0000000774400000, 0x0000000774500000|  0%| F|  |TAMS 0x0000000774400000, 0x0000000774400000| Untracked 
|  69|0x0000000774500000, 0x0000000774500000, 0x0000000774600000|  0%| F|  |TAMS 0x0000000774500000, 0x0000000774500000| Untracked 
|  70|0x0000000774600000, 0x0000000774600000, 0x0000000774700000|  0%| F|  |TAMS 0x0000000774600000, 0x0000000774600000| Untracked 
|  71|0x0000000774700000, 0x0000000774700000, 0x0000000774800000|  0%| F|  |TAMS 0x0000000774700000, 0x0000000774700000| Untracked 
|  72|0x0000000774800000, 0x0000000774800000, 0x0000000774900000|  0%| F|  |TAMS 0x0000000774800000, 0x0000000774800000| Untracked 
|  73|0x0000000774900000, 0x0000000774900000, 0x0000000774a00000|  0%| F|  |TAMS 0x0000000774900000, 0x0000000774900000| Untracked 
|  74|0x0000000774a00000, 0x0000000774a00000, 0x0000000774b00000|  0%| F|  |TAMS 0x0000000774a00000, 0x0000000774a00000| Untracked 
|  75|0x0000000774b00000, 0x0000000774b00000, 0x0000000774c00000|  0%| F|  |TAMS 0x0000000774b00000, 0x0000000774b00000| Untracked 
|  76|0x0000000774c00000, 0x0000000774c00000, 0x0000000774d00000|  0%| F|  |TAMS 0x0000000774c00000, 0x0000000774c00000| Untracked 
|  77|0x0000000774d00000, 0x0000000774d00000, 0x0000000774e00000|  0%| F|  |TAMS 0x0000000774d00000, 0x0000000774d00000| Untracked 
|  78|0x0000000774e00000, 0x0000000774e00000, 0x0000000774f00000|  0%| F|  |TAMS 0x0000000774e00000, 0x0000000774e00000| Untracked 
|  79|0x0000000774f00000, 0x0000000774f00000, 0x0000000775000000|  0%| F|  |TAMS 0x0000000774f00000, 0x0000000774f00000| Untracked 
|  80|0x0000000775000000, 0x0000000775000000, 0x0000000775100000|  0%| F|  |TAMS 0x0000000775000000, 0x0000000775000000| Untracked 
|  81|0x0000000775100000, 0x0000000775100000, 0x0000000775200000|  0%| F|  |TAMS 0x0000000775100000, 0x0000000775100000| Untracked 
|  82|0x0000000775200000, 0x0000000775200000, 0x0000000775300000|  0%| F|  |TAMS 0x0000000775200000, 0x0000000775200000| Untracked 
|  83|0x0000000775300000, 0x0000000775300000, 0x0000000775400000|  0%| F|  |TAMS 0x0000000775300000, 0x0000000775300000| Untracked 
|  84|0x0000000775400000, 0x0000000775400000, 0x0000000775500000|  0%| F|  |TAMS 0x0000000775400000, 0x0000000775400000| Untracked 
|  85|0x0000000775500000, 0x0000000775500000, 0x0000000775600000|  0%| F|  |TAMS 0x0000000775500000, 0x0000000775500000| Untracked 
|  86|0x0000000775600000, 0x0000000775600000, 0x0000000775700000|  0%| F|  |TAMS 0x0000000775600000, 0x0000000775600000| Untracked 
|  87|0x0000000775700000, 0x0000000775700000, 0x0000000775800000|  0%| F|  |TAMS 0x0000000775700000, 0x0000000775700000| Untracked 
|  88|0x0000000775800000, 0x0000000775800000, 0x0000000775900000|  0%| F|  |TAMS 0x0000000775800000, 0x0000000775800000| Untracked 
|  89|0x0000000775900000, 0x0000000775900000, 0x0000000775a00000|  0%| F|  |TAMS 0x0000000775900000, 0x0000000775900000| Untracked 
|  90|0x0000000775a00000, 0x0000000775a00000, 0x0000000775b00000|  0%| F|  |TAMS 0x0000000775a00000, 0x0000000775a00000| Untracked 
|  91|0x0000000775b00000, 0x0000000775b00000, 0x0000000775c00000|  0%| F|  |TAMS 0x0000000775b00000, 0x0000000775b00000| Untracked 
|  92|0x0000000775c00000, 0x0000000775c00000, 0x0000000775d00000|  0%| F|  |TAMS 0x0000000775c00000, 0x0000000775c00000| Untracked 
|  93|0x0000000775d00000, 0x0000000775d00000, 0x0000000775e00000|  0%| F|  |TAMS 0x0000000775d00000, 0x0000000775d00000| Untracked 
|  94|0x0000000775e00000, 0x0000000775e00000, 0x0000000775f00000|  0%| F|  |TAMS 0x0000000775e00000, 0x0000000775e00000| Untracked 
|  95|0x0000000775f00000, 0x0000000775f00000, 0x0000000776000000|  0%| F|  |TAMS 0x0000000775f00000, 0x0000000775f00000| Untracked 
|  96|0x0000000776000000, 0x0000000776000000, 0x0000000776100000|  0%| F|  |TAMS 0x0000000776000000, 0x0000000776000000| Untracked 
|  97|0x0000000776100000, 0x0000000776100000, 0x0000000776200000|  0%| F|  |TAMS 0x0000000776100000, 0x0000000776100000| Untracked 
|  98|0x0000000776200000, 0x0000000776200000, 0x0000000776300000|  0%| F|  |TAMS 0x0000000776200000, 0x0000000776200000| Untracked 
|  99|0x0000000776300000, 0x0000000776300000, 0x0000000776400000|  0%| F|  |TAMS 0x0000000776300000, 0x0000000776300000| Untracked 
| 100|0x0000000776400000, 0x0000000776400000, 0x0000000776500000|  0%| F|  |TAMS 0x0000000776400000, 0x0000000776400000| Untracked 
| 101|0x0000000776500000, 0x0000000776500000, 0x0000000776600000|  0%| F|  |TAMS 0x0000000776500000, 0x0000000776500000| Untracked 
| 102|0x0000000776600000, 0x0000000776600000, 0x0000000776700000|  0%| F|  |TAMS 0x0000000776600000, 0x0000000776600000| Untracked 
| 103|0x0000000776700000, 0x0000000776700000, 0x0000000776800000|  0%| F|  |TAMS 0x0000000776700000, 0x0000000776700000| Untracked 
| 104|0x0000000776800000, 0x0000000776800000, 0x0000000776900000|  0%| F|  |TAMS 0x0000000776800000, 0x0000000776800000| Untracked 
| 105|0x0000000776900000, 0x0000000776900000, 0x0000000776a00000|  0%| F|  |TAMS 0x0000000776900000, 0x0000000776900000| Untracked 
| 106|0x0000000776a00000, 0x0000000776a00000, 0x0000000776b00000|  0%| F|  |TAMS 0x0000000776a00000, 0x0000000776a00000| Untracked 
| 107|0x0000000776b00000, 0x0000000776b00000, 0x0000000776c00000|  0%| F|  |TAMS 0x0000000776b00000, 0x0000000776b00000| Untracked 
| 108|0x0000000776c00000, 0x0000000776c00000, 0x0000000776d00000|  0%| F|  |TAMS 0x0000000776c00000, 0x0000000776c00000| Untracked 
| 109|0x0000000776d00000, 0x0000000776d00000, 0x0000000776e00000|  0%| F|  |TAMS 0x0000000776d00000, 0x0000000776d00000| Untracked 
| 110|0x0000000776e00000, 0x0000000776e00000, 0x0000000776f00000|  0%| F|  |TAMS 0x0000000776e00000, 0x0000000776e00000| Untracked 
| 111|0x0000000776f00000, 0x0000000776f00000, 0x0000000777000000|  0%| F|  |TAMS 0x0000000776f00000, 0x0000000776f00000| Untracked 
| 112|0x0000000777000000, 0x0000000777000000, 0x0000000777100000|  0%| F|  |TAMS 0x0000000777000000, 0x0000000777000000| Untracked 
| 113|0x0000000777100000, 0x0000000777100000, 0x0000000777200000|  0%| F|  |TAMS 0x0000000777100000, 0x0000000777100000| Untracked 
| 114|0x0000000777200000, 0x0000000777200000, 0x0000000777300000|  0%| F|  |TAMS 0x0000000777200000, 0x0000000777200000| Untracked 
| 115|0x0000000777300000, 0x0000000777300000, 0x0000000777400000|  0%| F|  |TAMS 0x0000000777300000, 0x0000000777300000| Untracked 
| 116|0x0000000777400000, 0x0000000777400000, 0x0000000777500000|  0%| F|  |TAMS 0x0000000777400000, 0x0000000777400000| Untracked 
| 117|0x0000000777500000, 0x0000000777500000, 0x0000000777600000|  0%| F|  |TAMS 0x0000000777500000, 0x0000000777500000| Untracked 
| 118|0x0000000777600000, 0x0000000777600000, 0x0000000777700000|  0%| F|  |TAMS 0x0000000777600000, 0x0000000777600000| Untracked 
| 119|0x0000000777700000, 0x0000000777700000, 0x0000000777800000|  0%| F|  |TAMS 0x0000000777700000, 0x0000000777700000| Untracked 
| 120|0x0000000777800000, 0x0000000777800000, 0x0000000777900000|  0%| F|  |TAMS 0x0000000777800000, 0x0000000777800000| Untracked 
| 121|0x0000000777900000, 0x0000000777900000, 0x0000000777a00000|  0%| F|  |TAMS 0x0000000777900000, 0x0000000777900000| Untracked 
| 122|0x0000000777a00000, 0x0000000777a00000, 0x0000000777b00000|  0%| F|  |TAMS 0x0000000777a00000, 0x0000000777a00000| Untracked 
| 123|0x0000000777b00000, 0x0000000777b00000, 0x0000000777c00000|  0%| F|  |TAMS 0x0000000777b00000, 0x0000000777b00000| Untracked 
| 124|0x0000000777c00000, 0x0000000777c00000, 0x0000000777d00000|  0%| F|  |TAMS 0x0000000777c00000, 0x0000000777c00000| Untracked 
| 125|0x0000000777d00000, 0x0000000777d00000, 0x0000000777e00000|  0%| F|  |TAMS 0x0000000777d00000, 0x0000000777d00000| Untracked 
| 126|0x0000000777e00000, 0x0000000777e00000, 0x0000000777f00000|  0%| F|  |TAMS 0x0000000777e00000, 0x0000000777e00000| Untracked 
| 127|0x0000000777f00000, 0x0000000777f00000, 0x0000000778000000|  0%| F|  |TAMS 0x0000000777f00000, 0x0000000777f00000| Untracked 
| 128|0x0000000778000000, 0x0000000778000000, 0x0000000778100000|  0%| F|  |TAMS 0x0000000778000000, 0x0000000778000000| Untracked 
| 129|0x0000000778100000, 0x0000000778100000, 0x0000000778200000|  0%| F|  |TAMS 0x0000000778100000, 0x0000000778100000| Untracked 
| 130|0x0000000778200000, 0x0000000778200000, 0x0000000778300000|  0%| F|  |TAMS 0x0000000778200000, 0x0000000778200000| Untracked 
| 131|0x0000000778300000, 0x0000000778300000, 0x0000000778400000|  0%| F|  |TAMS 0x0000000778300000, 0x0000000778300000| Untracked 
| 132|0x0000000778400000, 0x0000000778400000, 0x0000000778500000|  0%| F|  |TAMS 0x0000000778400000, 0x0000000778400000| Untracked 
| 133|0x0000000778500000, 0x0000000778500000, 0x0000000778600000|  0%| F|  |TAMS 0x0000000778500000, 0x0000000778500000| Untracked 
| 134|0x0000000778600000, 0x0000000778600000, 0x0000000778700000|  0%| F|  |TAMS 0x0000000778600000, 0x0000000778600000| Untracked 
| 135|0x0000000778700000, 0x0000000778700000, 0x0000000778800000|  0%| F|  |TAMS 0x0000000778700000, 0x0000000778700000| Untracked 
| 136|0x0000000778800000, 0x0000000778800000, 0x0000000778900000|  0%| F|  |TAMS 0x0000000778800000, 0x0000000778800000| Untracked 
| 137|0x0000000778900000, 0x0000000778900000, 0x0000000778a00000|  0%| F|  |TAMS 0x0000000778900000, 0x0000000778900000| Untracked 
| 138|0x0000000778a00000, 0x0000000778a00000, 0x0000000778b00000|  0%| F|  |TAMS 0x0000000778a00000, 0x0000000778a00000| Untracked 
| 139|0x0000000778b00000, 0x0000000778bdc5e8, 0x0000000778c00000| 86%| E|  |TAMS 0x0000000778b00000, 0x0000000778b00000| Complete 
| 140|0x0000000778c00000, 0x0000000778d00000, 0x0000000778d00000|100%| E|CS|TAMS 0x0000000778c00000, 0x0000000778c00000| Complete 
| 141|0x0000000778d00000, 0x0000000778e00000, 0x0000000778e00000|100%| E|CS|TAMS 0x0000000778d00000, 0x0000000778d00000| Complete 
| 142|0x0000000778e00000, 0x0000000778f00000, 0x0000000778f00000|100%| E|CS|TAMS 0x0000000778e00000, 0x0000000778e00000| Complete 
| 143|0x0000000778f00000, 0x0000000779000000, 0x0000000779000000|100%| E|CS|TAMS 0x0000000778f00000, 0x0000000778f00000| Complete 

Card table byte_map: [0x0000020450020000,0x00000204504a0000] _byte_map_base: 0x000002044c4a0000

Marking Bits (Prev, Next): (CMBitMap*) 0x00000204386e9598, (CMBitMap*) 0x00000204386e95d8
 Prev Bits: [0x0000020450920000, 0x0000020452d20000)
 Next Bits: [0x0000020452d20000, 0x0000020455120000)

Polling page: 0x0000020436450000

Metaspace:

Usage:
  Non-class:      4.19 MB capacity,     2.99 MB ( 71%) used,     1.19 MB ( 28%) free+waste,     7.31 KB ( <1%) overhead. 
      Class:    491.00 KB capacity,   336.63 KB ( 69%) used,   149.88 KB ( 31%) free+waste,     4.50 KB ( <1%) overhead. 
       Both:      4.67 MB capacity,     3.32 MB ( 71%) used,     1.34 MB ( 29%) free+waste,    11.81 KB ( <1%) overhead. 

Virtual space:
  Non-class space:        8.00 MB reserved,       4.25 MB ( 53%) committed 
      Class space:        1.00 GB reserved,     512.00 KB ( <1%) committed 
             Both:        1.01 GB reserved,       4.75 MB ( <1%) committed 

Chunk freelists:
   Non-Class:  0 bytes
       Class:  0 bytes
        Both:  0 bytes

MaxMetaspaceSize: 17179869184.00 GB
CompressedClassSpaceSize: 1.00 GB

CodeHeap 'non-profiled nmethods': size=120064Kb used=186Kb max_used=186Kb free=119877Kb
 bounds [0x0000020448660000, 0x00000204488d0000, 0x000002044fba0000]
CodeHeap 'profiled nmethods': size=120000Kb used=771Kb max_used=771Kb free=119228Kb
 bounds [0x0000020441130000, 0x00000204413a0000, 0x0000020448660000]
CodeHeap 'non-nmethods': size=5696Kb used=1190Kb max_used=1200Kb free=4505Kb
 bounds [0x0000020440ba0000, 0x0000020440e10000, 0x0000020441130000]
 total_blobs=1366 nmethods=528 adapters=357
 compilation: enabled
              stopped_count=0, restarted_count=0
 full_count=0

Compilation events (20 events):
Event: 2.655 Thread 0x00000204572eb000  519       3       java.lang.invoke.MethodType::parameterSlotCount (8 bytes)
Event: 2.655 Thread 0x00000204572eb000 nmethod 519 0x00000204411ed910 code [0x00000204411edac0, 0x00000204411edd38]
Event: 2.655 Thread 0x00000204572eb000  520       3       java.lang.invoke.MethodTypeForm::parameterSlotCount (9 bytes)
Event: 2.655 Thread 0x00000204572eb000 nmethod 520 0x00000204411ede10 code [0x00000204411edfc0, 0x00000204411ee1b8]
Event: 2.655 Thread 0x00000204572eb000  521       3       java.lang.invoke.MethodTypeForm::unpack (30 bytes)
Event: 2.655 Thread 0x00000204572eb000 nmethod 521 0x00000204411ee290 code [0x00000204411ee420, 0x00000204411ee598]
Event: 2.659 Thread 0x00000204572eb000  522       3       jdk.internal.org.objectweb.asm.SymbolTable::hash (15 bytes)
Event: 2.659 Thread 0x00000204572eb000 nmethod 522 0x00000204411ee610 code [0x00000204411ee7c0, 0x00000204411ee9a0]
Event: 2.660 Thread 0x00000204572eb000  523       3       jdk.internal.org.objectweb.asm.SymbolTable$Entry::<init> (18 bytes)
Event: 2.660 Thread 0x00000204572eb000 nmethod 523 0x00000204411eeb10 code [0x00000204411eecc0, 0x00000204411eeeb0]
Event: 2.661 Thread 0x00000204572eb000  524       3       java.lang.invoke.MethodHandle::<init> (37 bytes)
Event: 2.661 Thread 0x00000204572eb000 nmethod 524 0x00000204411eef90 code [0x00000204411ef1a0, 0x00000204411ef7a0]
Event: 2.661 Thread 0x00000204572eb000  525       3       java.lang.invoke.MemberName::isMethod (8 bytes)
Event: 2.661 Thread 0x00000204572eb000 nmethod 525 0x00000204411efa10 code [0x00000204411efbc0, 0x00000204411efe78]
Event: 2.669 Thread 0x00000204572eb000  526       1       java.lang.invoke.DirectMethodHandle::internalMemberName (5 bytes)
Event: 2.669 Thread 0x00000204572eb000 nmethod 526 0x000002044868e610 code [0x000002044868e7a0, 0x000002044868e8d8]
Event: 2.669 Thread 0x00000204572eb000  527       3       java.lang.invoke.MethodType::toMethodDescriptorString (28 bytes)
Event: 2.669 Thread 0x00000204572eb000 nmethod 527 0x00000204411eff90 code [0x00000204411f0140, 0x00000204411f03b0]
Event: 2.670 Thread 0x00000204572eb000  528       3       java.lang.invoke.MethodTypeForm::canonicalizeAll (66 bytes)
Event: 2.670 Thread 0x00000204572eb000 nmethod 528 0x00000204411f0490 code [0x00000204411f0680, 0x00000204411f0d80]

GC Heap History (0 events):
No events

Deoptimization events (10 events):
Event: 0.385 Thread 0x00000204386a2000 Uncommon trap: trap_request=0xffffff45 fr.pc=0x000002044866d794 relative=0x00000000000006b4
Event: 0.385 Thread 0x00000204386a2000 Uncommon trap: reason=unstable_if action=reinterpret pc=0x000002044866d794 method=java.util.HashMap.putVal(ILjava/lang/Object;Ljava/lang/Object;ZZ)Ljava/lang/Object; @ 69 c2
Event: 0.385 Thread 0x00000204386a2000 DEOPT PACKING pc=0x000002044866d794 sp=0x000000bc4fefeee0
Event: 0.385 Thread 0x00000204386a2000 DEOPT UNPACKING pc=0x0000020440be912f sp=0x000000bc4fefee80 mode 2
Event: 0.483 Thread 0x00000204386a2000 DEOPT PACKING pc=0x000002044116bd0e sp=0x000000bc4fefe1c0
Event: 0.483 Thread 0x00000204386a2000 DEOPT UNPACKING pc=0x0000020440be964e sp=0x000000bc4fefd660 mode 0
Event: 2.155 Thread 0x00000204572e7000 Uncommon trap: trap_request=0xffffff45 fr.pc=0x0000020448665924 relative=0x0000000000000084
Event: 2.155 Thread 0x00000204572e7000 Uncommon trap: reason=unstable_if action=reinterpret pc=0x0000020448665924 method=java.lang.String.isLatin1()Z @ 10 c2
Event: 2.155 Thread 0x00000204572e7000 DEOPT PACKING pc=0x0000020448665924 sp=0x000000bc508fe0d0
Event: 2.155 Thread 0x00000204572e7000 DEOPT UNPACKING pc=0x0000020440be912f sp=0x000000bc508fe010 mode 2

Classes unloaded (0 events):
No events

Classes redefined (0 events):
No events

Internal exceptions (4 events):
Event: 1.725 Thread 0x00000204386a2000 Exception <a 'java/lang/ClassNotFoundException'{0x0000000778c26178}: sun/awt/resources/spi/awtProvider> (0x0000000778c26178) 
thrown [t:/workspace/open/src/hotspot/share/classfile/systemDictionary.cpp, line 232]
Event: 2.133 Thread 0x00000204386a2000 Exception <a 'java/io/FileNotFoundException'{0x0000000778c76ed0}> (0x0000000778c76ed0) 
thrown [t:/workspace/open/src/hotspot/share/prims/jni.cpp, line 598]
Event: 2.145 Thread 0x00000204386a2000 Exception <a 'java/io/FileNotFoundException'{0x0000000778c9d6d0}> (0x0000000778c9d6d0) 
thrown [t:/workspace/open/src/hotspot/share/prims/jni.cpp, line 598]
Event: 2.668 Thread 0x000002045826b800 Exception <a 'java/lang/NoSuchMethodError'{0x0000000778bbd678}: 'void java.lang.invoke.DirectMethodHandle$Holder.invokeSpecial(java.lang.Object, java.lang.Object)'> (0x0000000778bbd678) 
thrown [t:/workspace/open/src/hotspot/share/interpreter/linkResolver.cpp, line 767]

Events (20 events):
Event: 2.657 loading class sun/awt/AWTAutoShutdown
Event: 2.658 loading class sun/awt/AWTAutoShutdown done
Event: 2.659 Thread 0x0000020458265000 Thread added: 0x0000020458265000
Event: 2.662 Thread 0x000002045826b800 Thread added: 0x000002045826b800
Event: 2.668 Executing VM operation: RevokeBias
Event: 2.668 Executing VM operation: RevokeBias done
Event: 2.669 Executing VM operation: RevokeBias
Event: 2.669 Executing VM operation: RevokeBias done
Event: 2.681 loading class sun/java2d/d3d/D3DRenderQueue
Event: 2.682 loading class sun/java2d/pipe/RenderQueue
Event: 2.682 loading class sun/java2d/pipe/RenderQueue done
Event: 2.682 loading class sun/java2d/d3d/D3DRenderQueue done
Event: 2.682 loading class sun/java2d/pipe/RenderBuffer
Event: 2.682 loading class sun/java2d/pipe/RenderBuffer done
Event: 2.682 loading class sun/java2d/d3d/D3DRenderQueue$1
Event: 2.683 loading class sun/java2d/d3d/D3DRenderQueue$1 done
Event: 2.683 loading class sun/java2d/d3d/D3DGraphicsDevice$1Result
Event: 2.683 loading class sun/java2d/d3d/D3DGraphicsDevice$1Result done
Event: 2.683 loading class sun/java2d/d3d/D3DGraphicsDevice$1
Event: 2.683 loading class sun/java2d/d3d/D3DGraphicsDevice$1 done


Dynamic libraries:
0x00007ff6e2920000 - 0x00007ff6e292f000 	C:\Program Files\Java\jdk-13.0.1\bin\java.exe
0x00007ff920200000 - 0x00007ff9203f0000 	C:\Windows\SYSTEM32\ntdll.dll
0x00007ff920070000 - 0x00007ff920122000 	C:\Windows\System32\KERNEL32.DLL
0x00007ff91de20000 - 0x00007ff91e0c3000 	C:\Windows\System32\KERNELBASE.dll
0x00007ff91dd20000 - 0x00007ff91de1a000 	C:\Windows\System32\ucrtbase.dll
0x00007ff90d7e0000 - 0x00007ff90d7f8000 	C:\Program Files\Java\jdk-13.0.1\bin\jli.dll
0x00007ff91f970000 - 0x00007ff91fa13000 	C:\Windows\System32\ADVAPI32.dll
0x00007ff91ffc0000 - 0x00007ff92005e000 	C:\Windows\System32\msvcrt.dll
0x00007ff91f0b0000 - 0x00007ff91f147000 	C:\Windows\System32\sechost.dll
0x00007ff91fa20000 - 0x00007ff91fb40000 	C:\Windows\System32\RPCRT4.dll
0x00007ff91e4e0000 - 0x00007ff91e674000 	C:\Windows\System32\USER32.dll
0x00007ff91e170000 - 0x00007ff91e191000 	C:\Windows\System32\win32u.dll
0x00007ff91e6e0000 - 0x00007ff91e706000 	C:\Windows\System32\GDI32.dll
0x00007ff91db80000 - 0x00007ff91dd14000 	C:\Windows\System32\gdi32full.dll
0x00007ff91e0d0000 - 0x00007ff91e16e000 	C:\Windows\System32\msvcp_win.dll
0x00007ff90d630000 - 0x00007ff90d645000 	C:\Program Files\Java\jdk-13.0.1\bin\VCRUNTIME140.dll
0x00007ff910040000 - 0x00007ff9102c5000 	C:\Windows\WinSxS\amd64_microsoft.windows.common-controls_6595b64144ccf1df_6.0.18362.418_none_e6c6b287130d565d\COMCTL32.dll
0x00007ff91ed00000 - 0x00007ff91f036000 	C:\Windows\System32\combase.dll
0x00007ff91dae0000 - 0x00007ff91db60000 	C:\Windows\System32\bcryptPrimitives.dll
0x00007ff918db0000 - 0x00007ff918dba000 	C:\Windows\SYSTEM32\VERSION.dll
0x00007ff920190000 - 0x00007ff9201be000 	C:\Windows\System32\IMM32.DLL
0x00007ff8f32b0000 - 0x00007ff8f334b000 	C:\Program Files\Java\jdk-13.0.1\bin\msvcp140.dll
0x00007ff8dcf50000 - 0x00007ff8ddab6000 	C:\Program Files\Java\jdk-13.0.1\bin\server\jvm.dll
0x00007ff91fb40000 - 0x00007ff91fb48000 	C:\Windows\System32\PSAPI.DLL
0x00007ff9096c0000 - 0x00007ff9096c9000 	C:\Windows\SYSTEM32\WSOCK32.dll
0x00007ff91eb30000 - 0x00007ff91eb9f000 	C:\Windows\System32\WS2_32.dll
0x00007ff91b2d0000 - 0x00007ff91b2f4000 	C:\Windows\SYSTEM32\WINMM.dll
0x00007ff91b2a0000 - 0x00007ff91b2cd000 	C:\Windows\SYSTEM32\WINMMBASE.dll
0x00007ff91da60000 - 0x00007ff91daaa000 	C:\Windows\System32\cfgmgr32.dll
0x00007ff91d120000 - 0x00007ff91d131000 	C:\Windows\System32\kernel.appcore.dll
0x00007ff919920000 - 0x00007ff919930000 	C:\Program Files\Java\jdk-13.0.1\bin\verify.dll
0x00007ff9107d0000 - 0x00007ff9109c4000 	C:\Windows\SYSTEM32\DBGHELP.DLL
0x00007ff90ebe0000 - 0x00007ff90ec0a000 	C:\Windows\SYSTEM32\dbgcore.DLL
0x00007ff909ba0000 - 0x00007ff909bc6000 	C:\Program Files\Java\jdk-13.0.1\bin\java.dll
0x00007ff910030000 - 0x00007ff91003e000 	C:\Program Files\Java\jdk-13.0.1\bin\instrument.dll
0x00007ff90b850000 - 0x00007ff90b867000 	C:\Program Files\Java\jdk-13.0.1\bin\zip.dll
0x00007ff917c60000 - 0x00007ff917c6a000 	C:\Program Files\Java\jdk-13.0.1\bin\jimage.dll
0x00007ff91f280000 - 0x00007ff91f965000 	C:\Windows\System32\SHELL32.dll
0x00007ff91e950000 - 0x00007ff91e9f9000 	C:\Windows\System32\shcore.dll
0x00007ff91d2e0000 - 0x00007ff91da5f000 	C:\Windows\System32\windows.storage.dll
0x00007ff91d100000 - 0x00007ff91d11f000 	C:\Windows\System32\profapi.dll
0x00007ff91d140000 - 0x00007ff91d18a000 	C:\Windows\System32\powrprof.dll
0x00007ff91d0d0000 - 0x00007ff91d0e0000 	C:\Windows\System32\UMPDC.dll
0x00007ff920130000 - 0x00007ff920182000 	C:\Windows\System32\shlwapi.dll
0x00007ff91db60000 - 0x00007ff91db77000 	C:\Windows\System32\cryptsp.dll
0x00007ff90ac40000 - 0x00007ff90ac59000 	C:\Program Files\Java\jdk-13.0.1\bin\net.dll
0x00007ff917410000 - 0x00007ff917500000 	C:\Windows\SYSTEM32\WINHTTP.dll
0x00007ff91c8e0000 - 0x00007ff91c947000 	C:\Windows\system32\mswsock.dll
0x00007ff909280000 - 0x00007ff909293000 	C:\Program Files\Java\jdk-13.0.1\bin\nio.dll
0x00007ff909200000 - 0x00007ff90921a000 	C:\Users\TAYE\AppData\Local\JetBrains\IntelliJ IDEA Community Edition 2019.2.1\bin\breakgen64.dll
0x00007ff8f1b90000 - 0x00007ff8f1d29000 	C:\Program Files\Java\jdk-13.0.1\bin\awt.dll
0x00007ff91e2b0000 - 0x00007ff91e374000 	C:\Windows\System32\OLEAUT32.dll
0x00007ff919fb0000 - 0x00007ff91a570000 	C:\Windows\SYSTEM32\d2d1.dll
0x00007ff91b080000 - 0x00007ff91b10f000 	C:\Windows\SYSTEM32\apphelp.dll
0x00007ff91b850000 - 0x00007ff91b87d000 	C:\Windows\system32\DWMAPI.DLL
0x00007ff91b410000 - 0x00007ff91b4a9000 	C:\Windows\system32\uxtheme.dll
0x00007ff8e49f0000 - 0x00007ff8e4b46000 	C:\Windows\system32\opengl32.dll
0x00007ff916d00000 - 0x00007ff916d2c000 	C:\Windows\SYSTEM32\GLU32.dll
0x00007ff91bd20000 - 0x00007ff91bd40000 	C:\Windows\SYSTEM32\dxcore.dll
0x00007ff91e380000 - 0x00007ff91e4b6000 	C:\Windows\System32\MSCTF.dll
0x00007ff91eba0000 - 0x00007ff91ecf6000 	C:\Windows\System32\ole32.dll
0x00007ff8e6740000 - 0x00007ff8e6907000 	C:\Windows\system32\d3d9.dll
0x00007ff914300000 - 0x00007ff91453f000 	C:\Windows\SYSTEM32\VBoxDispD3D.dll
0x00007ff913900000 - 0x00007ff913aaf000 	C:\Windows\system32\VBoxSVGA.dll
0x00007ff913e90000 - 0x00007ff913fbf000 	C:\Windows\system32\VBoxNine.dll

dbghelp: loaded successfully - version: 4.0.5 - missing functions: none
symbol engine: initialized successfully - sym options: 0x614 - pdb path: .;C:\Program Files\Java\jdk-13.0.1\bin;C:\Windows\SYSTEM32;C:\Windows\WinSxS\amd64_microsoft.windows.common-controls_6595b64144ccf1df_6.0.18362.418_none_e6c6b287130d565d;C:\Program Files\Java\jdk-13.0.1\bin\server;C:\Users\TAYE\AppData\Local\JetBrains\IntelliJ IDEA Community Edition 2019.2.1\bin

VM Arguments:
jvm_args: -javaagent:C:\Users\TAYE\AppData\Local\JetBrains\IntelliJ IDEA Community Edition 2019.2.1\lib\idea_rt.jar=50428:C:\Users\TAYE\AppData\Local\JetBrains\IntelliJ IDEA Community Edition 2019.2.1\bin -Dfile.encoding=UTF-8 
java_command: com.javarush.task.task34.task3410.controller.Controller
java_class_path (initial): C:\Users\TAYE\Sync\JavaRushTasks\out\production\4.JavaCollections;C:\Users\TAYE\Sync\JavaRushTasks\out\production\3.JavaMultithreading;C:\Users\TAYE\Sync\JavaRushTasks\out\production\2.JavaCore;C:\Users\TAYE\Sync\jackson-databind-2.9.8.jar;C:\Users\TAYE\Sync\jackson-core-2.9.8.jar;C:\Users\TAYE\Sync\jackson-annotations-2.9.8.jar;C:\Users\TAYE\Sync\testtask.zip;C:\Users\TAYE\Sync\javax.mail.jar;C:\Users\TAYE\Sync\jsoup-1.12.1.jar;C:\Users\TAYE\Sync\slf4j-2.0.0-alpha0.zip;C:\Users\TAYE\Sync\javax.mail-api-1.4.7.jar;C:\Users\TAYE\Sync\jsoup-1.12.1-sources.jar;C:\Users\TAYE\Sync\javax.activation-1.2.0.jar;C:\Users\TAYE\Sync\slf4j-1.7.26\slf4j-api-1.7.26.jar;C:\Users\TAYE\Sync\slf4j-1.7.26\slf4j-ext-1.7.26.jar;C:\Users\TAYE\Sync\slf4j-1.7.26\slf4j-jcl-1.7.26.jar;C:\Users\TAYE\Sync\slf4j-1.7.26\slf4j-nop-1.7.26.jar;C:\Users\TAYE\Sync\slf4j-1.7.26\slf4j-jdk14-1.7.26.jar;C:\Users\TAYE\Sync\slf4j-1.7.26\jul-to-slf4j-1.7.26.jar;C:\Users\TAYE\Sync\slf4j-1.7.26\slf4j-simple-1.7.26.jar;C:\Users\TAYE\Sync\slf4j-1.7.26\slf4j-android-1.7.26.jar;C:\Users\TAYE\Sync\slf4j-1.7.26\slf4j-log4j12-1.7.26.jar;C:\Users\TAYE\Sync\slf4j-1.7.26\jcl-over-slf4j-1.7.26.jar;C:\Users\TAYE\Sync\slf4j-1.7.26\slf4j-migrator-1.7.26.jar;C:\Users\TAYE\Sync\slf4j-1.7.26\osgi-over-slf4j-1.7.26.jar;C:\Users\TAYE\Sync\slf4j-1.7.26\log4j-over-slf4j-1.7.26.jar;C:\Users\TAYE\Sync\slf4j-1.7.26\slf4j-api-1.7.26-sources.jar;C:\Users\TAYE\Sync\slf4j-1.7.26\slf4j-ext-1.7.26-sources.jar;C:\Users\TAYE\Sync\slf4j-1.7.26\slf4j-jcl-1.7.26-sources.jar;C:\Users\TAYE\Sync\slf4j-1.7.26\slf4j-nop-1.7.26-sources.jar;C:\Users\TAYE\Sync\slf4j-1.7.26\slf4j-jdk14-1.7.26-sources.jar;C:\Users\TAYE\Sync\slf4j-1.7.26\jul-to-slf4j-1.7.26-sources.jar;C:\Users\TAYE\Sync\slf4j-1.7.26\slf4j-simple-1.7.26-sources.jar;C:\Users\TAYE\Sync\slf4j-1.7.26\slf4j-android-1.7.26-sources.jar;C:\Users\TAYE\Sync\slf4j-1.7.26\slf4j-log4j12-1.7.26-sources.jar;C:\Users\TAYE\Sync\slf4j-1.7.26\jcl-over-slf4j-1.7.26-sources.jar;C:\
Launcher Type: SUN_STANDARD

[Global flags]
     intx CICompilerCount                          = 2                                         {product} {ergonomic}
     uint ConcGCThreads                            = 1                                         {product} {ergonomic}
     uint G1ConcRefinementThreads                  = 2                                         {product} {ergonomic}
   size_t G1HeapRegionSize                         = 1048576                                   {product} {ergonomic}
    uintx GCDrainStackTargetSize                   = 64                                        {product} {ergonomic}
   size_t InitialHeapSize                          = 150994944                                 {product} {ergonomic}
   size_t MarkStackSize                            = 4194304                                   {product} {ergonomic}
   size_t MaxHeapSize                              = 2415919104                                {product} {ergonomic}
   size_t MaxNewSize                               = 1449132032                                {product} {ergonomic}
   size_t MinHeapDeltaBytes                        = 1048576                                   {product} {ergonomic}
   size_t MinHeapSize                              = 8388608                                   {product} {ergonomic}
    uintx NonNMethodCodeHeapSize                   = 5825164                                {pd product} {ergonomic}
    uintx NonProfiledCodeHeapSize                  = 122916538                              {pd product} {ergonomic}
    uintx ProfiledCodeHeapSize                     = 122916538                              {pd product} {ergonomic}
    uintx ReservedCodeCacheSize                    = 251658240                              {pd product} {ergonomic}
     bool SegmentedCodeCache                       = true                                      {product} {ergonomic}
   size_t SoftMaxHeapSize                          = 2415919104                             {manageable} {ergonomic}
     bool UseCompressedClassPointers               = true                                 {lp64_product} {ergonomic}
     bool UseCompressedOops                        = true                                 {lp64_product} {ergonomic}
     bool UseG1GC                                  = true                                      {product} {ergonomic}
     bool UseLargePagesIndividualAllocation        = false                                  {pd product} {ergonomic}

Logging:
Log output configuration:
 #0: stdout all=warning uptime,level,tags
 #1: stderr all=off uptime,level,tags

Environment Variables:
PATH=C:\Windows\system32;C:\Windows;C:\Windows\System32\Wbem;C:\Windows\System32\WindowsPowerShell\v1.0\;C:\Windows\System32\OpenSSH\;C:\Program Files\Git\cmd;C:\Users\TAYE\AppData\Local\Microsoft\WindowsApps;;C:\Program Files\JetBrains\IntelliJ IDEA Community Edition 2019.2.3\bin;;C:\Users\TAYE\AppData\Local\JetBrains\IntelliJ IDEA 2019.2.2\bin;
USERNAME=TAYE
OS=Windows_NT
PROCESSOR_IDENTIFIER=Intel64 Family 6 Model 158 Stepping 9, GenuineIntel



---------------  S Y S T E M  ---------------

OS: Windows 10 , 64 bit Build 18362 (10.0.18362.329)

CPU:total 2 (initial active 2) (2 cores per cpu, 1 threads per core) family 6 model 158 stepping 9, cmov, cx8, fxsr, mmx, sse, sse2, sse3, ssse3, sse4.1, sse4.2, popcnt, avx, avx2, aes, clmul, 3dnowpref, lzcnt, tsc, tscinvbit

Memory: 4k page, system-wide physical 9215M (4637M free)
TotalPageFile size 11263M (AvailPageFile size 5611M)
current process WorkingSet (physical memory assigned to process): 47M, peak: 48M
current process commit charge ("private bytes"): 225M, peak: 257M

vm_info: Java HotSpot(TM) 64-Bit Server VM (13.0.1+9) for windows-amd64 JRE (13.0.1+9), built on Oct  6 2019 12:37:49 by "mach5one" with unknown MS VC++:1916

END.
