#
# A fatal error has been detected by the Java Runtime Environment:
#
#  Internal Error (t:/workspace/hotspot/src/os_cpu/windows_x86/vm/os_windows_x86.cpp:144), pid=6648, tid=4192
#  guarantee(result == EXCEPTION_CONTINUE_EXECUTION) failed: Unexpected result from topLevelExceptionFilter
#
# JRE version: Java(TM) SE Runtime Environment (9.0+11) (build 9.0.4+11)
# Java VM: Java HotSpot(TM) 64-Bit Server VM (9.0.4+11, mixed mode, tiered, compressed oops, g1 gc, windows-amd64)
# No core dump will be written. Minidumps are not enabled by default on client versions of Windows
#
# If you would like to submit a bug report, please visit:
#   http://bugreport.java.com/bugreport/crash.jsp
# The crash happened outside the Java Virtual Machine in native code.
# See problematic frame for where to report the bug.
#

---------------  S U M M A R Y ------------

Command Line: -javaagent:C:\Users\TAYE\AppData\Local\JetBrains\IntelliJ IDEA Community Edition 2019.2.1\lib\idea_rt.jar=53932:C:\Users\TAYE\AppData\Local\JetBrains\IntelliJ IDEA Community Edition 2019.2.1\bin -Dfile.encoding=UTF-8 com.javarush.task.task34.task3410.controller.Controller

Host: Intel(R) Core(TM) i3-7100 CPU @ 3.90GHz, 2 cores, 8G,  Windows 10 , 64 bit Build 18362 (10.0.18362.329)
Time: Fri Oct 25 14:18:17 2019 FLE Daylight Time elapsed time: 2 seconds (0d 0h 0m 2s)

---------------  T H R E A D  ---------------

Current thread (0x000001de1e88b000):  JavaThread "AWT-Windows" daemon [_thread_in_native, id=4192, stack(0x0000005b3ee00000,0x0000005b3ef00000)]

Stack: [0x0000005b3ee00000,0x0000005b3ef00000]
Native frames: (J=compiled Java code, j=interpreted, Vv=VM code, C=native code)
V  [jvm.dll+0x587068]
V  [jvm.dll+0x69c25e]
V  [jvm.dll+0x69d17a]
V  [jvm.dll+0x69d766]
V  [jvm.dll+0x21d0e9]
V  [jvm.dll+0x586cbc]
C  [ntdll.dll+0xa11ff]
C  [ntdll.dll+0x6a289]
C  [ntdll.dll+0x9fe6e]
C  [VBoxSVGA.dll+0x17e9]
C  [VBoxSVGA.dll+0x1338b]
C  [VBoxSVGA.dll+0x495fe]
C  [VBoxSVGA.dll+0x11bdd]
C  [VBoxSVGA.dll+0x1c88]
C  [VBoxSVGA.dll+0x1ace]
C  [VBoxSVGA.dll+0x1ed9]
C  [VBoxDispD3D.dll+0x10057]
C  [VBoxDispD3D.dll+0x103d1]
C  [VBoxDispD3D.dll+0xfe21]
C  [VBoxDispD3D.dll+0xa8a5]
C  [VBoxDispD3D.dll+0xa247]
C  [VBoxDispD3D.dll+0xca48]
C  [d3d9.dll+0x1fd4c]
C  [d3d9.dll+0x1f939]
C  [d3d9.dll+0x2c83b]
C  [d3d9.dll+0x11cfe]
C  [d3d9.dll+0x12366]
C  [d3d9.dll+0x13180]
C  [d3d9.dll+0x15a67]
C  [d3d9.dll+0xb915]
C  [d3d9.dll+0xb409]
C  [d3d9.dll+0x16754]
C  [awt.dll+0x19377]
C  [awt.dll+0x199e8]
C  [awt.dll+0x194ef]
C  [awt.dll+0x1f283]
C  [awt.dll+0x1c4c9]
C  0x000001de0a66919c

Java frames: (J=compiled Java code, j=interpreted, Vv=VM code)
j  sun.java2d.d3d.D3DGraphicsDevice.getDeviceCapsNative(I)I+0 java.desktop@9.0.4
j  sun.java2d.d3d.D3DGraphicsDevice.access$000(I)I+1 java.desktop@9.0.4
j  sun.java2d.d3d.D3DGraphicsDevice$1.run()V+8 java.desktop@9.0.4
v  ~StubRoutines::call_stub
j  sun.awt.windows.WToolkit.eventLoop()V+0 java.desktop@9.0.4
j  sun.awt.windows.WToolkit.run()V+50 java.desktop@9.0.4
j  java.lang.Thread.run()V+11 java.base@9.0.4
v  ~StubRoutines::call_stub

---------------  P R O C E S S  ---------------

Java Threads: ( => current thread )
=>0x000001de1e88b000 JavaThread "AWT-Windows" daemon [_thread_in_native, id=4192, stack(0x0000005b3ee00000,0x0000005b3ef00000)]
  0x000001de1e87c800 JavaThread "AWT-Shutdown" [_thread_blocked, id=2460, stack(0x0000005b3ed00000,0x0000005b3ee00000)]
  0x000001de1e87b800 JavaThread "Java2D Disposer" daemon [_thread_blocked, id=2176, stack(0x0000005b3ec00000,0x0000005b3ed00000)]
  0x000001de1e487800 JavaThread "Service Thread" daemon [_thread_blocked, id=4988, stack(0x0000005b3e900000,0x0000005b3ea00000)]
  0x000001de1e487000 JavaThread "Monitor Ctrl-Break" daemon [_thread_in_native, id=6288, stack(0x0000005b3e800000,0x0000005b3e900000)]
  0x000001de7fbb5800 JavaThread "Common-Cleaner" daemon [_thread_blocked, id=1356, stack(0x0000005b3e700000,0x0000005b3e800000)]
  0x000001de7fbac000 JavaThread "Sweeper thread" daemon [_thread_blocked, id=1040, stack(0x0000005b3e600000,0x0000005b3e700000)]
  0x000001de7fba5800 JavaThread "C1 CompilerThread1" daemon [_thread_blocked, id=4292, stack(0x0000005b3e500000,0x0000005b3e600000)]
  0x000001de7fb3f800 JavaThread "C2 CompilerThread0" daemon [_thread_blocked, id=216, stack(0x0000005b3e400000,0x0000005b3e500000)]
  0x000001de7fb3d800 JavaThread "Attach Listener" daemon [_thread_blocked, id=9712, stack(0x0000005b3e300000,0x0000005b3e400000)]
  0x000001de7fb3c800 JavaThread "Signal Dispatcher" daemon [_thread_blocked, id=844, stack(0x0000005b3e200000,0x0000005b3e300000)]
  0x000001de7fae1800 JavaThread "Finalizer" daemon [_thread_blocked, id=8240, stack(0x0000005b3e100000,0x0000005b3e200000)]
  0x000001de7fad8800 JavaThread "Reference Handler" daemon [_thread_blocked, id=1216, stack(0x0000005b3e000000,0x0000005b3e100000)]
  0x000001de7a37a000 JavaThread "main" [_thread_in_native, id=4332, stack(0x0000005b3d700000,0x0000005b3d800000)]

Other Threads:
  0x000001de7facb800 VMThread "VM Thread" [stack: 0x0000005b3df00000,0x0000005b3e000000] [id=752]
  0x000001de1e552000 WatcherThread [stack: 0x0000005b3ea00000,0x0000005b3eb00000] [id=5744]
  0x000001de7a390800 GCTaskThread "GC Thread#0" [stack: 0x0000005b3d800000,0x0000005b3d900000] [id=5776]
  0x000001de7a391800 GCTaskThread "GC Thread#1" [stack: 0x0000005b3d900000,0x0000005b3da00000] [id=324]
  0x000001de7a40c000 ConcurrentGCThread "G1 Main Marker" [stack: 0x0000005b3dd00000,0x0000005b3de00000] [id=3564]
  0x000001de7a40d800 ConcurrentGCThread "G1 Marker#0" [stack: 0x0000005b3de00000,0x0000005b3df00000] [id=7184]
  0x000001de7a395800 ConcurrentGCThread "G1 Refine#0" [stack: 0x0000005b3db00000,0x0000005b3dc00000] [id=1776]
  0x000001de7a394000 ConcurrentGCThread "G1 Refine#1" [stack: 0x0000005b3da00000,0x0000005b3db00000] [id=1296]
  0x000001de7a398800 ConcurrentGCThread "G1 Young RemSet Sampling" [stack: 0x0000005b3dc00000,0x0000005b3dd00000] [id=5436]

Threads with active compile tasks:

VM state:not at safepoint (normal execution)

VM Mutex/Monitor currently owned by a thread: None

Heap address: 0x0000000730000000, size: 2304 MB, Compressed Oops mode: Zero based, Oop shift amount: 3
Narrow klass base: 0x0000000000000000, Narrow klass shift: 3
Compressed class space size: 1073741824 Address: 0x00000007c0000000

Heap:
 garbage-first heap   total 147456K, used 5416K [0x0000000730000000, 0x0000000730100480, 0x00000007c0000000)
  region size 1024K, 5 young (5120K), 1 survivors (1024K)
 Metaspace       used 9948K, capacity 10312K, committed 10624K, reserved 1058816K
  class space    used 947K, capacity 1027K, committed 1152K, reserved 1048576K
Heap Regions: E=young(eden), S=young(survivor), O=old, HS=humongous(starts), HC=humongous(continues), CS=collection set, F=free, A=archive, TS=gc time stamp, AC=allocation context, TAMS=top-at-mark-start (previous, next)
|   0|0x0000000730000000, 0x0000000730100000, 0x0000000730100000|100%| O|  |TS  1|AC  0|TAMS 0x0000000730000000, 0x0000000730000000|
|   1|0x0000000730100000, 0x000000073014a000, 0x0000000730200000| 28%| O|  |TS  1|AC  0|TAMS 0x0000000730100000, 0x0000000730100000|
|   2|0x0000000730200000, 0x0000000730200000, 0x0000000730300000|  0%| F|  |TS  0|AC  0|TAMS 0x0000000730200000, 0x0000000730200000|
|   3|0x0000000730300000, 0x0000000730300000, 0x0000000730400000|  0%| F|  |TS  0|AC  0|TAMS 0x0000000730300000, 0x0000000730300000|
|   4|0x0000000730400000, 0x0000000730400000, 0x0000000730500000|  0%| F|  |TS  0|AC  0|TAMS 0x0000000730400000, 0x0000000730400000|
|   5|0x0000000730500000, 0x0000000730500000, 0x0000000730600000|  0%| F|  |TS  0|AC  0|TAMS 0x0000000730500000, 0x0000000730500000|
|   6|0x0000000730600000, 0x0000000730600000, 0x0000000730700000|  0%| F|  |TS  0|AC  0|TAMS 0x0000000730600000, 0x0000000730600000|
|   7|0x0000000730700000, 0x0000000730700000, 0x0000000730800000|  0%| F|  |TS  0|AC  0|TAMS 0x0000000730700000, 0x0000000730700000|
|   8|0x0000000730800000, 0x0000000730800000, 0x0000000730900000|  0%| F|  |TS  0|AC  0|TAMS 0x0000000730800000, 0x0000000730800000|
|   9|0x0000000730900000, 0x0000000730900000, 0x0000000730a00000|  0%| F|  |TS  0|AC  0|TAMS 0x0000000730900000, 0x0000000730900000|
|  10|0x0000000730a00000, 0x0000000730a00000, 0x0000000730b00000|  0%| F|  |TS  0|AC  0|TAMS 0x0000000730a00000, 0x0000000730a00000|
|  11|0x0000000730b00000, 0x0000000730b00000, 0x0000000730c00000|  0%| F|  |TS  0|AC  0|TAMS 0x0000000730b00000, 0x0000000730b00000|
|  12|0x0000000730c00000, 0x0000000730c00000, 0x0000000730d00000|  0%| F|  |TS  0|AC  0|TAMS 0x0000000730c00000, 0x0000000730c00000|
|  13|0x0000000730d00000, 0x0000000730d00000, 0x0000000730e00000|  0%| F|  |TS  0|AC  0|TAMS 0x0000000730d00000, 0x0000000730d00000|
|  14|0x0000000730e00000, 0x0000000730e00000, 0x0000000730f00000|  0%| F|  |TS  0|AC  0|TAMS 0x0000000730e00000, 0x0000000730e00000|
|  15|0x0000000730f00000, 0x0000000730f00000, 0x0000000731000000|  0%| F|  |TS  0|AC  0|TAMS 0x0000000730f00000, 0x0000000730f00000|
|  16|0x0000000731000000, 0x0000000731000000, 0x0000000731100000|  0%| F|  |TS  0|AC  0|TAMS 0x0000000731000000, 0x0000000731000000|
|  17|0x0000000731100000, 0x0000000731100000, 0x0000000731200000|  0%| F|  |TS  0|AC  0|TAMS 0x0000000731100000, 0x0000000731100000|
|  18|0x0000000731200000, 0x0000000731200000, 0x0000000731300000|  0%| F|  |TS  0|AC  0|TAMS 0x0000000731200000, 0x0000000731200000|
|  19|0x0000000731300000, 0x0000000731300000, 0x0000000731400000|  0%| F|  |TS  0|AC  0|TAMS 0x0000000731300000, 0x0000000731300000|
|  20|0x0000000731400000, 0x0000000731400000, 0x0000000731500000|  0%| F|  |TS  0|AC  0|TAMS 0x0000000731400000, 0x0000000731400000|
|  21|0x0000000731500000, 0x0000000731500000, 0x0000000731600000|  0%| F|  |TS  0|AC  0|TAMS 0x0000000731500000, 0x0000000731500000|
|  22|0x0000000731600000, 0x0000000731600000, 0x0000000731700000|  0%| F|  |TS  0|AC  0|TAMS 0x0000000731600000, 0x0000000731600000|
|  23|0x0000000731700000, 0x0000000731700000, 0x0000000731800000|  0%| F|  |TS  0|AC  0|TAMS 0x0000000731700000, 0x0000000731700000|
|  24|0x0000000731800000, 0x0000000731800000, 0x0000000731900000|  0%| F|  |TS  0|AC  0|TAMS 0x0000000731800000, 0x0000000731800000|
|  25|0x0000000731900000, 0x0000000731900000, 0x0000000731a00000|  0%| F|  |TS  0|AC  0|TAMS 0x0000000731900000, 0x0000000731900000|
|  26|0x0000000731a00000, 0x0000000731a00000, 0x0000000731b00000|  0%| F|  |TS  0|AC  0|TAMS 0x0000000731a00000, 0x0000000731a00000|
|  27|0x0000000731b00000, 0x0000000731b00000, 0x0000000731c00000|  0%| F|  |TS  0|AC  0|TAMS 0x0000000731b00000, 0x0000000731b00000|
|  28|0x0000000731c00000, 0x0000000731c00000, 0x0000000731d00000|  0%| F|  |TS  0|AC  0|TAMS 0x0000000731c00000, 0x0000000731c00000|
|  29|0x0000000731d00000, 0x0000000731d00000, 0x0000000731e00000|  0%| F|  |TS  0|AC  0|TAMS 0x0000000731d00000, 0x0000000731d00000|
|  30|0x0000000731e00000, 0x0000000731e00000, 0x0000000731f00000|  0%| F|  |TS  0|AC  0|TAMS 0x0000000731e00000, 0x0000000731e00000|
|  31|0x0000000731f00000, 0x0000000731f00000, 0x0000000732000000|  0%| F|  |TS  0|AC  0|TAMS 0x0000000731f00000, 0x0000000731f00000|
|  32|0x0000000732000000, 0x0000000732000000, 0x0000000732100000|  0%| F|  |TS  0|AC  0|TAMS 0x0000000732000000, 0x0000000732000000|
|  33|0x0000000732100000, 0x0000000732100000, 0x0000000732200000|  0%| F|  |TS  0|AC  0|TAMS 0x0000000732100000, 0x0000000732100000|
|  34|0x0000000732200000, 0x0000000732200000, 0x0000000732300000|  0%| F|  |TS  0|AC  0|TAMS 0x0000000732200000, 0x0000000732200000|
|  35|0x0000000732300000, 0x0000000732300000, 0x0000000732400000|  0%| F|  |TS  0|AC  0|TAMS 0x0000000732300000, 0x0000000732300000|
|  36|0x0000000732400000, 0x0000000732400000, 0x0000000732500000|  0%| F|  |TS  0|AC  0|TAMS 0x0000000732400000, 0x0000000732400000|
|  37|0x0000000732500000, 0x0000000732500000, 0x0000000732600000|  0%| F|  |TS  0|AC  0|TAMS 0x0000000732500000, 0x0000000732500000|
|  38|0x0000000732600000, 0x0000000732600000, 0x0000000732700000|  0%| F|  |TS  0|AC  0|TAMS 0x0000000732600000, 0x0000000732600000|
|  39|0x0000000732700000, 0x0000000732700000, 0x0000000732800000|  0%| F|  |TS  0|AC  0|TAMS 0x0000000732700000, 0x0000000732700000|
|  40|0x0000000732800000, 0x0000000732800000, 0x0000000732900000|  0%| F|  |TS  0|AC  0|TAMS 0x0000000732800000, 0x0000000732800000|
|  41|0x0000000732900000, 0x0000000732900000, 0x0000000732a00000|  0%| F|  |TS  0|AC  0|TAMS 0x0000000732900000, 0x0000000732900000|
|  42|0x0000000732a00000, 0x0000000732a00000, 0x0000000732b00000|  0%| F|  |TS  0|AC  0|TAMS 0x0000000732a00000, 0x0000000732a00000|
|  43|0x0000000732b00000, 0x0000000732b00000, 0x0000000732c00000|  0%| F|  |TS  0|AC  0|TAMS 0x0000000732b00000, 0x0000000732b00000|
|  44|0x0000000732c00000, 0x0000000732c00000, 0x0000000732d00000|  0%| F|  |TS  0|AC  0|TAMS 0x0000000732c00000, 0x0000000732c00000|
|  45|0x0000000732d00000, 0x0000000732d00000, 0x0000000732e00000|  0%| F|  |TS  0|AC  0|TAMS 0x0000000732d00000, 0x0000000732d00000|
|  46|0x0000000732e00000, 0x0000000732e00000, 0x0000000732f00000|  0%| F|  |TS  0|AC  0|TAMS 0x0000000732e00000, 0x0000000732e00000|
|  47|0x0000000732f00000, 0x0000000732f00000, 0x0000000733000000|  0%| F|  |TS  0|AC  0|TAMS 0x0000000732f00000, 0x0000000732f00000|
|  48|0x0000000733000000, 0x0000000733000000, 0x0000000733100000|  0%| F|  |TS  0|AC  0|TAMS 0x0000000733000000, 0x0000000733000000|
|  49|0x0000000733100000, 0x0000000733100000, 0x0000000733200000|  0%| F|  |TS  0|AC  0|TAMS 0x0000000733100000, 0x0000000733100000|
|  50|0x0000000733200000, 0x0000000733200000, 0x0000000733300000|  0%| F|  |TS  0|AC  0|TAMS 0x0000000733200000, 0x0000000733200000|
|  51|0x0000000733300000, 0x0000000733300000, 0x0000000733400000|  0%| F|  |TS  0|AC  0|TAMS 0x0000000733300000, 0x0000000733300000|
|  52|0x0000000733400000, 0x0000000733400000, 0x0000000733500000|  0%| F|  |TS  0|AC  0|TAMS 0x0000000733400000, 0x0000000733400000|
|  53|0x0000000733500000, 0x0000000733500000, 0x0000000733600000|  0%| F|  |TS  0|AC  0|TAMS 0x0000000733500000, 0x0000000733500000|
|  54|0x0000000733600000, 0x0000000733600000, 0x0000000733700000|  0%| F|  |TS  0|AC  0|TAMS 0x0000000733600000, 0x0000000733600000|
|  55|0x0000000733700000, 0x0000000733700000, 0x0000000733800000|  0%| F|  |TS  0|AC  0|TAMS 0x0000000733700000, 0x0000000733700000|
|  56|0x0000000733800000, 0x0000000733800000, 0x0000000733900000|  0%| F|  |TS  0|AC  0|TAMS 0x0000000733800000, 0x0000000733800000|
|  57|0x0000000733900000, 0x0000000733900000, 0x0000000733a00000|  0%| F|  |TS  0|AC  0|TAMS 0x0000000733900000, 0x0000000733900000|
|  58|0x0000000733a00000, 0x0000000733a00000, 0x0000000733b00000|  0%| F|  |TS  0|AC  0|TAMS 0x0000000733a00000, 0x0000000733a00000|
|  59|0x0000000733b00000, 0x0000000733b00000, 0x0000000733c00000|  0%| F|  |TS  0|AC  0|TAMS 0x0000000733b00000, 0x0000000733b00000|
|  60|0x0000000733c00000, 0x0000000733c00000, 0x0000000733d00000|  0%| F|  |TS  0|AC  0|TAMS 0x0000000733c00000, 0x0000000733c00000|
|  61|0x0000000733d00000, 0x0000000733d00000, 0x0000000733e00000|  0%| F|  |TS  0|AC  0|TAMS 0x0000000733d00000, 0x0000000733d00000|
|  62|0x0000000733e00000, 0x0000000733e00000, 0x0000000733f00000|  0%| F|  |TS  0|AC  0|TAMS 0x0000000733e00000, 0x0000000733e00000|
|  63|0x0000000733f00000, 0x0000000733f00000, 0x0000000734000000|  0%| F|  |TS  0|AC  0|TAMS 0x0000000733f00000, 0x0000000733f00000|
|  64|0x0000000734000000, 0x0000000734000000, 0x0000000734100000|  0%| F|  |TS  0|AC  0|TAMS 0x0000000734000000, 0x0000000734000000|
|  65|0x0000000734100000, 0x0000000734100000, 0x0000000734200000|  0%| F|  |TS  0|AC  0|TAMS 0x0000000734100000, 0x0000000734100000|
|  66|0x0000000734200000, 0x0000000734200000, 0x0000000734300000|  0%| F|  |TS  0|AC  0|TAMS 0x0000000734200000, 0x0000000734200000|
|  67|0x0000000734300000, 0x0000000734300000, 0x0000000734400000|  0%| F|  |TS  0|AC  0|TAMS 0x0000000734300000, 0x0000000734300000|
|  68|0x0000000734400000, 0x0000000734400000, 0x0000000734500000|  0%| F|  |TS  0|AC  0|TAMS 0x0000000734400000, 0x0000000734400000|
|  69|0x0000000734500000, 0x0000000734500000, 0x0000000734600000|  0%| F|  |TS  0|AC  0|TAMS 0x0000000734500000, 0x0000000734500000|
|  70|0x0000000734600000, 0x0000000734600000, 0x0000000734700000|  0%| F|  |TS  0|AC  0|TAMS 0x0000000734600000, 0x0000000734600000|
|  71|0x0000000734700000, 0x0000000734700000, 0x0000000734800000|  0%| F|  |TS  0|AC  0|TAMS 0x0000000734700000, 0x0000000734700000|
|  72|0x0000000734800000, 0x0000000734800000, 0x0000000734900000|  0%| F|  |TS  0|AC  0|TAMS 0x0000000734800000, 0x0000000734800000|
|  73|0x0000000734900000, 0x0000000734900000, 0x0000000734a00000|  0%| F|  |TS  0|AC  0|TAMS 0x0000000734900000, 0x0000000734900000|
|  74|0x0000000734a00000, 0x0000000734a00000, 0x0000000734b00000|  0%| F|  |TS  0|AC  0|TAMS 0x0000000734a00000, 0x0000000734a00000|
|  75|0x0000000734b00000, 0x0000000734b00000, 0x0000000734c00000|  0%| F|  |TS  0|AC  0|TAMS 0x0000000734b00000, 0x0000000734b00000|
|  76|0x0000000734c00000, 0x0000000734c00000, 0x0000000734d00000|  0%| F|  |TS  0|AC  0|TAMS 0x0000000734c00000, 0x0000000734c00000|
|  77|0x0000000734d00000, 0x0000000734d00000, 0x0000000734e00000|  0%| F|  |TS  0|AC  0|TAMS 0x0000000734d00000, 0x0000000734d00000|
|  78|0x0000000734e00000, 0x0000000734e00000, 0x0000000734f00000|  0%| F|  |TS  0|AC  0|TAMS 0x0000000734e00000, 0x0000000734e00000|
|  79|0x0000000734f00000, 0x0000000734f00000, 0x0000000735000000|  0%| F|  |TS  0|AC  0|TAMS 0x0000000734f00000, 0x0000000734f00000|
|  80|0x0000000735000000, 0x0000000735000000, 0x0000000735100000|  0%| F|  |TS  0|AC  0|TAMS 0x0000000735000000, 0x0000000735000000|
|  81|0x0000000735100000, 0x0000000735100000, 0x0000000735200000|  0%| F|  |TS  0|AC  0|TAMS 0x0000000735100000, 0x0000000735100000|
|  82|0x0000000735200000, 0x0000000735200000, 0x0000000735300000|  0%| F|  |TS  0|AC  0|TAMS 0x0000000735200000, 0x0000000735200000|
|  83|0x0000000735300000, 0x0000000735300000, 0x0000000735400000|  0%| F|  |TS  0|AC  0|TAMS 0x0000000735300000, 0x0000000735300000|
|  84|0x0000000735400000, 0x0000000735400000, 0x0000000735500000|  0%| F|  |TS  0|AC  0|TAMS 0x0000000735400000, 0x0000000735400000|
|  85|0x0000000735500000, 0x0000000735500000, 0x0000000735600000|  0%| F|  |TS  0|AC  0|TAMS 0x0000000735500000, 0x0000000735500000|
|  86|0x0000000735600000, 0x0000000735600000, 0x0000000735700000|  0%| F|  |TS  0|AC  0|TAMS 0x0000000735600000, 0x0000000735600000|
|  87|0x0000000735700000, 0x0000000735700000, 0x0000000735800000|  0%| F|  |TS  0|AC  0|TAMS 0x0000000735700000, 0x0000000735700000|
|  88|0x0000000735800000, 0x0000000735800000, 0x0000000735900000|  0%| F|  |TS  0|AC  0|TAMS 0x0000000735800000, 0x0000000735800000|
|  89|0x0000000735900000, 0x0000000735900000, 0x0000000735a00000|  0%| F|  |TS  0|AC  0|TAMS 0x0000000735900000, 0x0000000735900000|
|  90|0x0000000735a00000, 0x0000000735a00000, 0x0000000735b00000|  0%| F|  |TS  0|AC  0|TAMS 0x0000000735a00000, 0x0000000735a00000|
|  91|0x0000000735b00000, 0x0000000735b00000, 0x0000000735c00000|  0%| F|  |TS  0|AC  0|TAMS 0x0000000735b00000, 0x0000000735b00000|
|  92|0x0000000735c00000, 0x0000000735c00000, 0x0000000735d00000|  0%| F|  |TS  0|AC  0|TAMS 0x0000000735c00000, 0x0000000735c00000|
|  93|0x0000000735d00000, 0x0000000735d00000, 0x0000000735e00000|  0%| F|  |TS  0|AC  0|TAMS 0x0000000735d00000, 0x0000000735d00000|
|  94|0x0000000735e00000, 0x0000000735e00000, 0x0000000735f00000|  0%| F|  |TS  0|AC  0|TAMS 0x0000000735e00000, 0x0000000735e00000|
|  95|0x0000000735f00000, 0x0000000735f00000, 0x0000000736000000|  0%| F|  |TS  0|AC  0|TAMS 0x0000000735f00000, 0x0000000735f00000|
|  96|0x0000000736000000, 0x0000000736000000, 0x0000000736100000|  0%| F|  |TS  0|AC  0|TAMS 0x0000000736000000, 0x0000000736000000|
|  97|0x0000000736100000, 0x0000000736100000, 0x0000000736200000|  0%| F|  |TS  0|AC  0|TAMS 0x0000000736100000, 0x0000000736100000|
|  98|0x0000000736200000, 0x0000000736200000, 0x0000000736300000|  0%| F|  |TS  0|AC  0|TAMS 0x0000000736200000, 0x0000000736200000|
|  99|0x0000000736300000, 0x0000000736300000, 0x0000000736400000|  0%| F|  |TS  0|AC  0|TAMS 0x0000000736300000, 0x0000000736300000|
| 100|0x0000000736400000, 0x0000000736400000, 0x0000000736500000|  0%| F|  |TS  0|AC  0|TAMS 0x0000000736400000, 0x0000000736400000|
| 101|0x0000000736500000, 0x0000000736500000, 0x0000000736600000|  0%| F|  |TS  0|AC  0|TAMS 0x0000000736500000, 0x0000000736500000|
| 102|0x0000000736600000, 0x0000000736600000, 0x0000000736700000|  0%| F|  |TS  0|AC  0|TAMS 0x0000000736600000, 0x0000000736600000|
| 103|0x0000000736700000, 0x0000000736700000, 0x0000000736800000|  0%| F|  |TS  0|AC  0|TAMS 0x0000000736700000, 0x0000000736700000|
| 104|0x0000000736800000, 0x0000000736800000, 0x0000000736900000|  0%| F|  |TS  0|AC  0|TAMS 0x0000000736800000, 0x0000000736800000|
| 105|0x0000000736900000, 0x0000000736900000, 0x0000000736a00000|  0%| F|  |TS  0|AC  0|TAMS 0x0000000736900000, 0x0000000736900000|
| 106|0x0000000736a00000, 0x0000000736a00000, 0x0000000736b00000|  0%| F|  |TS  0|AC  0|TAMS 0x0000000736a00000, 0x0000000736a00000|
| 107|0x0000000736b00000, 0x0000000736b00000, 0x0000000736c00000|  0%| F|  |TS  0|AC  0|TAMS 0x0000000736b00000, 0x0000000736b00000|
| 108|0x0000000736c00000, 0x0000000736c00000, 0x0000000736d00000|  0%| F|  |TS  0|AC  0|TAMS 0x0000000736c00000, 0x0000000736c00000|
| 109|0x0000000736d00000, 0x0000000736d00000, 0x0000000736e00000|  0%| F|  |TS  0|AC  0|TAMS 0x0000000736d00000, 0x0000000736d00000|
| 110|0x0000000736e00000, 0x0000000736e00000, 0x0000000736f00000|  0%| F|  |TS  0|AC  0|TAMS 0x0000000736e00000, 0x0000000736e00000|
| 111|0x0000000736f00000, 0x0000000736f00000, 0x0000000737000000|  0%| F|  |TS  0|AC  0|TAMS 0x0000000736f00000, 0x0000000736f00000|
| 112|0x0000000737000000, 0x0000000737000000, 0x0000000737100000|  0%| F|  |TS  0|AC  0|TAMS 0x0000000737000000, 0x0000000737000000|
| 113|0x0000000737100000, 0x0000000737100000, 0x0000000737200000|  0%| F|  |TS  0|AC  0|TAMS 0x0000000737100000, 0x0000000737100000|
| 114|0x0000000737200000, 0x0000000737200000, 0x0000000737300000|  0%| F|  |TS  0|AC  0|TAMS 0x0000000737200000, 0x0000000737200000|
| 115|0x0000000737300000, 0x0000000737300000, 0x0000000737400000|  0%| F|  |TS  0|AC  0|TAMS 0x0000000737300000, 0x0000000737300000|
| 116|0x0000000737400000, 0x0000000737400000, 0x0000000737500000|  0%| F|  |TS  0|AC  0|TAMS 0x0000000737400000, 0x0000000737400000|
| 117|0x0000000737500000, 0x0000000737500000, 0x0000000737600000|  0%| F|  |TS  0|AC  0|TAMS 0x0000000737500000, 0x0000000737500000|
| 118|0x0000000737600000, 0x0000000737600000, 0x0000000737700000|  0%| F|  |TS  0|AC  0|TAMS 0x0000000737600000, 0x0000000737600000|
| 119|0x0000000737700000, 0x0000000737700000, 0x0000000737800000|  0%| F|  |TS  0|AC  0|TAMS 0x0000000737700000, 0x0000000737700000|
| 120|0x0000000737800000, 0x0000000737800000, 0x0000000737900000|  0%| F|  |TS  0|AC  0|TAMS 0x0000000737800000, 0x0000000737800000|
| 121|0x0000000737900000, 0x0000000737900000, 0x0000000737a00000|  0%| F|  |TS  0|AC  0|TAMS 0x0000000737900000, 0x0000000737900000|
| 122|0x0000000737a00000, 0x0000000737a00000, 0x0000000737b00000|  0%| F|  |TS  0|AC  0|TAMS 0x0000000737a00000, 0x0000000737a00000|
| 123|0x0000000737b00000, 0x0000000737b00000, 0x0000000737c00000|  0%| F|  |TS  0|AC  0|TAMS 0x0000000737b00000, 0x0000000737b00000|
| 124|0x0000000737c00000, 0x0000000737c00000, 0x0000000737d00000|  0%| F|  |TS  0|AC  0|TAMS 0x0000000737c00000, 0x0000000737c00000|
| 125|0x0000000737d00000, 0x0000000737d00000, 0x0000000737e00000|  0%| F|  |TS  0|AC  0|TAMS 0x0000000737d00000, 0x0000000737d00000|
| 126|0x0000000737e00000, 0x0000000737e00000, 0x0000000737f00000|  0%| F|  |TS  0|AC  0|TAMS 0x0000000737e00000, 0x0000000737e00000|
| 127|0x0000000737f00000, 0x0000000737f00000, 0x0000000738000000|  0%| F|  |TS  0|AC  0|TAMS 0x0000000737f00000, 0x0000000737f00000|
| 128|0x0000000738000000, 0x0000000738000000, 0x0000000738100000|  0%| F|  |TS  0|AC  0|TAMS 0x0000000738000000, 0x0000000738000000|
| 129|0x0000000738100000, 0x0000000738100000, 0x0000000738200000|  0%| F|  |TS  0|AC  0|TAMS 0x0000000738100000, 0x0000000738100000|
| 130|0x0000000738200000, 0x0000000738200000, 0x0000000738300000|  0%| F|  |TS  0|AC  0|TAMS 0x0000000738200000, 0x0000000738200000|
| 131|0x0000000738300000, 0x0000000738300000, 0x0000000738400000|  0%| F|  |TS  0|AC  0|TAMS 0x0000000738300000, 0x0000000738300000|
| 132|0x0000000738400000, 0x0000000738400000, 0x0000000738500000|  0%| F|  |TS  0|AC  0|TAMS 0x0000000738400000, 0x0000000738400000|
| 133|0x0000000738500000, 0x0000000738500000, 0x0000000738600000|  0%| F|  |TS  0|AC  0|TAMS 0x0000000738500000, 0x0000000738500000|
| 134|0x0000000738600000, 0x0000000738600000, 0x0000000738700000|  0%| F|  |TS  0|AC  0|TAMS 0x0000000738600000, 0x0000000738600000|
| 135|0x0000000738700000, 0x0000000738700000, 0x0000000738800000|  0%| F|  |TS  0|AC  0|TAMS 0x0000000738700000, 0x0000000738700000|
| 136|0x0000000738800000, 0x0000000738900000, 0x0000000738900000|100%| S|CS|TS  1|AC  0|TAMS 0x0000000738800000, 0x0000000738800000|
| 137|0x0000000738900000, 0x0000000738900000, 0x0000000738a00000|  0%| F|  |TS  1|AC  0|TAMS 0x0000000738900000, 0x0000000738900000|
| 138|0x0000000738a00000, 0x0000000738a00000, 0x0000000738b00000|  0%| F|  |TS  1|AC  0|TAMS 0x0000000738a00000, 0x0000000738a00000|
| 139|0x0000000738b00000, 0x0000000738b00000, 0x0000000738c00000|  0%| F|  |TS  1|AC  0|TAMS 0x0000000738b00000, 0x0000000738b00000|
| 140|0x0000000738c00000, 0x0000000738cafba8, 0x0000000738d00000| 68%| E|  |TS  1|AC  0|TAMS 0x0000000738c00000, 0x0000000738c00000|
| 141|0x0000000738d00000, 0x0000000738e00000, 0x0000000738e00000|100%| E|CS|TS  1|AC  0|TAMS 0x0000000738d00000, 0x0000000738d00000|
| 142|0x0000000738e00000, 0x0000000738f00000, 0x0000000738f00000|100%| E|CS|TS  1|AC  0|TAMS 0x0000000738e00000, 0x0000000738e00000|
| 143|0x0000000738f00000, 0x0000000739000000, 0x0000000739000000|100%| E|CS|TS  1|AC  0|TAMS 0x0000000738f00000, 0x0000000738f00000|

Card table byte_map: [0x000001de7c940000,0x000001de7cdc0000] byte_map_base: 0x000001de78fc0000

Marking Bits (Prev, Next): (CMBitMap*) 0x000001de7a40b7a0, (CMBitMap*) 0x000001de7a40b7d8
 Prev Bits: [0x000001de7d240000, 0x000001de7f640000)
 Next Bits: [0x000001de19650000, 0x000001de1ba50000)

Polling page: 0x000001de7a270000

CodeHeap 'non-profiled nmethods': size=120064Kb used=231Kb max_used=231Kb free=119832Kb
 bounds [0x000001de12110000, 0x000001de12380000, 0x000001de19650000]
CodeHeap 'profiled nmethods': size=120000Kb used=1203Kb max_used=1203Kb free=118796Kb
 bounds [0x000001de0abe0000, 0x000001de0ae50000, 0x000001de12110000]
CodeHeap 'non-nmethods': size=5696Kb used=1256Kb max_used=1268Kb free=4439Kb
 bounds [0x000001de0a650000, 0x000001de0a8c0000, 0x000001de0abe0000]
 total_blobs=1328 nmethods=743 adapters=342
 compilation: enabled

Compilation events (10 events):
Event: 1.782 Thread 0x000001de7fba5800 nmethod 733 0x000001de0ad0be90 code [0x000001de0ad0c080, 0x000001de0ad0c798]
Event: 1.783 Thread 0x000001de7fba5800  736       1       java.lang.reflect.Field::getModifiers (5 bytes)
Event: 1.783 Thread 0x000001de7fba5800 nmethod 736 0x000001de12148090 code [0x000001de12148240, 0x000001de12148358]
Event: 1.784 Thread 0x000001de7fb3f800 nmethod 734 0x000001de12148610 code [0x000001de121487a0, 0x000001de12148928]
Event: 1.784 Thread 0x000001de7fb3f800  738       4       java.lang.AbstractStringBuilder::append (45 bytes)
Event: 1.786 Thread 0x000001de7fba5800  742       3       java.util.HashSet::isEmpty (8 bytes)
Event: 1.786 Thread 0x000001de7fba5800 nmethod 742 0x000001de0ad0c990 code [0x000001de0ad0cb40, 0x000001de0ad0cdd8]
Event: 1.792 Thread 0x000001de7fb3f800 nmethod 738 0x000001de12148e90 code [0x000001de12149040, 0x000001de12149588]
Event: 1.792 Thread 0x000001de7fb3f800  739       4       java.lang.String::getBytes (44 bytes)
Event: 1.793 Thread 0x000001de7fb3f800 nmethod 739 0x000001de12149890 code [0x000001de12149a20, 0x000001de12149b38]

GC Heap History (2 events):
Event: 1.252 GC heap before
{Heap before GC invocations=0 (full 0):
 garbage-first heap   total 147456K, used 7168K [0x0000000730000000, 0x0000000730100480, 0x00000007c0000000)
  region size 1024K, 7 young (7168K), 0 survivors (0K)
 Metaspace       used 7756K, capacity 8020K, committed 8320K, reserved 1056768K
  class space    used 708K, capacity 774K, committed 896K, reserved 1048576K
}
Event: 1.261 GC heap after
{Heap after GC invocations=1 (full 0):
 garbage-first heap   total 147456K, used 2344K [0x0000000730000000, 0x0000000730100480, 0x00000007c0000000)
  region size 1024K, 1 young (1024K), 1 survivors (1024K)
 Metaspace       used 7756K, capacity 8020K, committed 8320K, reserved 1056768K
  class space    used 708K, capacity 774K, committed 896K, reserved 1048576K
}

Deoptimization events (5 events):
Event: 0.355 Thread 0x000001de7a37a000 Uncommon trap: reason=unstable_if action=reinterpret pc=0x000001de12116810 method=java.lang.StringLatin1.indexOf([BII)I @ 23 c2
Event: 0.374 Thread 0x000001de7a37a000 Uncommon trap: reason=range_check action=reinterpret pc=0x000001de12114be8 method=java.lang.StringLatin1.indexOf([BII)I @ 13 c2
Event: 0.405 Thread 0x000001de7a37a000 Uncommon trap: reason=unstable_if action=reinterpret pc=0x000001de12116b68 method=java.net.URI.match(CJJ)Z @ 19 c2
Event: 0.566 Thread 0x000001de7a37a000 Uncommon trap: reason=unstable_if action=reinterpret pc=0x000001de1211389c method=java.lang.String.charAt(I)C @ 4 c2
Event: 1.715 Thread 0x000001de7fb3d800 Uncommon trap: reason=unstable_if action=reinterpret pc=0x000001de1212bca8 method=java.lang.String.equals(Ljava/lang/Object;)Z @ 27 c2

Classes redefined (0 events):
No events

Internal exceptions (10 events):
Event: 1.280 Thread 0x000001de7a37a000 Exception <a 'java/lang/NoSuchMethodError'{0x0000000738f4b780}: java.lang.invoke.DelegatingMethodHandle$Holder.reinvoke_L(Ljava/lang/Object;IILjava/lang/Object;Ljava/lang/Object;Ljava/lang/Object;)Ljava/lang/Object;> (0x0000000738f4b780) thrown at [t:/wor
Event: 1.281 Thread 0x000001de7a37a000 Exception <a 'java/lang/NoSuchMethodError'{0x0000000738f50ca8}: method resolution failed> (0x0000000738f50ca8) thrown at [t:/workspace/hotspot/src/share/vm/prims/methodHandles.cpp, line 1256]
Event: 1.289 Thread 0x000001de7a37a000 Exception <a 'java/lang/NoSuchMethodError'{0x0000000738f66138}: method resolution failed> (0x0000000738f66138) thrown at [t:/workspace/hotspot/src/share/vm/prims/methodHandles.cpp, line 1256]
Event: 1.461 Thread 0x000001de7a37a000 Exception <a 'java/lang/NoSuchMethodError'{0x0000000738f7c438}: method resolution failed> (0x0000000738f7c438) thrown at [t:/workspace/hotspot/src/share/vm/prims/methodHandles.cpp, line 1256]
Event: 1.464 Thread 0x000001de7a37a000 Exception <a 'java/lang/NoSuchMethodError'{0x0000000738f94350}: method resolution failed> (0x0000000738f94350) thrown at [t:/workspace/hotspot/src/share/vm/prims/methodHandles.cpp, line 1256]
Event: 1.476 Thread 0x000001de7a37a000 Exception <a 'java/lang/NoSuchMethodError'{0x0000000738fadb50}: method resolution failed> (0x0000000738fadb50) thrown at [t:/workspace/hotspot/src/share/vm/prims/methodHandles.cpp, line 1256]
Event: 1.478 Thread 0x000001de7a37a000 Exception <a 'java/io/FileNotFoundException'{0x0000000738fb7098}> (0x0000000738fb7098) thrown at [t:/workspace/hotspot/src/share/vm/prims/jni.cpp, line 604]
Event: 1.774 Thread 0x000001de1e88b000 Exception <a 'java/lang/NoSuchMethodError'{0x0000000738c66298}: java.lang.invoke.DirectMethodHandle$Holder.invokeSpecial(Ljava/lang/Object;Ljava/lang/Object;)V> (0x0000000738c66298) thrown at [t:/workspace/hotspot/src/share/vm/interpreter/linkResolver.cpp
Event: 1.783 Thread 0x000001de7a37a000 Exception <a 'java/lang/NoSuchMethodError'{0x0000000738c836e0}: java.lang.invoke.DirectMethodHandle$Holder.invokeStatic(Ljava/lang/Object;Ljava/lang/Object;Ljava/lang/Object;Ljava/lang/Object;Ljava/lang/Object;Ljava/lang/Object;Ljava/lang/Object;Ljava/lan
Event: 1.785 Thread 0x000001de7a37a000 Exception <a 'java/lang/NoSuchMethodError'{0x0000000738c9eb38}: java.lang.invoke.DirectMethodHandle$Holder.invokeStatic(Ljava/lang/Object;Ljava/lang/Object;Ljava/lang/Object;Ljava/lang/Object;Ljava/lang/Object;Ljava/lang/Object;Ljava/lang/Object;Ljava/lan

Events (10 events):
Event: 1.799 loading class sun/java2d/pipe/RenderQueue done
Event: 1.799 loading class sun/java2d/d3d/D3DRenderQueue done
Event: 1.799 loading class sun/java2d/pipe/RenderBuffer
Event: 1.799 loading class sun/java2d/pipe/RenderBuffer done
Event: 1.799 loading class sun/java2d/d3d/D3DRenderQueue$1
Event: 1.799 loading class sun/java2d/d3d/D3DRenderQueue$1 done
Event: 1.800 loading class sun/java2d/d3d/D3DGraphicsDevice$1Result
Event: 1.800 loading class sun/java2d/d3d/D3DGraphicsDevice$1Result done
Event: 1.800 loading class sun/java2d/d3d/D3DGraphicsDevice$1
Event: 1.800 loading class sun/java2d/d3d/D3DGraphicsDevice$1 done


Dynamic libraries:
0x00007ff6ab660000 - 0x00007ff6ab69e000 	C:\Program Files\Java\jdk-9.0.4\bin\java.exe
0x00007ffde8400000 - 0x00007ffde85f0000 	C:\Windows\SYSTEM32\ntdll.dll
0x00007ffde7b60000 - 0x00007ffde7c12000 	C:\Windows\System32\KERNEL32.DLL
0x00007ffde5e80000 - 0x00007ffde6123000 	C:\Windows\System32\KERNELBASE.dll
0x00007ffde67b0000 - 0x00007ffde6853000 	C:\Windows\System32\ADVAPI32.dll
0x00007ffde8250000 - 0x00007ffde82ee000 	C:\Windows\System32\msvcrt.dll
0x00007ffde6860000 - 0x00007ffde68f7000 	C:\Windows\System32\sechost.dll
0x00007ffde70b0000 - 0x00007ffde71d0000 	C:\Windows\System32\RPCRT4.dll
0x00007ffde79c0000 - 0x00007ffde7b54000 	C:\Windows\System32\USER32.dll
0x00007ffde6380000 - 0x00007ffde63a1000 	C:\Windows\System32\win32u.dll
0x00007ffde81c0000 - 0x00007ffde81e6000 	C:\Windows\System32\GDI32.dll
0x00007ffde6130000 - 0x00007ffde62c4000 	C:\Windows\System32\gdi32full.dll
0x00007ffde5de0000 - 0x00007ffde5e7e000 	C:\Windows\System32\msvcp_win.dll
0x00007ffde63b0000 - 0x00007ffde64aa000 	C:\Windows\System32\ucrtbase.dll
0x00007ffdd75d0000 - 0x00007ffdd7855000 	C:\Windows\WinSxS\amd64_microsoft.windows.common-controls_6595b64144ccf1df_6.0.18362.418_none_e6c6b287130d565d\COMCTL32.dll
0x00007ffde7cd0000 - 0x00007ffde8006000 	C:\Windows\System32\combase.dll
0x00007ffde5b10000 - 0x00007ffde5b90000 	C:\Windows\System32\bcryptPrimitives.dll
0x00007ffde0d10000 - 0x00007ffde0d1a000 	C:\Windows\SYSTEM32\VERSION.dll
0x00007ffde7330000 - 0x00007ffde735e000 	C:\Windows\System32\IMM32.DLL
0x00007ffdbb8f0000 - 0x00007ffdbb9df000 	C:\Program Files\Java\jdk-9.0.4\bin\msvcr120.dll
0x00007ffdbb840000 - 0x00007ffdbb8e6000 	C:\Program Files\Java\jdk-9.0.4\bin\msvcp120.dll
0x0000000058790000 - 0x00000000591b5000 	C:\Program Files\Java\jdk-9.0.4\bin\server\jvm.dll
0x00007ffde79b0000 - 0x00007ffde79b8000 	C:\Windows\System32\PSAPI.DLL
0x00007ffde1c00000 - 0x00007ffde1c09000 	C:\Windows\SYSTEM32\WSOCK32.dll
0x00007ffde8150000 - 0x00007ffde81bf000 	C:\Windows\System32\WS2_32.dll
0x00007ffde3300000 - 0x00007ffde3324000 	C:\Windows\SYSTEM32\WINMM.dll
0x00007ffde32d0000 - 0x00007ffde32fd000 	C:\Windows\SYSTEM32\WINMMBASE.dll
0x00007ffde6330000 - 0x00007ffde637a000 	C:\Windows\System32\cfgmgr32.dll
0x00007ffddf520000 - 0x00007ffddf52f000 	C:\Program Files\Java\jdk-9.0.4\bin\verify.dll
0x00007ffdbf960000 - 0x00007ffdbf987000 	C:\Program Files\Java\jdk-9.0.4\bin\java.dll
0x00007ffdbd8d0000 - 0x00007ffdbd8fa000 	C:\Program Files\Java\jdk-9.0.4\bin\instrument.dll
0x00007ffdd2530000 - 0x00007ffdd2546000 	C:\Program Files\Java\jdk-9.0.4\bin\zip.dll
0x00007ffddf3d0000 - 0x00007ffddf3da000 	C:\Program Files\Java\jdk-9.0.4\bin\jimage.dll
0x00007ffde6960000 - 0x00007ffde7045000 	C:\Windows\System32\SHELL32.dll
0x00007ffde6700000 - 0x00007ffde67a9000 	C:\Windows\System32\shcore.dll
0x00007ffde5390000 - 0x00007ffde5b0f000 	C:\Windows\System32\windows.storage.dll
0x00007ffde5300000 - 0x00007ffde531f000 	C:\Windows\System32\profapi.dll
0x00007ffde5340000 - 0x00007ffde538a000 	C:\Windows\System32\powrprof.dll
0x00007ffde52d0000 - 0x00007ffde52e0000 	C:\Windows\System32\UMPDC.dll
0x00007ffde7050000 - 0x00007ffde70a2000 	C:\Windows\System32\shlwapi.dll
0x00007ffde52e0000 - 0x00007ffde52f1000 	C:\Windows\System32\kernel.appcore.dll
0x00007ffde5d90000 - 0x00007ffde5da7000 	C:\Windows\System32\cryptsp.dll
0x00007ffdce090000 - 0x00007ffdce0aa000 	C:\Program Files\Java\jdk-9.0.4\bin\net.dll
0x00007ffde0700000 - 0x00007ffde07f0000 	C:\Windows\SYSTEM32\WINHTTP.dll
0x00007ffde4ae0000 - 0x00007ffde4b47000 	C:\Windows\system32\mswsock.dll
0x00007ffdcc580000 - 0x00007ffdcc591000 	C:\Program Files\Java\jdk-9.0.4\bin\nio.dll
0x00007ffdc63f0000 - 0x00007ffdc640a000 	C:\Users\TAYE\AppData\Local\JetBrains\IntelliJ IDEA Community Edition 2019.2.1\bin\breakgen64.dll
0x00007ffdb4eb0000 - 0x00007ffdb5049000 	C:\Program Files\Java\jdk-9.0.4\bin\awt.dll
0x00007ffde82f0000 - 0x00007ffde83b4000 	C:\Windows\System32\OLEAUT32.dll
0x00007ffde1e40000 - 0x00007ffde2400000 	C:\Windows\SYSTEM32\d2d1.dll
0x00007ffde3530000 - 0x00007ffde35bf000 	C:\Windows\SYSTEM32\apphelp.dll
0x00007ffde3a50000 - 0x00007ffde3a7d000 	C:\Windows\system32\DWMAPI.DLL
0x00007ffde3610000 - 0x00007ffde36a9000 	C:\Windows\system32\uxtheme.dll
0x00007ffdb5050000 - 0x00007ffdb51a6000 	C:\Windows\system32\opengl32.dll
0x00007ffddf4b0000 - 0x00007ffddf4dc000 	C:\Windows\SYSTEM32\GLU32.dll
0x00007ffde3f20000 - 0x00007ffde3f40000 	C:\Windows\SYSTEM32\dxcore.dll
0x00007ffde8010000 - 0x00007ffde8146000 	C:\Windows\System32\MSCTF.dll
0x00007ffde71d0000 - 0x00007ffde7326000 	C:\Windows\System32\ole32.dll
0x00007ffda82a0000 - 0x00007ffda8467000 	C:\Windows\system32\d3d9.dll
0x00007ffddb260000 - 0x00007ffddb49f000 	C:\Windows\SYSTEM32\VBoxDispD3D.dll
0x00007ffddb0b0000 - 0x00007ffddb25f000 	C:\Windows\system32\VBoxSVGA.dll
0x00007ffddaf80000 - 0x00007ffddb0af000 	C:\Windows\system32\VBoxNine.dll
0x00007ffdd8a80000 - 0x00007ffdd8c74000 	C:\Windows\SYSTEM32\dbghelp.dll

VM Arguments:
jvm_args: -javaagent:C:\Users\TAYE\AppData\Local\JetBrains\IntelliJ IDEA Community Edition 2019.2.1\lib\idea_rt.jar=53932:C:\Users\TAYE\AppData\Local\JetBrains\IntelliJ IDEA Community Edition 2019.2.1\bin -Dfile.encoding=UTF-8 
java_command: com.javarush.task.task34.task3410.controller.Controller
java_class_path (initial): C:\Users\TAYE\Sync\JavaRushTasks\out\production\4.JavaCollections;C:\Users\TAYE\Sync\JavaRushTasks\out\production\3.JavaMultithreading;C:\Users\TAYE\Sync\JavaRushTasks\out\production\2.JavaCore;C:\Users\TAYE\Sync\jackson-databind-2.9.8.jar;C:\Users\TAYE\Sync\jackson-core-2.9.8.jar;C:\Users\TAYE\Sync\jackson-annotations-2.9.8.jar;C:\Users\TAYE\Sync\testtask.zip;C:\Users\TAYE\Sync\javax.mail.jar;C:\Users\TAYE\Sync\jsoup-1.12.1.jar;C:\Users\TAYE\Sync\slf4j-2.0.0-alpha0.zip;C:\Users\TAYE\Sync\javax.mail-api-1.4.7.jar;C:\Users\TAYE\Sync\jsoup-1.12.1-sources.jar;C:\Users\TAYE\Sync\javax.activation-1.2.0.jar;C:\Users\TAYE\Sync\slf4j-1.7.26\slf4j-api-1.7.26.jar;C:\Users\TAYE\Sync\slf4j-1.7.26\slf4j-ext-1.7.26.jar;C:\Users\TAYE\Sync\slf4j-1.7.26\slf4j-jcl-1.7.26.jar;C:\Users\TAYE\Sync\slf4j-1.7.26\slf4j-nop-1.7.26.jar;C:\Users\TAYE\Sync\slf4j-1.7.26\slf4j-jdk14-1.7.26.jar;C:\Users\TAYE\Sync\slf4j-1.7.26\jul-to-slf4j-1.7.26.jar;C:\Users\TAYE\Sync\slf4j-1.7.26\slf4j-simple-1.7.26.jar;C:\Users\TAYE\Sync\slf4j-1.7.26\slf4j-android-1.7.26.jar;C:\Users\TAYE\Sync\slf4j-1.7.26\slf4j-log4j12-1.7.26.jar;C:\Users\TAYE\Sync\slf4j-1.7.26\jcl-over-slf4j-1.7.26.jar;C:\Users\TAYE\Sync\slf4j-1.7.26\slf4j-migrator-1.7.26.jar;C:\Users\TAYE\Sync\slf4j-1.7.26\osgi-over-slf4j-1.7.26.jar;C:\Users\TAYE\Sync\slf4j-1.7.26\log4j-over-slf4j-1.7.26.jar;C:\Users\TAYE\Sync\slf4j-1.7.26\slf4j-api-1.7.26-sources.jar;C:\Users\TAYE\Sync\slf4j-1.7.26\slf4j-ext-1.7.26-sources.jar;C:\Users\TAYE\Sync\slf4j-1.7.26\slf4j-jcl-1.7.26-sources.jar;C:\Users\TAYE\Sync\slf4j-1.7.26\slf4j-nop-1.7.26-sources.jar;C:\Users\TAYE\Sync\slf4j-1.7.26\slf4j-jdk14-1.7.26-sources.jar;C:\Users\TAYE\Sync\slf4j-1.7.26\jul-to-slf4j-1.7.26-sources.jar;C:\Users\TAYE\Sync\slf4j-1.7.26\slf4j-simple-1.7.26-sources.jar;C:\Users\TAYE\Sync\slf4j-1.7.26\slf4j-android-1.7.26-sources.jar;C:\Users\TAYE\Sync\slf4j-1.7.26\slf4j-log4j12-1.7.26-sources.jar;C:\Users\TAYE\Sync\slf4j-1.7.26\jcl-over-slf4j-1.7.26-sources.jar;C:\
Launcher Type: SUN_STANDARD

Logging:
Log output configuration:
#0: stdout all=warning uptime,level,tags
#1: stderr all=off uptime,level,tags

Environment Variables:
PATH=C:\ProgramData\Oracle\Java\javapath;C:\Windows\system32;C:\Windows;C:\Windows\System32\Wbem;C:\Windows\System32\WindowsPowerShell\v1.0\;C:\Windows\System32\OpenSSH\;C:\Program Files\Git\cmd;C:\Users\TAYE\AppData\Local\Microsoft\WindowsApps;;C:\Program Files\JetBrains\IntelliJ IDEA Community Edition 2019.2.3\bin;;C:\Users\TAYE\AppData\Local\JetBrains\IntelliJ IDEA 2019.2.2\bin;
USERNAME=TAYE
OS=Windows_NT
PROCESSOR_IDENTIFIER=Intel64 Family 6 Model 158 Stepping 9, GenuineIntel



---------------  S Y S T E M  ---------------

OS: Windows 10 , 64 bit Build 18362 (10.0.18362.329)

CPU:total 2 (initial active 2) (2 cores per cpu, 1 threads per core) family 6 model 158 stepping 9, cmov, cx8, fxsr, mmx, sse, sse2, sse3, ssse3, sse4.1, sse4.2, popcnt, avx, avx2, aes, clmul, 3dnowpref, lzcnt, tsc, tscinvbit

Memory: 4k page, physical 9436724k(4745632k free), swap 11533876k(4905136k free)

vm_info: Java HotSpot(TM) 64-Bit Server VM (9.0.4+11) for windows-amd64 JRE (9.0.4+11), built on Dec 20 2017 02:18:54 by "mach5one" with MS VC++ 12.0 (VS2013)

END.
