#
# A fatal error has been detected by the Java Runtime Environment:
#
#  Internal Error (t:/workspace/open/src/hotspot/os_cpu/windows_x86/os_windows_x86.cpp:145), pid=2304, tid=6628
#  guarantee(result == EXCEPTION_CONTINUE_EXECUTION) failed: Unexpected result from topLevelExceptionFilter
#
# JRE version: Java(TM) SE Runtime Environment (13.0.1+9) (build 13.0.1+9)
# Java VM: Java HotSpot(TM) 64-Bit Server VM (13.0.1+9, mixed mode, sharing, tiered, compressed oops, g1 gc, windows-amd64)
# No core dump will be written. Minidumps are not enabled by default on client versions of Windows
#
# If you would like to submit a bug report, please visit:
#   http://bugreport.java.com/bugreport/crash.jsp
# The crash happened outside the Java Virtual Machine in native code.
# See problematic frame for where to report the bug.
#

---------------  S U M M A R Y ------------

Command Line: -javaagent:C:\Users\TAYE\AppData\Local\JetBrains\IntelliJ IDEA Community Edition 2019.2.1\lib\idea_rt.jar=50456:C:\Users\TAYE\AppData\Local\JetBrains\IntelliJ IDEA Community Edition 2019.2.1\bin -Dfile.encoding=UTF-8 com.javarush.task.task34.task3410.controller.Controller

Host: Intel(R) Core(TM) i3-7100 CPU @ 3.90GHz, 2 cores, 8G,  Windows 10 , 64 bit Build 18362 (10.0.18362.329)
Time: Mon Oct 28 17:31:38 2019 FLE Standard Time elapsed time: 1 seconds (0d 0h 0m 1s)

---------------  T H R E A D  ---------------

Current thread (0x00000232c7652000):  JavaThread "AWT-Windows" daemon [_thread_in_native, id=6628, stack(0x0000006a32c00000,0x0000006a32d00000)]

Stack: [0x0000006a32c00000,0x0000006a32d00000]
Native frames: (J=compiled Java code, j=interpreted, Vv=VM code, C=native code)
V  [jvm.dll+0x626eca]
V  [jvm.dll+0x772c6a]
V  [jvm.dll+0x77441f]
V  [jvm.dll+0x7749d7]
V  [jvm.dll+0x24d9dc]
V  [jvm.dll+0x626b8c]
C  [ntdll.dll+0xa11ff]
C  [ntdll.dll+0x6a289]
C  [ntdll.dll+0x9fe6e]
C  [VBoxSVGA.dll+0x17e9]

Java frames: (J=compiled Java code, j=interpreted, Vv=VM code)
j  sun.java2d.d3d.D3DGraphicsDevice.getDeviceCapsNative(I)I+0 java.desktop@13.0.1
j  sun.java2d.d3d.D3DGraphicsDevice$1.run()V+8 java.desktop@13.0.1
v  ~StubRoutines::call_stub
j  sun.awt.windows.WToolkit.eventLoop()V+0 java.desktop@13.0.1
j  sun.awt.windows.WToolkit.run()V+50 java.desktop@13.0.1
j  java.lang.Thread.run()V+11 java.base@13.0.1
v  ~StubRoutines::call_stub

---------------  P R O C E S S  ---------------

Threads class SMR info:
_java_thread_list=0x00000232c752a6f0, length=14, elements={
0x00000232a7bb1800, 0x00000232c67d3800, 0x00000232c67d6800, 0x00000232c67f4000,
0x00000232c67f5000, 0x00000232c67f6000, 0x00000232c67f9000, 0x00000232c716b000,
0x00000232c67ba000, 0x00000232c747a000, 0x00000232c747a800, 0x00000232c764b000,
0x00000232c764b800, 0x00000232c7652000
}

Java Threads: ( => current thread )
  0x00000232a7bb1800 JavaThread "main" [_thread_in_native, id=5228, stack(0x0000006a31700000,0x0000006a31800000)]
  0x00000232c67d3800 JavaThread "Reference Handler" daemon [_thread_blocked, id=5904, stack(0x0000006a31f00000,0x0000006a32000000)]
  0x00000232c67d6800 JavaThread "Finalizer" daemon [_thread_blocked, id=6420, stack(0x0000006a32000000,0x0000006a32100000)]
  0x00000232c67f4000 JavaThread "Signal Dispatcher" daemon [_thread_blocked, id=3780, stack(0x0000006a32100000,0x0000006a32200000)]
  0x00000232c67f5000 JavaThread "Attach Listener" daemon [_thread_blocked, id=4968, stack(0x0000006a32200000,0x0000006a32300000)]
  0x00000232c67f6000 JavaThread "C2 CompilerThread0" daemon [_thread_blocked, id=2080, stack(0x0000006a32300000,0x0000006a32400000)]
  0x00000232c67f9000 JavaThread "C1 CompilerThread0" daemon [_thread_blocked, id=7452, stack(0x0000006a32400000,0x0000006a32500000)]
  0x00000232c716b000 JavaThread "Sweeper thread" daemon [_thread_blocked, id=1276, stack(0x0000006a32500000,0x0000006a32600000)]
  0x00000232c67ba000 JavaThread "Common-Cleaner" daemon [_thread_blocked, id=7048, stack(0x0000006a32600000,0x0000006a32700000)]
  0x00000232c747a000 JavaThread "Monitor Ctrl-Break" daemon [_thread_in_native, id=2692, stack(0x0000006a32700000,0x0000006a32800000)]
  0x00000232c747a800 JavaThread "Service Thread" daemon [_thread_blocked, id=8128, stack(0x0000006a32800000,0x0000006a32900000)]
  0x00000232c764b000 JavaThread "Java2D Disposer" daemon [_thread_blocked, id=7320, stack(0x0000006a32a00000,0x0000006a32b00000)]
  0x00000232c764b800 JavaThread "AWT-Shutdown" [_thread_blocked, id=6128, stack(0x0000006a32b00000,0x0000006a32c00000)]
=>0x00000232c7652000 JavaThread "AWT-Windows" daemon [_thread_in_native, id=6628, stack(0x0000006a32c00000,0x0000006a32d00000)]

Other Threads:
  0x00000232c67cf800 VMThread "VM Thread" [stack: 0x0000006a31e00000,0x0000006a31f00000] [id=7584]
  0x00000232c7481000 WatcherThread [stack: 0x0000006a32900000,0x0000006a32a00000] [id=1872]
  0x00000232a7bf9000 GCTaskThread "GC Thread#0" [stack: 0x0000006a31900000,0x0000006a31a00000] [id=6192]
  0x00000232a7c0d000 ConcurrentGCThread "G1 Main Marker" [stack: 0x0000006a31a00000,0x0000006a31b00000] [id=5268]
  0x00000232a7c0e000 ConcurrentGCThread "G1 Conc#0" [stack: 0x0000006a31b00000,0x0000006a31c00000] [id=1708]
  0x00000232a7c7e800 ConcurrentGCThread "G1 Refine#0" [stack: 0x0000006a31c00000,0x0000006a31d00000] [id=8836]
  0x00000232c664c800 ConcurrentGCThread "G1 Young RemSet Sampling" [stack: 0x0000006a31d00000,0x0000006a31e00000] [id=1324]

Threads with active compile tasks:

VM state:not at safepoint (normal execution)

VM Mutex/Monitor currently owned by a thread: None

Heap address: 0x0000000770000000, size: 2304 MB, Compressed Oops mode: Zero based, Oop shift amount: 3
Narrow klass base: 0x0000000800000000, Narrow klass shift: 3
Compressed class space size: 1073741824 Address: 0x0000000800b40000

Heap:
 garbage-first heap   total 147456K, used 4096K [0x0000000770000000, 0x0000000800000000)
  region size 1024K, 5 young (5120K), 0 survivors (0K)
 Metaspace       used 3186K, capacity 4765K, committed 4864K, reserved 1056768K
  class space    used 320K, capacity 486K, committed 512K, reserved 1048576K
Heap Regions: E=young(eden), S=young(survivor), O=old, HS=humongous(starts), HC=humongous(continues), CS=collection set, F=free, A=archive, TAMS=top-at-mark-start (previous, next)
|   0|0x0000000770000000, 0x0000000770000000, 0x0000000770100000|  0%| F|  |TAMS 0x0000000770000000, 0x0000000770000000| Untracked 
|   1|0x0000000770100000, 0x0000000770100000, 0x0000000770200000|  0%| F|  |TAMS 0x0000000770100000, 0x0000000770100000| Untracked 
|   2|0x0000000770200000, 0x0000000770200000, 0x0000000770300000|  0%| F|  |TAMS 0x0000000770200000, 0x0000000770200000| Untracked 
|   3|0x0000000770300000, 0x0000000770300000, 0x0000000770400000|  0%| F|  |TAMS 0x0000000770300000, 0x0000000770300000| Untracked 
|   4|0x0000000770400000, 0x0000000770400000, 0x0000000770500000|  0%| F|  |TAMS 0x0000000770400000, 0x0000000770400000| Untracked 
|   5|0x0000000770500000, 0x0000000770500000, 0x0000000770600000|  0%| F|  |TAMS 0x0000000770500000, 0x0000000770500000| Untracked 
|   6|0x0000000770600000, 0x0000000770600000, 0x0000000770700000|  0%| F|  |TAMS 0x0000000770600000, 0x0000000770600000| Untracked 
|   7|0x0000000770700000, 0x0000000770700000, 0x0000000770800000|  0%| F|  |TAMS 0x0000000770700000, 0x0000000770700000| Untracked 
|   8|0x0000000770800000, 0x0000000770800000, 0x0000000770900000|  0%| F|  |TAMS 0x0000000770800000, 0x0000000770800000| Untracked 
|   9|0x0000000770900000, 0x0000000770900000, 0x0000000770a00000|  0%| F|  |TAMS 0x0000000770900000, 0x0000000770900000| Untracked 
|  10|0x0000000770a00000, 0x0000000770a00000, 0x0000000770b00000|  0%| F|  |TAMS 0x0000000770a00000, 0x0000000770a00000| Untracked 
|  11|0x0000000770b00000, 0x0000000770b00000, 0x0000000770c00000|  0%| F|  |TAMS 0x0000000770b00000, 0x0000000770b00000| Untracked 
|  12|0x0000000770c00000, 0x0000000770c00000, 0x0000000770d00000|  0%| F|  |TAMS 0x0000000770c00000, 0x0000000770c00000| Untracked 
|  13|0x0000000770d00000, 0x0000000770d00000, 0x0000000770e00000|  0%| F|  |TAMS 0x0000000770d00000, 0x0000000770d00000| Untracked 
|  14|0x0000000770e00000, 0x0000000770e00000, 0x0000000770f00000|  0%| F|  |TAMS 0x0000000770e00000, 0x0000000770e00000| Untracked 
|  15|0x0000000770f00000, 0x0000000770f00000, 0x0000000771000000|  0%| F|  |TAMS 0x0000000770f00000, 0x0000000770f00000| Untracked 
|  16|0x0000000771000000, 0x0000000771000000, 0x0000000771100000|  0%| F|  |TAMS 0x0000000771000000, 0x0000000771000000| Untracked 
|  17|0x0000000771100000, 0x0000000771100000, 0x0000000771200000|  0%| F|  |TAMS 0x0000000771100000, 0x0000000771100000| Untracked 
|  18|0x0000000771200000, 0x0000000771200000, 0x0000000771300000|  0%| F|  |TAMS 0x0000000771200000, 0x0000000771200000| Untracked 
|  19|0x0000000771300000, 0x0000000771300000, 0x0000000771400000|  0%| F|  |TAMS 0x0000000771300000, 0x0000000771300000| Untracked 
|  20|0x0000000771400000, 0x0000000771400000, 0x0000000771500000|  0%| F|  |TAMS 0x0000000771400000, 0x0000000771400000| Untracked 
|  21|0x0000000771500000, 0x0000000771500000, 0x0000000771600000|  0%| F|  |TAMS 0x0000000771500000, 0x0000000771500000| Untracked 
|  22|0x0000000771600000, 0x0000000771600000, 0x0000000771700000|  0%| F|  |TAMS 0x0000000771600000, 0x0000000771600000| Untracked 
|  23|0x0000000771700000, 0x0000000771700000, 0x0000000771800000|  0%| F|  |TAMS 0x0000000771700000, 0x0000000771700000| Untracked 
|  24|0x0000000771800000, 0x0000000771800000, 0x0000000771900000|  0%| F|  |TAMS 0x0000000771800000, 0x0000000771800000| Untracked 
|  25|0x0000000771900000, 0x0000000771900000, 0x0000000771a00000|  0%| F|  |TAMS 0x0000000771900000, 0x0000000771900000| Untracked 
|  26|0x0000000771a00000, 0x0000000771a00000, 0x0000000771b00000|  0%| F|  |TAMS 0x0000000771a00000, 0x0000000771a00000| Untracked 
|  27|0x0000000771b00000, 0x0000000771b00000, 0x0000000771c00000|  0%| F|  |TAMS 0x0000000771b00000, 0x0000000771b00000| Untracked 
|  28|0x0000000771c00000, 0x0000000771c00000, 0x0000000771d00000|  0%| F|  |TAMS 0x0000000771c00000, 0x0000000771c00000| Untracked 
|  29|0x0000000771d00000, 0x0000000771d00000, 0x0000000771e00000|  0%| F|  |TAMS 0x0000000771d00000, 0x0000000771d00000| Untracked 
|  30|0x0000000771e00000, 0x0000000771e00000, 0x0000000771f00000|  0%| F|  |TAMS 0x0000000771e00000, 0x0000000771e00000| Untracked 
|  31|0x0000000771f00000, 0x0000000771f00000, 0x0000000772000000|  0%| F|  |TAMS 0x0000000771f00000, 0x0000000771f00000| Untracked 
|  32|0x0000000772000000, 0x0000000772000000, 0x0000000772100000|  0%| F|  |TAMS 0x0000000772000000, 0x0000000772000000| Untracked 
|  33|0x0000000772100000, 0x0000000772100000, 0x0000000772200000|  0%| F|  |TAMS 0x0000000772100000, 0x0000000772100000| Untracked 
|  34|0x0000000772200000, 0x0000000772200000, 0x0000000772300000|  0%| F|  |TAMS 0x0000000772200000, 0x0000000772200000| Untracked 
|  35|0x0000000772300000, 0x0000000772300000, 0x0000000772400000|  0%| F|  |TAMS 0x0000000772300000, 0x0000000772300000| Untracked 
|  36|0x0000000772400000, 0x0000000772400000, 0x0000000772500000|  0%| F|  |TAMS 0x0000000772400000, 0x0000000772400000| Untracked 
|  37|0x0000000772500000, 0x0000000772500000, 0x0000000772600000|  0%| F|  |TAMS 0x0000000772500000, 0x0000000772500000| Untracked 
|  38|0x0000000772600000, 0x0000000772600000, 0x0000000772700000|  0%| F|  |TAMS 0x0000000772600000, 0x0000000772600000| Untracked 
|  39|0x0000000772700000, 0x0000000772700000, 0x0000000772800000|  0%| F|  |TAMS 0x0000000772700000, 0x0000000772700000| Untracked 
|  40|0x0000000772800000, 0x0000000772800000, 0x0000000772900000|  0%| F|  |TAMS 0x0000000772800000, 0x0000000772800000| Untracked 
|  41|0x0000000772900000, 0x0000000772900000, 0x0000000772a00000|  0%| F|  |TAMS 0x0000000772900000, 0x0000000772900000| Untracked 
|  42|0x0000000772a00000, 0x0000000772a00000, 0x0000000772b00000|  0%| F|  |TAMS 0x0000000772a00000, 0x0000000772a00000| Untracked 
|  43|0x0000000772b00000, 0x0000000772b00000, 0x0000000772c00000|  0%| F|  |TAMS 0x0000000772b00000, 0x0000000772b00000| Untracked 
|  44|0x0000000772c00000, 0x0000000772c00000, 0x0000000772d00000|  0%| F|  |TAMS 0x0000000772c00000, 0x0000000772c00000| Untracked 
|  45|0x0000000772d00000, 0x0000000772d00000, 0x0000000772e00000|  0%| F|  |TAMS 0x0000000772d00000, 0x0000000772d00000| Untracked 
|  46|0x0000000772e00000, 0x0000000772e00000, 0x0000000772f00000|  0%| F|  |TAMS 0x0000000772e00000, 0x0000000772e00000| Untracked 
|  47|0x0000000772f00000, 0x0000000772f00000, 0x0000000773000000|  0%| F|  |TAMS 0x0000000772f00000, 0x0000000772f00000| Untracked 
|  48|0x0000000773000000, 0x0000000773000000, 0x0000000773100000|  0%| F|  |TAMS 0x0000000773000000, 0x0000000773000000| Untracked 
|  49|0x0000000773100000, 0x0000000773100000, 0x0000000773200000|  0%| F|  |TAMS 0x0000000773100000, 0x0000000773100000| Untracked 
|  50|0x0000000773200000, 0x0000000773200000, 0x0000000773300000|  0%| F|  |TAMS 0x0000000773200000, 0x0000000773200000| Untracked 
|  51|0x0000000773300000, 0x0000000773300000, 0x0000000773400000|  0%| F|  |TAMS 0x0000000773300000, 0x0000000773300000| Untracked 
|  52|0x0000000773400000, 0x0000000773400000, 0x0000000773500000|  0%| F|  |TAMS 0x0000000773400000, 0x0000000773400000| Untracked 
|  53|0x0000000773500000, 0x0000000773500000, 0x0000000773600000|  0%| F|  |TAMS 0x0000000773500000, 0x0000000773500000| Untracked 
|  54|0x0000000773600000, 0x0000000773600000, 0x0000000773700000|  0%| F|  |TAMS 0x0000000773600000, 0x0000000773600000| Untracked 
|  55|0x0000000773700000, 0x0000000773700000, 0x0000000773800000|  0%| F|  |TAMS 0x0000000773700000, 0x0000000773700000| Untracked 
|  56|0x0000000773800000, 0x0000000773800000, 0x0000000773900000|  0%| F|  |TAMS 0x0000000773800000, 0x0000000773800000| Untracked 
|  57|0x0000000773900000, 0x0000000773900000, 0x0000000773a00000|  0%| F|  |TAMS 0x0000000773900000, 0x0000000773900000| Untracked 
|  58|0x0000000773a00000, 0x0000000773a00000, 0x0000000773b00000|  0%| F|  |TAMS 0x0000000773a00000, 0x0000000773a00000| Untracked 
|  59|0x0000000773b00000, 0x0000000773b00000, 0x0000000773c00000|  0%| F|  |TAMS 0x0000000773b00000, 0x0000000773b00000| Untracked 
|  60|0x0000000773c00000, 0x0000000773c00000, 0x0000000773d00000|  0%| F|  |TAMS 0x0000000773c00000, 0x0000000773c00000| Untracked 
|  61|0x0000000773d00000, 0x0000000773d00000, 0x0000000773e00000|  0%| F|  |TAMS 0x0000000773d00000, 0x0000000773d00000| Untracked 
|  62|0x0000000773e00000, 0x0000000773e00000, 0x0000000773f00000|  0%| F|  |TAMS 0x0000000773e00000, 0x0000000773e00000| Untracked 
|  63|0x0000000773f00000, 0x0000000773f00000, 0x0000000774000000|  0%| F|  |TAMS 0x0000000773f00000, 0x0000000773f00000| Untracked 
|  64|0x0000000774000000, 0x0000000774000000, 0x0000000774100000|  0%| F|  |TAMS 0x0000000774000000, 0x0000000774000000| Untracked 
|  65|0x0000000774100000, 0x0000000774100000, 0x0000000774200000|  0%| F|  |TAMS 0x0000000774100000, 0x0000000774100000| Untracked 
|  66|0x0000000774200000, 0x0000000774200000, 0x0000000774300000|  0%| F|  |TAMS 0x0000000774200000, 0x0000000774200000| Untracked 
|  67|0x0000000774300000, 0x0000000774300000, 0x0000000774400000|  0%| F|  |TAMS 0x0000000774300000, 0x0000000774300000| Untracked 
|  68|0x0000000774400000, 0x0000000774400000, 0x0000000774500000|  0%| F|  |TAMS 0x0000000774400000, 0x0000000774400000| Untracked 
|  69|0x0000000774500000, 0x0000000774500000, 0x0000000774600000|  0%| F|  |TAMS 0x0000000774500000, 0x0000000774500000| Untracked 
|  70|0x0000000774600000, 0x0000000774600000, 0x0000000774700000|  0%| F|  |TAMS 0x0000000774600000, 0x0000000774600000| Untracked 
|  71|0x0000000774700000, 0x0000000774700000, 0x0000000774800000|  0%| F|  |TAMS 0x0000000774700000, 0x0000000774700000| Untracked 
|  72|0x0000000774800000, 0x0000000774800000, 0x0000000774900000|  0%| F|  |TAMS 0x0000000774800000, 0x0000000774800000| Untracked 
|  73|0x0000000774900000, 0x0000000774900000, 0x0000000774a00000|  0%| F|  |TAMS 0x0000000774900000, 0x0000000774900000| Untracked 
|  74|0x0000000774a00000, 0x0000000774a00000, 0x0000000774b00000|  0%| F|  |TAMS 0x0000000774a00000, 0x0000000774a00000| Untracked 
|  75|0x0000000774b00000, 0x0000000774b00000, 0x0000000774c00000|  0%| F|  |TAMS 0x0000000774b00000, 0x0000000774b00000| Untracked 
|  76|0x0000000774c00000, 0x0000000774c00000, 0x0000000774d00000|  0%| F|  |TAMS 0x0000000774c00000, 0x0000000774c00000| Untracked 
|  77|0x0000000774d00000, 0x0000000774d00000, 0x0000000774e00000|  0%| F|  |TAMS 0x0000000774d00000, 0x0000000774d00000| Untracked 
|  78|0x0000000774e00000, 0x0000000774e00000, 0x0000000774f00000|  0%| F|  |TAMS 0x0000000774e00000, 0x0000000774e00000| Untracked 
|  79|0x0000000774f00000, 0x0000000774f00000, 0x0000000775000000|  0%| F|  |TAMS 0x0000000774f00000, 0x0000000774f00000| Untracked 
|  80|0x0000000775000000, 0x0000000775000000, 0x0000000775100000|  0%| F|  |TAMS 0x0000000775000000, 0x0000000775000000| Untracked 
|  81|0x0000000775100000, 0x0000000775100000, 0x0000000775200000|  0%| F|  |TAMS 0x0000000775100000, 0x0000000775100000| Untracked 
|  82|0x0000000775200000, 0x0000000775200000, 0x0000000775300000|  0%| F|  |TAMS 0x0000000775200000, 0x0000000775200000| Untracked 
|  83|0x0000000775300000, 0x0000000775300000, 0x0000000775400000|  0%| F|  |TAMS 0x0000000775300000, 0x0000000775300000| Untracked 
|  84|0x0000000775400000, 0x0000000775400000, 0x0000000775500000|  0%| F|  |TAMS 0x0000000775400000, 0x0000000775400000| Untracked 
|  85|0x0000000775500000, 0x0000000775500000, 0x0000000775600000|  0%| F|  |TAMS 0x0000000775500000, 0x0000000775500000| Untracked 
|  86|0x0000000775600000, 0x0000000775600000, 0x0000000775700000|  0%| F|  |TAMS 0x0000000775600000, 0x0000000775600000| Untracked 
|  87|0x0000000775700000, 0x0000000775700000, 0x0000000775800000|  0%| F|  |TAMS 0x0000000775700000, 0x0000000775700000| Untracked 
|  88|0x0000000775800000, 0x0000000775800000, 0x0000000775900000|  0%| F|  |TAMS 0x0000000775800000, 0x0000000775800000| Untracked 
|  89|0x0000000775900000, 0x0000000775900000, 0x0000000775a00000|  0%| F|  |TAMS 0x0000000775900000, 0x0000000775900000| Untracked 
|  90|0x0000000775a00000, 0x0000000775a00000, 0x0000000775b00000|  0%| F|  |TAMS 0x0000000775a00000, 0x0000000775a00000| Untracked 
|  91|0x0000000775b00000, 0x0000000775b00000, 0x0000000775c00000|  0%| F|  |TAMS 0x0000000775b00000, 0x0000000775b00000| Untracked 
|  92|0x0000000775c00000, 0x0000000775c00000, 0x0000000775d00000|  0%| F|  |TAMS 0x0000000775c00000, 0x0000000775c00000| Untracked 
|  93|0x0000000775d00000, 0x0000000775d00000, 0x0000000775e00000|  0%| F|  |TAMS 0x0000000775d00000, 0x0000000775d00000| Untracked 
|  94|0x0000000775e00000, 0x0000000775e00000, 0x0000000775f00000|  0%| F|  |TAMS 0x0000000775e00000, 0x0000000775e00000| Untracked 
|  95|0x0000000775f00000, 0x0000000775f00000, 0x0000000776000000|  0%| F|  |TAMS 0x0000000775f00000, 0x0000000775f00000| Untracked 
|  96|0x0000000776000000, 0x0000000776000000, 0x0000000776100000|  0%| F|  |TAMS 0x0000000776000000, 0x0000000776000000| Untracked 
|  97|0x0000000776100000, 0x0000000776100000, 0x0000000776200000|  0%| F|  |TAMS 0x0000000776100000, 0x0000000776100000| Untracked 
|  98|0x0000000776200000, 0x0000000776200000, 0x0000000776300000|  0%| F|  |TAMS 0x0000000776200000, 0x0000000776200000| Untracked 
|  99|0x0000000776300000, 0x0000000776300000, 0x0000000776400000|  0%| F|  |TAMS 0x0000000776300000, 0x0000000776300000| Untracked 
| 100|0x0000000776400000, 0x0000000776400000, 0x0000000776500000|  0%| F|  |TAMS 0x0000000776400000, 0x0000000776400000| Untracked 
| 101|0x0000000776500000, 0x0000000776500000, 0x0000000776600000|  0%| F|  |TAMS 0x0000000776500000, 0x0000000776500000| Untracked 
| 102|0x0000000776600000, 0x0000000776600000, 0x0000000776700000|  0%| F|  |TAMS 0x0000000776600000, 0x0000000776600000| Untracked 
| 103|0x0000000776700000, 0x0000000776700000, 0x0000000776800000|  0%| F|  |TAMS 0x0000000776700000, 0x0000000776700000| Untracked 
| 104|0x0000000776800000, 0x0000000776800000, 0x0000000776900000|  0%| F|  |TAMS 0x0000000776800000, 0x0000000776800000| Untracked 
| 105|0x0000000776900000, 0x0000000776900000, 0x0000000776a00000|  0%| F|  |TAMS 0x0000000776900000, 0x0000000776900000| Untracked 
| 106|0x0000000776a00000, 0x0000000776a00000, 0x0000000776b00000|  0%| F|  |TAMS 0x0000000776a00000, 0x0000000776a00000| Untracked 
| 107|0x0000000776b00000, 0x0000000776b00000, 0x0000000776c00000|  0%| F|  |TAMS 0x0000000776b00000, 0x0000000776b00000| Untracked 
| 108|0x0000000776c00000, 0x0000000776c00000, 0x0000000776d00000|  0%| F|  |TAMS 0x0000000776c00000, 0x0000000776c00000| Untracked 
| 109|0x0000000776d00000, 0x0000000776d00000, 0x0000000776e00000|  0%| F|  |TAMS 0x0000000776d00000, 0x0000000776d00000| Untracked 
| 110|0x0000000776e00000, 0x0000000776e00000, 0x0000000776f00000|  0%| F|  |TAMS 0x0000000776e00000, 0x0000000776e00000| Untracked 
| 111|0x0000000776f00000, 0x0000000776f00000, 0x0000000777000000|  0%| F|  |TAMS 0x0000000776f00000, 0x0000000776f00000| Untracked 
| 112|0x0000000777000000, 0x0000000777000000, 0x0000000777100000|  0%| F|  |TAMS 0x0000000777000000, 0x0000000777000000| Untracked 
| 113|0x0000000777100000, 0x0000000777100000, 0x0000000777200000|  0%| F|  |TAMS 0x0000000777100000, 0x0000000777100000| Untracked 
| 114|0x0000000777200000, 0x0000000777200000, 0x0000000777300000|  0%| F|  |TAMS 0x0000000777200000, 0x0000000777200000| Untracked 
| 115|0x0000000777300000, 0x0000000777300000, 0x0000000777400000|  0%| F|  |TAMS 0x0000000777300000, 0x0000000777300000| Untracked 
| 116|0x0000000777400000, 0x0000000777400000, 0x0000000777500000|  0%| F|  |TAMS 0x0000000777400000, 0x0000000777400000| Untracked 
| 117|0x0000000777500000, 0x0000000777500000, 0x0000000777600000|  0%| F|  |TAMS 0x0000000777500000, 0x0000000777500000| Untracked 
| 118|0x0000000777600000, 0x0000000777600000, 0x0000000777700000|  0%| F|  |TAMS 0x0000000777600000, 0x0000000777600000| Untracked 
| 119|0x0000000777700000, 0x0000000777700000, 0x0000000777800000|  0%| F|  |TAMS 0x0000000777700000, 0x0000000777700000| Untracked 
| 120|0x0000000777800000, 0x0000000777800000, 0x0000000777900000|  0%| F|  |TAMS 0x0000000777800000, 0x0000000777800000| Untracked 
| 121|0x0000000777900000, 0x0000000777900000, 0x0000000777a00000|  0%| F|  |TAMS 0x0000000777900000, 0x0000000777900000| Untracked 
| 122|0x0000000777a00000, 0x0000000777a00000, 0x0000000777b00000|  0%| F|  |TAMS 0x0000000777a00000, 0x0000000777a00000| Untracked 
| 123|0x0000000777b00000, 0x0000000777b00000, 0x0000000777c00000|  0%| F|  |TAMS 0x0000000777b00000, 0x0000000777b00000| Untracked 
| 124|0x0000000777c00000, 0x0000000777c00000, 0x0000000777d00000|  0%| F|  |TAMS 0x0000000777c00000, 0x0000000777c00000| Untracked 
| 125|0x0000000777d00000, 0x0000000777d00000, 0x0000000777e00000|  0%| F|  |TAMS 0x0000000777d00000, 0x0000000777d00000| Untracked 
| 126|0x0000000777e00000, 0x0000000777e00000, 0x0000000777f00000|  0%| F|  |TAMS 0x0000000777e00000, 0x0000000777e00000| Untracked 
| 127|0x0000000777f00000, 0x0000000777f00000, 0x0000000778000000|  0%| F|  |TAMS 0x0000000777f00000, 0x0000000777f00000| Untracked 
| 128|0x0000000778000000, 0x0000000778000000, 0x0000000778100000|  0%| F|  |TAMS 0x0000000778000000, 0x0000000778000000| Untracked 
| 129|0x0000000778100000, 0x0000000778100000, 0x0000000778200000|  0%| F|  |TAMS 0x0000000778100000, 0x0000000778100000| Untracked 
| 130|0x0000000778200000, 0x0000000778200000, 0x0000000778300000|  0%| F|  |TAMS 0x0000000778200000, 0x0000000778200000| Untracked 
| 131|0x0000000778300000, 0x0000000778300000, 0x0000000778400000|  0%| F|  |TAMS 0x0000000778300000, 0x0000000778300000| Untracked 
| 132|0x0000000778400000, 0x0000000778400000, 0x0000000778500000|  0%| F|  |TAMS 0x0000000778400000, 0x0000000778400000| Untracked 
| 133|0x0000000778500000, 0x0000000778500000, 0x0000000778600000|  0%| F|  |TAMS 0x0000000778500000, 0x0000000778500000| Untracked 
| 134|0x0000000778600000, 0x0000000778600000, 0x0000000778700000|  0%| F|  |TAMS 0x0000000778600000, 0x0000000778600000| Untracked 
| 135|0x0000000778700000, 0x0000000778700000, 0x0000000778800000|  0%| F|  |TAMS 0x0000000778700000, 0x0000000778700000| Untracked 
| 136|0x0000000778800000, 0x0000000778800000, 0x0000000778900000|  0%| F|  |TAMS 0x0000000778800000, 0x0000000778800000| Untracked 
| 137|0x0000000778900000, 0x0000000778900000, 0x0000000778a00000|  0%| F|  |TAMS 0x0000000778900000, 0x0000000778900000| Untracked 
| 138|0x0000000778a00000, 0x0000000778a00000, 0x0000000778b00000|  0%| F|  |TAMS 0x0000000778a00000, 0x0000000778a00000| Untracked 
| 139|0x0000000778b00000, 0x0000000778b24980, 0x0000000778c00000| 14%| E|  |TAMS 0x0000000778b00000, 0x0000000778b00000| Complete 
| 140|0x0000000778c00000, 0x0000000778d00000, 0x0000000778d00000|100%| E|CS|TAMS 0x0000000778c00000, 0x0000000778c00000| Complete 
| 141|0x0000000778d00000, 0x0000000778e00000, 0x0000000778e00000|100%| E|CS|TAMS 0x0000000778d00000, 0x0000000778d00000| Complete 
| 142|0x0000000778e00000, 0x0000000778f00000, 0x0000000778f00000|100%| E|CS|TAMS 0x0000000778e00000, 0x0000000778e00000| Complete 
| 143|0x0000000778f00000, 0x0000000779000000, 0x0000000779000000|100%| E|CS|TAMS 0x0000000778f00000, 0x0000000778f00000| Complete 

Card table byte_map: [0x00000232bf530000,0x00000232bf9b0000] _byte_map_base: 0x00000232bb9b0000

Marking Bits (Prev, Next): (CMBitMap*) 0x00000232a7bfa078, (CMBitMap*) 0x00000232a7bfa0b8
 Prev Bits: [0x00000232bfe30000, 0x00000232c2230000)
 Next Bits: [0x00000232c2230000, 0x00000232c4630000)

Polling page: 0x00000232a5a20000

Metaspace:

Usage:
  Non-class:      4.18 MB capacity,     2.80 MB ( 67%) used,     1.37 MB ( 33%) free+waste,     6.81 KB ( <1%) overhead. 
      Class:    486.00 KB capacity,   320.18 KB ( 66%) used,   161.57 KB ( 33%) free+waste,     4.25 KB ( <1%) overhead. 
       Both:      4.65 MB capacity,     3.11 MB ( 67%) used,     1.53 MB ( 33%) free+waste,    11.06 KB ( <1%) overhead. 

Virtual space:
  Non-class space:        8.00 MB reserved,       4.25 MB ( 53%) committed 
      Class space:        1.00 GB reserved,     512.00 KB ( <1%) committed 
             Both:        1.01 GB reserved,       4.75 MB ( <1%) committed 

Chunk freelists:
   Non-Class:  0 bytes
       Class:  0 bytes
        Both:  0 bytes

MaxMetaspaceSize: 17179869184.00 GB
CompressedClassSpaceSize: 1.00 GB

CodeHeap 'non-profiled nmethods': size=120064Kb used=175Kb max_used=175Kb free=119888Kb
 bounds [0x00000232b7b70000, 0x00000232b7de0000, 0x00000232bf0b0000]
CodeHeap 'profiled nmethods': size=120000Kb used=699Kb max_used=699Kb free=119300Kb
 bounds [0x00000232b0640000, 0x00000232b08b0000, 0x00000232b7b70000]
CodeHeap 'non-nmethods': size=5696Kb used=1187Kb max_used=1197Kb free=4508Kb
 bounds [0x00000232b00b0000, 0x00000232b0320000, 0x00000232b0640000]
 total_blobs=1313 nmethods=488 adapters=352
 compilation: enabled
              stopped_count=0, restarted_count=0
 full_count=0

Compilation events (20 events):
Event: 0.618 Thread 0x00000232c67f9000  479       3       java.lang.reflect.Modifier::isPublic (12 bytes)
Event: 0.618 Thread 0x00000232c67f9000 nmethod 479 0x00000232b06e8390 code [0x00000232b06e8540, 0x00000232b06e86d8]
Event: 0.618 Thread 0x00000232c67f9000  480       3       jdk.internal.org.objectweb.asm.ByteVector::<init> (13 bytes)
Event: 0.618 Thread 0x00000232c67f9000 nmethod 480 0x00000232b06e8790 code [0x00000232b06e8940, 0x00000232b06e8c38]
Event: 0.619 Thread 0x00000232c67f9000  481       3       jdk.internal.org.objectweb.asm.ByteVector::putByteArray (49 bytes)
Event: 0.619 Thread 0x00000232c67f9000 nmethod 481 0x00000232b06e8d10 code [0x00000232b06e8ee0, 0x00000232b06e9240]
Event: 0.619 Thread 0x00000232c67f9000  482       3       java.lang.Class::getPackageName (82 bytes)
Event: 0.619 Thread 0x00000232c67f9000 nmethod 482 0x00000232b06e9390 code [0x00000232b06e9600, 0x00000232b06e9fb0]
Event: 0.620 Thread 0x00000232c67f9000  483       3       java.lang.invoke.MethodHandles$Lookup::lookupClassOrNull (17 bytes)
Event: 0.620 Thread 0x00000232c67f9000 nmethod 483 0x00000232b06ea310 code [0x00000232b06ea4c0, 0x00000232b06ea6b8]
Event: 0.621 Thread 0x00000232c67f9000  484       3       jdk.internal.org.objectweb.asm.Type::getArgumentsAndReturnSizes (132 bytes)
Event: 0.623 Thread 0x00000232c67f9000 nmethod 484 0x00000232b06ea790 code [0x00000232b06eab80, 0x00000232b06ec980]
Event: 0.624 Thread 0x00000232c67f9000  485       3       java.lang.invoke.MethodHandle::<init> (37 bytes)
Event: 0.624 Thread 0x00000232c67f9000 nmethod 485 0x00000232b06ed490 code [0x00000232b06ed6a0, 0x00000232b06edca0]
Event: 0.629 Thread 0x00000232c67f9000  486       3       jdk.internal.org.objectweb.asm.SymbolTable::hash (15 bytes)
Event: 0.629 Thread 0x00000232c67f9000 nmethod 486 0x00000232b06edf10 code [0x00000232b06ee0c0, 0x00000232b06ee2a0]
Event: 0.629 Thread 0x00000232c67f9000  487       3       java.lang.invoke.MemberName::isMethod (8 bytes)
Event: 0.630 Thread 0x00000232c67f9000 nmethod 487 0x00000232b06ee410 code [0x00000232b06ee5c0, 0x00000232b06ee878]
Event: 0.630 Thread 0x00000232c67f9000  488       3       jdk.internal.org.objectweb.asm.SymbolTable$Entry::<init> (18 bytes)
Event: 0.630 Thread 0x00000232c67f9000 nmethod 488 0x00000232b06ee990 code [0x00000232b06eeb40, 0x00000232b06eed30]

GC Heap History (0 events):
No events

Deoptimization events (6 events):
Event: 0.293 Thread 0x00000232a7bb1800 Uncommon trap: trap_request=0xffffff45 fr.pc=0x00000232b7b7d01c relative=0x00000000000006bc
Event: 0.293 Thread 0x00000232a7bb1800 Uncommon trap: reason=unstable_if action=reinterpret pc=0x00000232b7b7d01c method=java.util.HashMap.putVal(ILjava/lang/Object;Ljava/lang/Object;ZZ)Ljava/lang/Object; @ 69 c2
Event: 0.293 Thread 0x00000232a7bb1800 DEOPT PACKING pc=0x00000232b7b7d01c sp=0x0000006a317fef50
Event: 0.293 Thread 0x00000232a7bb1800 DEOPT UNPACKING pc=0x00000232b00f912f sp=0x0000006a317feef0 mode 2
Event: 0.322 Thread 0x00000232a7bb1800 DEOPT PACKING pc=0x00000232b067b98e sp=0x0000006a317fe230
Event: 0.322 Thread 0x00000232a7bb1800 DEOPT UNPACKING pc=0x00000232b00f964e sp=0x0000006a317fd6d0 mode 0

Classes unloaded (0 events):
No events

Classes redefined (0 events):
No events

Internal exceptions (4 events):
Event: 0.467 Thread 0x00000232a7bb1800 Exception <a 'java/lang/ClassNotFoundException'{0x0000000778c227c8}: sun/awt/resources/spi/awtProvider> (0x0000000778c227c8) 
thrown [t:/workspace/open/src/hotspot/share/classfile/systemDictionary.cpp, line 232]
Event: 0.516 Thread 0x00000232a7bb1800 Exception <a 'java/io/FileNotFoundException'{0x0000000778c77410}> (0x0000000778c77410) 
thrown [t:/workspace/open/src/hotspot/share/prims/jni.cpp, line 598]
Event: 0.552 Thread 0x00000232a7bb1800 Exception <a 'java/io/FileNotFoundException'{0x0000000778c9dc10}> (0x0000000778c9dc10) 
thrown [t:/workspace/open/src/hotspot/share/prims/jni.cpp, line 598]
Event: 0.629 Thread 0x00000232c7652000 Exception <a 'java/lang/NoSuchMethodError'{0x0000000778b05098}: 'void java.lang.invoke.DirectMethodHandle$Holder.invokeSpecial(java.lang.Object, java.lang.Object)'> (0x0000000778b05098) 
thrown [t:/workspace/open/src/hotspot/share/interpreter/linkResolver.cpp, line 767]

Events (20 events):
Event: 0.618 loading class sun/awt/AWTAutoShutdown
Event: 0.618 loading class sun/awt/AWTAutoShutdown done
Event: 0.619 Thread 0x00000232c764b800 Thread added: 0x00000232c764b800
Event: 0.621 Thread 0x00000232c7652000 Thread added: 0x00000232c7652000
Event: 0.628 Executing VM operation: RevokeBias
Event: 0.629 Executing VM operation: RevokeBias done
Event: 0.630 Executing VM operation: RevokeBias
Event: 0.631 Executing VM operation: RevokeBias done
Event: 0.642 loading class sun/java2d/d3d/D3DRenderQueue
Event: 0.642 loading class sun/java2d/pipe/RenderQueue
Event: 0.642 loading class sun/java2d/pipe/RenderQueue done
Event: 0.642 loading class sun/java2d/d3d/D3DRenderQueue done
Event: 0.643 loading class sun/java2d/pipe/RenderBuffer
Event: 0.643 loading class sun/java2d/pipe/RenderBuffer done
Event: 0.643 loading class sun/java2d/d3d/D3DRenderQueue$1
Event: 0.643 loading class sun/java2d/d3d/D3DRenderQueue$1 done
Event: 0.643 loading class sun/java2d/d3d/D3DGraphicsDevice$1Result
Event: 0.643 loading class sun/java2d/d3d/D3DGraphicsDevice$1Result done
Event: 0.643 loading class sun/java2d/d3d/D3DGraphicsDevice$1
Event: 0.643 loading class sun/java2d/d3d/D3DGraphicsDevice$1 done


Dynamic libraries:
0x00007ff6e2920000 - 0x00007ff6e292f000 	C:\Program Files\Java\jdk-13.0.1\bin\java.exe
0x00007ff920200000 - 0x00007ff9203f0000 	C:\Windows\SYSTEM32\ntdll.dll
0x00007ff920070000 - 0x00007ff920122000 	C:\Windows\System32\KERNEL32.DLL
0x00007ff91de20000 - 0x00007ff91e0c3000 	C:\Windows\System32\KERNELBASE.dll
0x00007ff91dd20000 - 0x00007ff91de1a000 	C:\Windows\System32\ucrtbase.dll
0x00007ff90d820000 - 0x00007ff90d838000 	C:\Program Files\Java\jdk-13.0.1\bin\jli.dll
0x00007ff91f970000 - 0x00007ff91fa13000 	C:\Windows\System32\ADVAPI32.dll
0x00007ff91ffc0000 - 0x00007ff92005e000 	C:\Windows\System32\msvcrt.dll
0x00007ff91f0b0000 - 0x00007ff91f147000 	C:\Windows\System32\sechost.dll
0x00007ff91fa20000 - 0x00007ff91fb40000 	C:\Windows\System32\RPCRT4.dll
0x00007ff91e4e0000 - 0x00007ff91e674000 	C:\Windows\System32\USER32.dll
0x00007ff91e170000 - 0x00007ff91e191000 	C:\Windows\System32\win32u.dll
0x00007ff91e6e0000 - 0x00007ff91e706000 	C:\Windows\System32\GDI32.dll
0x00007ff91db80000 - 0x00007ff91dd14000 	C:\Windows\System32\gdi32full.dll
0x00007ff91e0d0000 - 0x00007ff91e16e000 	C:\Windows\System32\msvcp_win.dll
0x00007ff90d800000 - 0x00007ff90d815000 	C:\Program Files\Java\jdk-13.0.1\bin\VCRUNTIME140.dll
0x00007ff910040000 - 0x00007ff9102c5000 	C:\Windows\WinSxS\amd64_microsoft.windows.common-controls_6595b64144ccf1df_6.0.18362.418_none_e6c6b287130d565d\COMCTL32.dll
0x00007ff91ed00000 - 0x00007ff91f036000 	C:\Windows\System32\combase.dll
0x00007ff91dae0000 - 0x00007ff91db60000 	C:\Windows\System32\bcryptPrimitives.dll
0x00007ff918db0000 - 0x00007ff918dba000 	C:\Windows\SYSTEM32\VERSION.dll
0x00007ff920190000 - 0x00007ff9201be000 	C:\Windows\System32\IMM32.DLL
0x00007ff8ff0a0000 - 0x00007ff8ff13b000 	C:\Program Files\Java\jdk-13.0.1\bin\msvcp140.dll
0x00007ff8dcf50000 - 0x00007ff8ddab6000 	C:\Program Files\Java\jdk-13.0.1\bin\server\jvm.dll
0x00007ff91fb40000 - 0x00007ff91fb48000 	C:\Windows\System32\PSAPI.DLL
0x00007ff9096c0000 - 0x00007ff9096c9000 	C:\Windows\SYSTEM32\WSOCK32.dll
0x00007ff91eb30000 - 0x00007ff91eb9f000 	C:\Windows\System32\WS2_32.dll
0x00007ff91b2d0000 - 0x00007ff91b2f4000 	C:\Windows\SYSTEM32\WINMM.dll
0x00007ff91b2a0000 - 0x00007ff91b2cd000 	C:\Windows\SYSTEM32\WINMMBASE.dll
0x00007ff91da60000 - 0x00007ff91daaa000 	C:\Windows\System32\cfgmgr32.dll
0x00007ff91d120000 - 0x00007ff91d131000 	C:\Windows\System32\kernel.appcore.dll
0x00007ff919920000 - 0x00007ff919930000 	C:\Program Files\Java\jdk-13.0.1\bin\verify.dll
0x00007ff9107d0000 - 0x00007ff9109c4000 	C:\Windows\SYSTEM32\DBGHELP.DLL
0x00007ff90ebe0000 - 0x00007ff90ec0a000 	C:\Windows\SYSTEM32\dbgcore.DLL
0x00007ff90a800000 - 0x00007ff90a826000 	C:\Program Files\Java\jdk-13.0.1\bin\java.dll
0x00007ff917c60000 - 0x00007ff917c6e000 	C:\Program Files\Java\jdk-13.0.1\bin\instrument.dll
0x00007ff90d630000 - 0x00007ff90d647000 	C:\Program Files\Java\jdk-13.0.1\bin\zip.dll
0x00007ff9193d0000 - 0x00007ff9193da000 	C:\Program Files\Java\jdk-13.0.1\bin\jimage.dll
0x00007ff91f280000 - 0x00007ff91f965000 	C:\Windows\System32\SHELL32.dll
0x00007ff91e950000 - 0x00007ff91e9f9000 	C:\Windows\System32\shcore.dll
0x00007ff91d2e0000 - 0x00007ff91da5f000 	C:\Windows\System32\windows.storage.dll
0x00007ff91d100000 - 0x00007ff91d11f000 	C:\Windows\System32\profapi.dll
0x00007ff91d140000 - 0x00007ff91d18a000 	C:\Windows\System32\powrprof.dll
0x00007ff91d0d0000 - 0x00007ff91d0e0000 	C:\Windows\System32\UMPDC.dll
0x00007ff920130000 - 0x00007ff920182000 	C:\Windows\System32\shlwapi.dll
0x00007ff91db60000 - 0x00007ff91db77000 	C:\Windows\System32\cryptsp.dll
0x00007ff90b850000 - 0x00007ff90b869000 	C:\Program Files\Java\jdk-13.0.1\bin\net.dll
0x00007ff917410000 - 0x00007ff917500000 	C:\Windows\SYSTEM32\WINHTTP.dll
0x00007ff91c8e0000 - 0x00007ff91c947000 	C:\Windows\system32\mswsock.dll
0x00007ff90ac40000 - 0x00007ff90ac53000 	C:\Program Files\Java\jdk-13.0.1\bin\nio.dll
0x00007ff909bb0000 - 0x00007ff909bca000 	C:\Users\TAYE\AppData\Local\JetBrains\IntelliJ IDEA Community Edition 2019.2.1\bin\breakgen64.dll
0x00007ff8f1b90000 - 0x00007ff8f1d29000 	C:\Program Files\Java\jdk-13.0.1\bin\awt.dll
0x00007ff91e2b0000 - 0x00007ff91e374000 	C:\Windows\System32\OLEAUT32.dll
0x00007ff919fb0000 - 0x00007ff91a570000 	C:\Windows\SYSTEM32\d2d1.dll
0x00007ff91b080000 - 0x00007ff91b10f000 	C:\Windows\SYSTEM32\apphelp.dll
0x00007ff91b850000 - 0x00007ff91b87d000 	C:\Windows\system32\DWMAPI.DLL
0x00007ff91b410000 - 0x00007ff91b4a9000 	C:\Windows\system32\uxtheme.dll
0x00007ff8e49f0000 - 0x00007ff8e4b46000 	C:\Windows\system32\opengl32.dll
0x00007ff916d00000 - 0x00007ff916d2c000 	C:\Windows\SYSTEM32\GLU32.dll
0x00007ff91bd20000 - 0x00007ff91bd40000 	C:\Windows\SYSTEM32\dxcore.dll
0x00007ff91e380000 - 0x00007ff91e4b6000 	C:\Windows\System32\MSCTF.dll
0x00007ff91eba0000 - 0x00007ff91ecf6000 	C:\Windows\System32\ole32.dll
0x00007ff8e6740000 - 0x00007ff8e6907000 	C:\Windows\system32\d3d9.dll
0x00007ff914300000 - 0x00007ff91453f000 	C:\Windows\SYSTEM32\VBoxDispD3D.dll
0x00007ff913900000 - 0x00007ff913aaf000 	C:\Windows\system32\VBoxSVGA.dll
0x00007ff913e90000 - 0x00007ff913fbf000 	C:\Windows\system32\VBoxNine.dll

dbghelp: loaded successfully - version: 4.0.5 - missing functions: none
symbol engine: initialized successfully - sym options: 0x614 - pdb path: .;C:\Program Files\Java\jdk-13.0.1\bin;C:\Windows\SYSTEM32;C:\Windows\WinSxS\amd64_microsoft.windows.common-controls_6595b64144ccf1df_6.0.18362.418_none_e6c6b287130d565d;C:\Program Files\Java\jdk-13.0.1\bin\server;C:\Users\TAYE\AppData\Local\JetBrains\IntelliJ IDEA Community Edition 2019.2.1\bin

VM Arguments:
jvm_args: -javaagent:C:\Users\TAYE\AppData\Local\JetBrains\IntelliJ IDEA Community Edition 2019.2.1\lib\idea_rt.jar=50456:C:\Users\TAYE\AppData\Local\JetBrains\IntelliJ IDEA Community Edition 2019.2.1\bin -Dfile.encoding=UTF-8 
java_command: com.javarush.task.task34.task3410.controller.Controller
java_class_path (initial): C:\Users\TAYE\Sync\JavaRushTasks\out\production\4.JavaCollections;C:\Users\TAYE\Sync\JavaRushTasks\out\production\3.JavaMultithreading;C:\Users\TAYE\Sync\JavaRushTasks\out\production\2.JavaCore;C:\Users\TAYE\Sync\jackson-databind-2.9.8.jar;C:\Users\TAYE\Sync\jackson-core-2.9.8.jar;C:\Users\TAYE\Sync\jackson-annotations-2.9.8.jar;C:\Users\TAYE\Sync\testtask.zip;C:\Users\TAYE\Sync\javax.mail.jar;C:\Users\TAYE\Sync\jsoup-1.12.1.jar;C:\Users\TAYE\Sync\slf4j-2.0.0-alpha0.zip;C:\Users\TAYE\Sync\javax.mail-api-1.4.7.jar;C:\Users\TAYE\Sync\jsoup-1.12.1-sources.jar;C:\Users\TAYE\Sync\javax.activation-1.2.0.jar;C:\Users\TAYE\Sync\slf4j-1.7.26\slf4j-api-1.7.26.jar;C:\Users\TAYE\Sync\slf4j-1.7.26\slf4j-ext-1.7.26.jar;C:\Users\TAYE\Sync\slf4j-1.7.26\slf4j-jcl-1.7.26.jar;C:\Users\TAYE\Sync\slf4j-1.7.26\slf4j-nop-1.7.26.jar;C:\Users\TAYE\Sync\slf4j-1.7.26\slf4j-jdk14-1.7.26.jar;C:\Users\TAYE\Sync\slf4j-1.7.26\jul-to-slf4j-1.7.26.jar;C:\Users\TAYE\Sync\slf4j-1.7.26\slf4j-simple-1.7.26.jar;C:\Users\TAYE\Sync\slf4j-1.7.26\slf4j-android-1.7.26.jar;C:\Users\TAYE\Sync\slf4j-1.7.26\slf4j-log4j12-1.7.26.jar;C:\Users\TAYE\Sync\slf4j-1.7.26\jcl-over-slf4j-1.7.26.jar;C:\Users\TAYE\Sync\slf4j-1.7.26\slf4j-migrator-1.7.26.jar;C:\Users\TAYE\Sync\slf4j-1.7.26\osgi-over-slf4j-1.7.26.jar;C:\Users\TAYE\Sync\slf4j-1.7.26\log4j-over-slf4j-1.7.26.jar;C:\Users\TAYE\Sync\slf4j-1.7.26\slf4j-api-1.7.26-sources.jar;C:\Users\TAYE\Sync\slf4j-1.7.26\slf4j-ext-1.7.26-sources.jar;C:\Users\TAYE\Sync\slf4j-1.7.26\slf4j-jcl-1.7.26-sources.jar;C:\Users\TAYE\Sync\slf4j-1.7.26\slf4j-nop-1.7.26-sources.jar;C:\Users\TAYE\Sync\slf4j-1.7.26\slf4j-jdk14-1.7.26-sources.jar;C:\Users\TAYE\Sync\slf4j-1.7.26\jul-to-slf4j-1.7.26-sources.jar;C:\Users\TAYE\Sync\slf4j-1.7.26\slf4j-simple-1.7.26-sources.jar;C:\Users\TAYE\Sync\slf4j-1.7.26\slf4j-android-1.7.26-sources.jar;C:\Users\TAYE\Sync\slf4j-1.7.26\slf4j-log4j12-1.7.26-sources.jar;C:\Users\TAYE\Sync\slf4j-1.7.26\jcl-over-slf4j-1.7.26-sources.jar;C:\
Launcher Type: SUN_STANDARD

[Global flags]
     intx CICompilerCount                          = 2                                         {product} {ergonomic}
     uint ConcGCThreads                            = 1                                         {product} {ergonomic}
     uint G1ConcRefinementThreads                  = 2                                         {product} {ergonomic}
   size_t G1HeapRegionSize                         = 1048576                                   {product} {ergonomic}
    uintx GCDrainStackTargetSize                   = 64                                        {product} {ergonomic}
   size_t InitialHeapSize                          = 150994944                                 {product} {ergonomic}
   size_t MarkStackSize                            = 4194304                                   {product} {ergonomic}
   size_t MaxHeapSize                              = 2415919104                                {product} {ergonomic}
   size_t MaxNewSize                               = 1449132032                                {product} {ergonomic}
   size_t MinHeapDeltaBytes                        = 1048576                                   {product} {ergonomic}
   size_t MinHeapSize                              = 8388608                                   {product} {ergonomic}
    uintx NonNMethodCodeHeapSize                   = 5825164                                {pd product} {ergonomic}
    uintx NonProfiledCodeHeapSize                  = 122916538                              {pd product} {ergonomic}
    uintx ProfiledCodeHeapSize                     = 122916538                              {pd product} {ergonomic}
    uintx ReservedCodeCacheSize                    = 251658240                              {pd product} {ergonomic}
     bool SegmentedCodeCache                       = true                                      {product} {ergonomic}
   size_t SoftMaxHeapSize                          = 2415919104                             {manageable} {ergonomic}
     bool UseCompressedClassPointers               = true                                 {lp64_product} {ergonomic}
     bool UseCompressedOops                        = true                                 {lp64_product} {ergonomic}
     bool UseG1GC                                  = true                                      {product} {ergonomic}
     bool UseLargePagesIndividualAllocation        = false                                  {pd product} {ergonomic}

Logging:
Log output configuration:
 #0: stdout all=warning uptime,level,tags
 #1: stderr all=off uptime,level,tags

Environment Variables:
PATH=C:\Windows\system32;C:\Windows;C:\Windows\System32\Wbem;C:\Windows\System32\WindowsPowerShell\v1.0\;C:\Windows\System32\OpenSSH\;C:\Program Files\Git\cmd;C:\Users\TAYE\AppData\Local\Microsoft\WindowsApps;;C:\Program Files\JetBrains\IntelliJ IDEA Community Edition 2019.2.3\bin;;C:\Users\TAYE\AppData\Local\JetBrains\IntelliJ IDEA 2019.2.2\bin;
USERNAME=TAYE
OS=Windows_NT
PROCESSOR_IDENTIFIER=Intel64 Family 6 Model 158 Stepping 9, GenuineIntel



---------------  S Y S T E M  ---------------

OS: Windows 10 , 64 bit Build 18362 (10.0.18362.329)

CPU:total 2 (initial active 2) (2 cores per cpu, 1 threads per core) family 6 model 158 stepping 9, cmov, cx8, fxsr, mmx, sse, sse2, sse3, ssse3, sse4.1, sse4.2, popcnt, avx, avx2, aes, clmul, 3dnowpref, lzcnt, tsc, tscinvbit

Memory: 4k page, system-wide physical 9215M (4527M free)
TotalPageFile size 11263M (AvailPageFile size 5347M)
current process WorkingSet (physical memory assigned to process): 44M, peak: 46M
current process commit charge ("private bytes"): 224M, peak: 256M

vm_info: Java HotSpot(TM) 64-Bit Server VM (13.0.1+9) for windows-amd64 JRE (13.0.1+9), built on Oct  6 2019 12:37:49 by "mach5one" with unknown MS VC++:1916

END.
