#
# A fatal error has been detected by the Java Runtime Environment:
#
#  Internal Error (t:/workspace/open/src/hotspot/os_cpu/windows_x86/os_windows_x86.cpp:145), pid=4872, tid=3972
#  guarantee(result == EXCEPTION_CONTINUE_EXECUTION) failed: Unexpected result from topLevelExceptionFilter
#
# JRE version: Java(TM) SE Runtime Environment (11.0.3+12) (build 11.0.3+12-LTS)
# Java VM: Java HotSpot(TM) 64-Bit Server VM (11.0.3+12-LTS, mixed mode, tiered, compressed oops, g1 gc, windows-amd64)
# No core dump will be written. Minidumps are not enabled by default on client versions of Windows
#
# If you would like to submit a bug report, please visit:
#   http://bugreport.java.com/bugreport/crash.jsp
# The crash happened outside the Java Virtual Machine in native code.
# See problematic frame for where to report the bug.
#

---------------  S U M M A R Y ------------

Command Line: -javaagent:C:\Users\TAYE\AppData\Local\JetBrains\IntelliJ IDEA Community Edition 2019.2.1\lib\idea_rt.jar=63322:C:\Users\TAYE\AppData\Local\JetBrains\IntelliJ IDEA Community Edition 2019.2.1\bin -Dfile.encoding=UTF-8 com.javarush.task.task34.task3410.controller.Controller

Host: Intel(R) Core(TM) i3-7100 CPU @ 3.90GHz, 2 cores, 8G,  Windows 10 , 64 bit Build 18362 (10.0.18362.329)
Time: Thu Oct 24 14:15:13 2019 FLE Daylight Time elapsed time: 1 seconds (0d 0h 0m 1s)

---------------  T H R E A D  ---------------

Current thread (0x0000023016726800):  JavaThread "AWT-Windows" daemon [_thread_in_native, id=3972, stack(0x000000e32d700000,0x000000e32d800000)]

Stack: [0x000000e32d700000,0x000000e32d800000]
Native frames: (J=compiled Java code, j=interpreted, Vv=VM code, C=native code)
V  [jvm.dll+0x63582a]
V  [jvm.dll+0x77360f]
V  [jvm.dll+0x774cba]
V  [jvm.dll+0x775327]
V  [jvm.dll+0x25e91c]
V  [jvm.dll+0x63531c]
C  [ntdll.dll+0xa11ff]
C  [ntdll.dll+0x6a289]
C  [ntdll.dll+0x9fe6e]
C  [VBoxSVGA.dll+0x17e9]

Java frames: (J=compiled Java code, j=interpreted, Vv=VM code)
j  sun.java2d.d3d.D3DGraphicsDevice.getDeviceCapsNative(I)I+0 java.desktop@11.0.3
j  sun.java2d.d3d.D3DGraphicsDevice$1.run()V+8 java.desktop@11.0.3
v  ~StubRoutines::call_stub
j  sun.awt.windows.WToolkit.eventLoop()V+0 java.desktop@11.0.3
j  sun.awt.windows.WToolkit.run()V+50 java.desktop@11.0.3
j  java.lang.Thread.run()V+11 java.base@11.0.3
v  ~StubRoutines::call_stub

---------------  P R O C E S S  ---------------

Threads class SMR info:
_java_thread_list=0x000002301671a4c0, length=14, elements={
0x0000023076a2a800, 0x000002307fcba800, 0x000002307fcbb800, 0x0000023016043800,
0x000002307fcc5000, 0x000002307fcc9000, 0x000002307fcca800, 0x000002301609a000,
0x0000023016196000, 0x00000230162b5800, 0x00000230162b6800, 0x000002301671d800,
0x000002301671e000, 0x0000023016726800
}

Java Threads: ( => current thread )
  0x0000023076a2a800 JavaThread "main" [_thread_in_native, id=1600, stack(0x000000e32c300000,0x000000e32c400000)]
  0x000002307fcba800 JavaThread "Reference Handler" daemon [_thread_blocked, id=1216, stack(0x000000e32ca00000,0x000000e32cb00000)]
  0x000002307fcbb800 JavaThread "Finalizer" daemon [_thread_blocked, id=4804, stack(0x000000e32cb00000,0x000000e32cc00000)]
  0x0000023016043800 JavaThread "Signal Dispatcher" daemon [_thread_blocked, id=4700, stack(0x000000e32cc00000,0x000000e32cd00000)]
  0x000002307fcc5000 JavaThread "Attach Listener" daemon [_thread_blocked, id=4412, stack(0x000000e32cd00000,0x000000e32ce00000)]
  0x000002307fcc9000 JavaThread "C2 CompilerThread0" daemon [_thread_blocked, id=1588, stack(0x000000e32ce00000,0x000000e32cf00000)]
  0x000002307fcca800 JavaThread "C1 CompilerThread0" daemon [_thread_blocked, id=4692, stack(0x000000e32cf00000,0x000000e32d000000)]
  0x000002301609a000 JavaThread "Sweeper thread" daemon [_thread_blocked, id=6184, stack(0x000000e32d000000,0x000000e32d100000)]
  0x0000023016196000 JavaThread "Common-Cleaner" daemon [_thread_blocked, id=5872, stack(0x000000e32d100000,0x000000e32d200000)]
  0x00000230162b5800 JavaThread "Monitor Ctrl-Break" daemon [_thread_in_native, id=460, stack(0x000000e32d200000,0x000000e32d300000)]
  0x00000230162b6800 JavaThread "Service Thread" daemon [_thread_blocked, id=7356, stack(0x000000e32d300000,0x000000e32d400000)]
  0x000002301671d800 JavaThread "Java2D Disposer" daemon [_thread_blocked, id=6260, stack(0x000000e32d500000,0x000000e32d600000)]
  0x000002301671e000 JavaThread "AWT-Shutdown" [_thread_blocked, id=8744, stack(0x000000e32d600000,0x000000e32d700000)]
=>0x0000023016726800 JavaThread "AWT-Windows" daemon [_thread_in_native, id=3972, stack(0x000000e32d700000,0x000000e32d800000)]

Other Threads:
  0x000002307fc81000 VMThread "VM Thread" [stack: 0x000000e32c900000,0x000000e32ca00000] [id=8252]
  0x000002301650a800 WatcherThread [stack: 0x000000e32d400000,0x000000e32d500000] [id=4632]
  0x0000023076a42000 GCTaskThread "GC Thread#0" [stack: 0x000000e32c400000,0x000000e32c500000] [id=4600]
  0x0000023076a77800 ConcurrentGCThread "G1 Main Marker" [stack: 0x000000e32c500000,0x000000e32c600000] [id=2316]
  0x0000023076a79800 ConcurrentGCThread "G1 Conc#0" [stack: 0x000000e32c600000,0x000000e32c700000] [id=6480]
  0x0000023076af8000 ConcurrentGCThread "G1 Refine#0" [stack: 0x000000e32c700000,0x000000e32c800000] [id=3492]
  0x000002307faf0800 ConcurrentGCThread "G1 Young RemSet Sampling" [stack: 0x000000e32c800000,0x000000e32c900000] [id=7844]

Threads with active compile tasks:

VM state:not at safepoint (normal execution)

VM Mutex/Monitor currently owned by a thread: None

Heap address: 0x0000000770000000, size: 2304 MB, Compressed Oops mode: Zero based, Oop shift amount: 3
Narrow klass base: 0x0000000800000000, Narrow klass shift: 0
Compressed class space size: 1073741824 Address: 0x0000000800000000

Heap:
 garbage-first heap   total 147456K, used 5120K [0x0000000770000000, 0x0000000800000000)
  region size 1024K, 7 young (7168K), 0 survivors (0K)
 Metaspace       used 10427K, capacity 10600K, committed 10880K, reserved 1058816K
  class space    used 989K, capacity 1087K, committed 1152K, reserved 1048576K
Heap Regions: E=young(eden), S=young(survivor), O=old, HS=humongous(starts), HC=humongous(continues), CS=collection set, F=free, A=archive, TAMS=top-at-mark-start (previous, next)
|   0|0x0000000770000000, 0x0000000770000000, 0x0000000770100000|  0%| F|  |TAMS 0x0000000770000000, 0x0000000770000000| Untracked 
|   1|0x0000000770100000, 0x0000000770100000, 0x0000000770200000|  0%| F|  |TAMS 0x0000000770100000, 0x0000000770100000| Untracked 
|   2|0x0000000770200000, 0x0000000770200000, 0x0000000770300000|  0%| F|  |TAMS 0x0000000770200000, 0x0000000770200000| Untracked 
|   3|0x0000000770300000, 0x0000000770300000, 0x0000000770400000|  0%| F|  |TAMS 0x0000000770300000, 0x0000000770300000| Untracked 
|   4|0x0000000770400000, 0x0000000770400000, 0x0000000770500000|  0%| F|  |TAMS 0x0000000770400000, 0x0000000770400000| Untracked 
|   5|0x0000000770500000, 0x0000000770500000, 0x0000000770600000|  0%| F|  |TAMS 0x0000000770500000, 0x0000000770500000| Untracked 
|   6|0x0000000770600000, 0x0000000770600000, 0x0000000770700000|  0%| F|  |TAMS 0x0000000770600000, 0x0000000770600000| Untracked 
|   7|0x0000000770700000, 0x0000000770700000, 0x0000000770800000|  0%| F|  |TAMS 0x0000000770700000, 0x0000000770700000| Untracked 
|   8|0x0000000770800000, 0x0000000770800000, 0x0000000770900000|  0%| F|  |TAMS 0x0000000770800000, 0x0000000770800000| Untracked 
|   9|0x0000000770900000, 0x0000000770900000, 0x0000000770a00000|  0%| F|  |TAMS 0x0000000770900000, 0x0000000770900000| Untracked 
|  10|0x0000000770a00000, 0x0000000770a00000, 0x0000000770b00000|  0%| F|  |TAMS 0x0000000770a00000, 0x0000000770a00000| Untracked 
|  11|0x0000000770b00000, 0x0000000770b00000, 0x0000000770c00000|  0%| F|  |TAMS 0x0000000770b00000, 0x0000000770b00000| Untracked 
|  12|0x0000000770c00000, 0x0000000770c00000, 0x0000000770d00000|  0%| F|  |TAMS 0x0000000770c00000, 0x0000000770c00000| Untracked 
|  13|0x0000000770d00000, 0x0000000770d00000, 0x0000000770e00000|  0%| F|  |TAMS 0x0000000770d00000, 0x0000000770d00000| Untracked 
|  14|0x0000000770e00000, 0x0000000770e00000, 0x0000000770f00000|  0%| F|  |TAMS 0x0000000770e00000, 0x0000000770e00000| Untracked 
|  15|0x0000000770f00000, 0x0000000770f00000, 0x0000000771000000|  0%| F|  |TAMS 0x0000000770f00000, 0x0000000770f00000| Untracked 
|  16|0x0000000771000000, 0x0000000771000000, 0x0000000771100000|  0%| F|  |TAMS 0x0000000771000000, 0x0000000771000000| Untracked 
|  17|0x0000000771100000, 0x0000000771100000, 0x0000000771200000|  0%| F|  |TAMS 0x0000000771100000, 0x0000000771100000| Untracked 
|  18|0x0000000771200000, 0x0000000771200000, 0x0000000771300000|  0%| F|  |TAMS 0x0000000771200000, 0x0000000771200000| Untracked 
|  19|0x0000000771300000, 0x0000000771300000, 0x0000000771400000|  0%| F|  |TAMS 0x0000000771300000, 0x0000000771300000| Untracked 
|  20|0x0000000771400000, 0x0000000771400000, 0x0000000771500000|  0%| F|  |TAMS 0x0000000771400000, 0x0000000771400000| Untracked 
|  21|0x0000000771500000, 0x0000000771500000, 0x0000000771600000|  0%| F|  |TAMS 0x0000000771500000, 0x0000000771500000| Untracked 
|  22|0x0000000771600000, 0x0000000771600000, 0x0000000771700000|  0%| F|  |TAMS 0x0000000771600000, 0x0000000771600000| Untracked 
|  23|0x0000000771700000, 0x0000000771700000, 0x0000000771800000|  0%| F|  |TAMS 0x0000000771700000, 0x0000000771700000| Untracked 
|  24|0x0000000771800000, 0x0000000771800000, 0x0000000771900000|  0%| F|  |TAMS 0x0000000771800000, 0x0000000771800000| Untracked 
|  25|0x0000000771900000, 0x0000000771900000, 0x0000000771a00000|  0%| F|  |TAMS 0x0000000771900000, 0x0000000771900000| Untracked 
|  26|0x0000000771a00000, 0x0000000771a00000, 0x0000000771b00000|  0%| F|  |TAMS 0x0000000771a00000, 0x0000000771a00000| Untracked 
|  27|0x0000000771b00000, 0x0000000771b00000, 0x0000000771c00000|  0%| F|  |TAMS 0x0000000771b00000, 0x0000000771b00000| Untracked 
|  28|0x0000000771c00000, 0x0000000771c00000, 0x0000000771d00000|  0%| F|  |TAMS 0x0000000771c00000, 0x0000000771c00000| Untracked 
|  29|0x0000000771d00000, 0x0000000771d00000, 0x0000000771e00000|  0%| F|  |TAMS 0x0000000771d00000, 0x0000000771d00000| Untracked 
|  30|0x0000000771e00000, 0x0000000771e00000, 0x0000000771f00000|  0%| F|  |TAMS 0x0000000771e00000, 0x0000000771e00000| Untracked 
|  31|0x0000000771f00000, 0x0000000771f00000, 0x0000000772000000|  0%| F|  |TAMS 0x0000000771f00000, 0x0000000771f00000| Untracked 
|  32|0x0000000772000000, 0x0000000772000000, 0x0000000772100000|  0%| F|  |TAMS 0x0000000772000000, 0x0000000772000000| Untracked 
|  33|0x0000000772100000, 0x0000000772100000, 0x0000000772200000|  0%| F|  |TAMS 0x0000000772100000, 0x0000000772100000| Untracked 
|  34|0x0000000772200000, 0x0000000772200000, 0x0000000772300000|  0%| F|  |TAMS 0x0000000772200000, 0x0000000772200000| Untracked 
|  35|0x0000000772300000, 0x0000000772300000, 0x0000000772400000|  0%| F|  |TAMS 0x0000000772300000, 0x0000000772300000| Untracked 
|  36|0x0000000772400000, 0x0000000772400000, 0x0000000772500000|  0%| F|  |TAMS 0x0000000772400000, 0x0000000772400000| Untracked 
|  37|0x0000000772500000, 0x0000000772500000, 0x0000000772600000|  0%| F|  |TAMS 0x0000000772500000, 0x0000000772500000| Untracked 
|  38|0x0000000772600000, 0x0000000772600000, 0x0000000772700000|  0%| F|  |TAMS 0x0000000772600000, 0x0000000772600000| Untracked 
|  39|0x0000000772700000, 0x0000000772700000, 0x0000000772800000|  0%| F|  |TAMS 0x0000000772700000, 0x0000000772700000| Untracked 
|  40|0x0000000772800000, 0x0000000772800000, 0x0000000772900000|  0%| F|  |TAMS 0x0000000772800000, 0x0000000772800000| Untracked 
|  41|0x0000000772900000, 0x0000000772900000, 0x0000000772a00000|  0%| F|  |TAMS 0x0000000772900000, 0x0000000772900000| Untracked 
|  42|0x0000000772a00000, 0x0000000772a00000, 0x0000000772b00000|  0%| F|  |TAMS 0x0000000772a00000, 0x0000000772a00000| Untracked 
|  43|0x0000000772b00000, 0x0000000772b00000, 0x0000000772c00000|  0%| F|  |TAMS 0x0000000772b00000, 0x0000000772b00000| Untracked 
|  44|0x0000000772c00000, 0x0000000772c00000, 0x0000000772d00000|  0%| F|  |TAMS 0x0000000772c00000, 0x0000000772c00000| Untracked 
|  45|0x0000000772d00000, 0x0000000772d00000, 0x0000000772e00000|  0%| F|  |TAMS 0x0000000772d00000, 0x0000000772d00000| Untracked 
|  46|0x0000000772e00000, 0x0000000772e00000, 0x0000000772f00000|  0%| F|  |TAMS 0x0000000772e00000, 0x0000000772e00000| Untracked 
|  47|0x0000000772f00000, 0x0000000772f00000, 0x0000000773000000|  0%| F|  |TAMS 0x0000000772f00000, 0x0000000772f00000| Untracked 
|  48|0x0000000773000000, 0x0000000773000000, 0x0000000773100000|  0%| F|  |TAMS 0x0000000773000000, 0x0000000773000000| Untracked 
|  49|0x0000000773100000, 0x0000000773100000, 0x0000000773200000|  0%| F|  |TAMS 0x0000000773100000, 0x0000000773100000| Untracked 
|  50|0x0000000773200000, 0x0000000773200000, 0x0000000773300000|  0%| F|  |TAMS 0x0000000773200000, 0x0000000773200000| Untracked 
|  51|0x0000000773300000, 0x0000000773300000, 0x0000000773400000|  0%| F|  |TAMS 0x0000000773300000, 0x0000000773300000| Untracked 
|  52|0x0000000773400000, 0x0000000773400000, 0x0000000773500000|  0%| F|  |TAMS 0x0000000773400000, 0x0000000773400000| Untracked 
|  53|0x0000000773500000, 0x0000000773500000, 0x0000000773600000|  0%| F|  |TAMS 0x0000000773500000, 0x0000000773500000| Untracked 
|  54|0x0000000773600000, 0x0000000773600000, 0x0000000773700000|  0%| F|  |TAMS 0x0000000773600000, 0x0000000773600000| Untracked 
|  55|0x0000000773700000, 0x0000000773700000, 0x0000000773800000|  0%| F|  |TAMS 0x0000000773700000, 0x0000000773700000| Untracked 
|  56|0x0000000773800000, 0x0000000773800000, 0x0000000773900000|  0%| F|  |TAMS 0x0000000773800000, 0x0000000773800000| Untracked 
|  57|0x0000000773900000, 0x0000000773900000, 0x0000000773a00000|  0%| F|  |TAMS 0x0000000773900000, 0x0000000773900000| Untracked 
|  58|0x0000000773a00000, 0x0000000773a00000, 0x0000000773b00000|  0%| F|  |TAMS 0x0000000773a00000, 0x0000000773a00000| Untracked 
|  59|0x0000000773b00000, 0x0000000773b00000, 0x0000000773c00000|  0%| F|  |TAMS 0x0000000773b00000, 0x0000000773b00000| Untracked 
|  60|0x0000000773c00000, 0x0000000773c00000, 0x0000000773d00000|  0%| F|  |TAMS 0x0000000773c00000, 0x0000000773c00000| Untracked 
|  61|0x0000000773d00000, 0x0000000773d00000, 0x0000000773e00000|  0%| F|  |TAMS 0x0000000773d00000, 0x0000000773d00000| Untracked 
|  62|0x0000000773e00000, 0x0000000773e00000, 0x0000000773f00000|  0%| F|  |TAMS 0x0000000773e00000, 0x0000000773e00000| Untracked 
|  63|0x0000000773f00000, 0x0000000773f00000, 0x0000000774000000|  0%| F|  |TAMS 0x0000000773f00000, 0x0000000773f00000| Untracked 
|  64|0x0000000774000000, 0x0000000774000000, 0x0000000774100000|  0%| F|  |TAMS 0x0000000774000000, 0x0000000774000000| Untracked 
|  65|0x0000000774100000, 0x0000000774100000, 0x0000000774200000|  0%| F|  |TAMS 0x0000000774100000, 0x0000000774100000| Untracked 
|  66|0x0000000774200000, 0x0000000774200000, 0x0000000774300000|  0%| F|  |TAMS 0x0000000774200000, 0x0000000774200000| Untracked 
|  67|0x0000000774300000, 0x0000000774300000, 0x0000000774400000|  0%| F|  |TAMS 0x0000000774300000, 0x0000000774300000| Untracked 
|  68|0x0000000774400000, 0x0000000774400000, 0x0000000774500000|  0%| F|  |TAMS 0x0000000774400000, 0x0000000774400000| Untracked 
|  69|0x0000000774500000, 0x0000000774500000, 0x0000000774600000|  0%| F|  |TAMS 0x0000000774500000, 0x0000000774500000| Untracked 
|  70|0x0000000774600000, 0x0000000774600000, 0x0000000774700000|  0%| F|  |TAMS 0x0000000774600000, 0x0000000774600000| Untracked 
|  71|0x0000000774700000, 0x0000000774700000, 0x0000000774800000|  0%| F|  |TAMS 0x0000000774700000, 0x0000000774700000| Untracked 
|  72|0x0000000774800000, 0x0000000774800000, 0x0000000774900000|  0%| F|  |TAMS 0x0000000774800000, 0x0000000774800000| Untracked 
|  73|0x0000000774900000, 0x0000000774900000, 0x0000000774a00000|  0%| F|  |TAMS 0x0000000774900000, 0x0000000774900000| Untracked 
|  74|0x0000000774a00000, 0x0000000774a00000, 0x0000000774b00000|  0%| F|  |TAMS 0x0000000774a00000, 0x0000000774a00000| Untracked 
|  75|0x0000000774b00000, 0x0000000774b00000, 0x0000000774c00000|  0%| F|  |TAMS 0x0000000774b00000, 0x0000000774b00000| Untracked 
|  76|0x0000000774c00000, 0x0000000774c00000, 0x0000000774d00000|  0%| F|  |TAMS 0x0000000774c00000, 0x0000000774c00000| Untracked 
|  77|0x0000000774d00000, 0x0000000774d00000, 0x0000000774e00000|  0%| F|  |TAMS 0x0000000774d00000, 0x0000000774d00000| Untracked 
|  78|0x0000000774e00000, 0x0000000774e00000, 0x0000000774f00000|  0%| F|  |TAMS 0x0000000774e00000, 0x0000000774e00000| Untracked 
|  79|0x0000000774f00000, 0x0000000774f00000, 0x0000000775000000|  0%| F|  |TAMS 0x0000000774f00000, 0x0000000774f00000| Untracked 
|  80|0x0000000775000000, 0x0000000775000000, 0x0000000775100000|  0%| F|  |TAMS 0x0000000775000000, 0x0000000775000000| Untracked 
|  81|0x0000000775100000, 0x0000000775100000, 0x0000000775200000|  0%| F|  |TAMS 0x0000000775100000, 0x0000000775100000| Untracked 
|  82|0x0000000775200000, 0x0000000775200000, 0x0000000775300000|  0%| F|  |TAMS 0x0000000775200000, 0x0000000775200000| Untracked 
|  83|0x0000000775300000, 0x0000000775300000, 0x0000000775400000|  0%| F|  |TAMS 0x0000000775300000, 0x0000000775300000| Untracked 
|  84|0x0000000775400000, 0x0000000775400000, 0x0000000775500000|  0%| F|  |TAMS 0x0000000775400000, 0x0000000775400000| Untracked 
|  85|0x0000000775500000, 0x0000000775500000, 0x0000000775600000|  0%| F|  |TAMS 0x0000000775500000, 0x0000000775500000| Untracked 
|  86|0x0000000775600000, 0x0000000775600000, 0x0000000775700000|  0%| F|  |TAMS 0x0000000775600000, 0x0000000775600000| Untracked 
|  87|0x0000000775700000, 0x0000000775700000, 0x0000000775800000|  0%| F|  |TAMS 0x0000000775700000, 0x0000000775700000| Untracked 
|  88|0x0000000775800000, 0x0000000775800000, 0x0000000775900000|  0%| F|  |TAMS 0x0000000775800000, 0x0000000775800000| Untracked 
|  89|0x0000000775900000, 0x0000000775900000, 0x0000000775a00000|  0%| F|  |TAMS 0x0000000775900000, 0x0000000775900000| Untracked 
|  90|0x0000000775a00000, 0x0000000775a00000, 0x0000000775b00000|  0%| F|  |TAMS 0x0000000775a00000, 0x0000000775a00000| Untracked 
|  91|0x0000000775b00000, 0x0000000775b00000, 0x0000000775c00000|  0%| F|  |TAMS 0x0000000775b00000, 0x0000000775b00000| Untracked 
|  92|0x0000000775c00000, 0x0000000775c00000, 0x0000000775d00000|  0%| F|  |TAMS 0x0000000775c00000, 0x0000000775c00000| Untracked 
|  93|0x0000000775d00000, 0x0000000775d00000, 0x0000000775e00000|  0%| F|  |TAMS 0x0000000775d00000, 0x0000000775d00000| Untracked 
|  94|0x0000000775e00000, 0x0000000775e00000, 0x0000000775f00000|  0%| F|  |TAMS 0x0000000775e00000, 0x0000000775e00000| Untracked 
|  95|0x0000000775f00000, 0x0000000775f00000, 0x0000000776000000|  0%| F|  |TAMS 0x0000000775f00000, 0x0000000775f00000| Untracked 
|  96|0x0000000776000000, 0x0000000776000000, 0x0000000776100000|  0%| F|  |TAMS 0x0000000776000000, 0x0000000776000000| Untracked 
|  97|0x0000000776100000, 0x0000000776100000, 0x0000000776200000|  0%| F|  |TAMS 0x0000000776100000, 0x0000000776100000| Untracked 
|  98|0x0000000776200000, 0x0000000776200000, 0x0000000776300000|  0%| F|  |TAMS 0x0000000776200000, 0x0000000776200000| Untracked 
|  99|0x0000000776300000, 0x0000000776300000, 0x0000000776400000|  0%| F|  |TAMS 0x0000000776300000, 0x0000000776300000| Untracked 
| 100|0x0000000776400000, 0x0000000776400000, 0x0000000776500000|  0%| F|  |TAMS 0x0000000776400000, 0x0000000776400000| Untracked 
| 101|0x0000000776500000, 0x0000000776500000, 0x0000000776600000|  0%| F|  |TAMS 0x0000000776500000, 0x0000000776500000| Untracked 
| 102|0x0000000776600000, 0x0000000776600000, 0x0000000776700000|  0%| F|  |TAMS 0x0000000776600000, 0x0000000776600000| Untracked 
| 103|0x0000000776700000, 0x0000000776700000, 0x0000000776800000|  0%| F|  |TAMS 0x0000000776700000, 0x0000000776700000| Untracked 
| 104|0x0000000776800000, 0x0000000776800000, 0x0000000776900000|  0%| F|  |TAMS 0x0000000776800000, 0x0000000776800000| Untracked 
| 105|0x0000000776900000, 0x0000000776900000, 0x0000000776a00000|  0%| F|  |TAMS 0x0000000776900000, 0x0000000776900000| Untracked 
| 106|0x0000000776a00000, 0x0000000776a00000, 0x0000000776b00000|  0%| F|  |TAMS 0x0000000776a00000, 0x0000000776a00000| Untracked 
| 107|0x0000000776b00000, 0x0000000776b00000, 0x0000000776c00000|  0%| F|  |TAMS 0x0000000776b00000, 0x0000000776b00000| Untracked 
| 108|0x0000000776c00000, 0x0000000776c00000, 0x0000000776d00000|  0%| F|  |TAMS 0x0000000776c00000, 0x0000000776c00000| Untracked 
| 109|0x0000000776d00000, 0x0000000776d00000, 0x0000000776e00000|  0%| F|  |TAMS 0x0000000776d00000, 0x0000000776d00000| Untracked 
| 110|0x0000000776e00000, 0x0000000776e00000, 0x0000000776f00000|  0%| F|  |TAMS 0x0000000776e00000, 0x0000000776e00000| Untracked 
| 111|0x0000000776f00000, 0x0000000776f00000, 0x0000000777000000|  0%| F|  |TAMS 0x0000000776f00000, 0x0000000776f00000| Untracked 
| 112|0x0000000777000000, 0x0000000777000000, 0x0000000777100000|  0%| F|  |TAMS 0x0000000777000000, 0x0000000777000000| Untracked 
| 113|0x0000000777100000, 0x0000000777100000, 0x0000000777200000|  0%| F|  |TAMS 0x0000000777100000, 0x0000000777100000| Untracked 
| 114|0x0000000777200000, 0x0000000777200000, 0x0000000777300000|  0%| F|  |TAMS 0x0000000777200000, 0x0000000777200000| Untracked 
| 115|0x0000000777300000, 0x0000000777300000, 0x0000000777400000|  0%| F|  |TAMS 0x0000000777300000, 0x0000000777300000| Untracked 
| 116|0x0000000777400000, 0x0000000777400000, 0x0000000777500000|  0%| F|  |TAMS 0x0000000777400000, 0x0000000777400000| Untracked 
| 117|0x0000000777500000, 0x0000000777500000, 0x0000000777600000|  0%| F|  |TAMS 0x0000000777500000, 0x0000000777500000| Untracked 
| 118|0x0000000777600000, 0x0000000777600000, 0x0000000777700000|  0%| F|  |TAMS 0x0000000777600000, 0x0000000777600000| Untracked 
| 119|0x0000000777700000, 0x0000000777700000, 0x0000000777800000|  0%| F|  |TAMS 0x0000000777700000, 0x0000000777700000| Untracked 
| 120|0x0000000777800000, 0x0000000777800000, 0x0000000777900000|  0%| F|  |TAMS 0x0000000777800000, 0x0000000777800000| Untracked 
| 121|0x0000000777900000, 0x0000000777900000, 0x0000000777a00000|  0%| F|  |TAMS 0x0000000777900000, 0x0000000777900000| Untracked 
| 122|0x0000000777a00000, 0x0000000777a00000, 0x0000000777b00000|  0%| F|  |TAMS 0x0000000777a00000, 0x0000000777a00000| Untracked 
| 123|0x0000000777b00000, 0x0000000777b00000, 0x0000000777c00000|  0%| F|  |TAMS 0x0000000777b00000, 0x0000000777b00000| Untracked 
| 124|0x0000000777c00000, 0x0000000777c00000, 0x0000000777d00000|  0%| F|  |TAMS 0x0000000777c00000, 0x0000000777c00000| Untracked 
| 125|0x0000000777d00000, 0x0000000777d00000, 0x0000000777e00000|  0%| F|  |TAMS 0x0000000777d00000, 0x0000000777d00000| Untracked 
| 126|0x0000000777e00000, 0x0000000777e00000, 0x0000000777f00000|  0%| F|  |TAMS 0x0000000777e00000, 0x0000000777e00000| Untracked 
| 127|0x0000000777f00000, 0x0000000777f00000, 0x0000000778000000|  0%| F|  |TAMS 0x0000000777f00000, 0x0000000777f00000| Untracked 
| 128|0x0000000778000000, 0x0000000778000000, 0x0000000778100000|  0%| F|  |TAMS 0x0000000778000000, 0x0000000778000000| Untracked 
| 129|0x0000000778100000, 0x0000000778100000, 0x0000000778200000|  0%| F|  |TAMS 0x0000000778100000, 0x0000000778100000| Untracked 
| 130|0x0000000778200000, 0x0000000778200000, 0x0000000778300000|  0%| F|  |TAMS 0x0000000778200000, 0x0000000778200000| Untracked 
| 131|0x0000000778300000, 0x0000000778300000, 0x0000000778400000|  0%| F|  |TAMS 0x0000000778300000, 0x0000000778300000| Untracked 
| 132|0x0000000778400000, 0x0000000778400000, 0x0000000778500000|  0%| F|  |TAMS 0x0000000778400000, 0x0000000778400000| Untracked 
| 133|0x0000000778500000, 0x0000000778500000, 0x0000000778600000|  0%| F|  |TAMS 0x0000000778500000, 0x0000000778500000| Untracked 
| 134|0x0000000778600000, 0x0000000778600000, 0x0000000778700000|  0%| F|  |TAMS 0x0000000778600000, 0x0000000778600000| Untracked 
| 135|0x0000000778700000, 0x0000000778700000, 0x0000000778800000|  0%| F|  |TAMS 0x0000000778700000, 0x0000000778700000| Untracked 
| 136|0x0000000778800000, 0x0000000778800000, 0x0000000778900000|  0%| F|  |TAMS 0x0000000778800000, 0x0000000778800000| Untracked 
| 137|0x0000000778900000, 0x000000077896d0b8, 0x0000000778a00000| 42%| E|  |TAMS 0x0000000778900000, 0x0000000778900000| Complete 
| 138|0x0000000778a00000, 0x0000000778b00000, 0x0000000778b00000|100%| E|CS|TAMS 0x0000000778a00000, 0x0000000778a00000| Complete 
| 139|0x0000000778b00000, 0x0000000778c00000, 0x0000000778c00000|100%| E|CS|TAMS 0x0000000778b00000, 0x0000000778b00000| Complete 
| 140|0x0000000778c00000, 0x0000000778d00000, 0x0000000778d00000|100%| E|CS|TAMS 0x0000000778c00000, 0x0000000778c00000| Complete 
| 141|0x0000000778d00000, 0x0000000778e00000, 0x0000000778e00000|100%| E|CS|TAMS 0x0000000778d00000, 0x0000000778d00000| Complete 
| 142|0x0000000778e00000, 0x0000000778f00000, 0x0000000778f00000|100%| E|  |TAMS 0x0000000778e00000, 0x0000000778e00000| Complete 
| 143|0x0000000778f00000, 0x0000000779000000, 0x0000000779000000|100%| E|CS|TAMS 0x0000000778f00000, 0x0000000778f00000| Complete 

Card table byte_map: [0x000002307f1e0000,0x000002307f660000] _byte_map_base: 0x000002307b660000

Marking Bits (Prev, Next): (CMBitMap*) 0x0000023076a6da88, (CMBitMap*) 0x0000023076a6dac0
 Prev Bits: [0x000002300f000000, 0x0000023011400000)
 Next Bits: [0x0000023011400000, 0x0000023013800000)

Polling page: 0x0000023076200000

Metaspace:

Usage:
  Non-class:      9.29 MB capacity,     9.22 MB (>99%) used,    57.25 KB ( <1%) free+waste,    17.81 KB ( <1%) overhead. 
      Class:      1.06 MB capacity,   989.66 KB ( 91%) used,    88.66 KB (  8%) free+waste,     8.69 KB ( <1%) overhead. 
       Both:     10.35 MB capacity,    10.18 MB ( 98%) used,   145.91 KB (  1%) free+waste,    26.50 KB ( <1%) overhead. 

Virtual space:
  Non-class space:       10.00 MB reserved,       9.50 MB ( 95%) committed 
      Class space:        1.00 GB reserved,       1.13 MB ( <1%) committed 
             Both:        1.01 GB reserved,      10.63 MB (  1%) committed 

Chunk freelists:
   Non-Class:  2.88 KB
       Class:  128 bytes
        Both:  3.00 KB

CodeHeap 'non-profiled nmethods': size=120064Kb used=189Kb max_used=189Kb free=119874Kb
 bounds [0x0000023007ac0000, 0x0000023007d30000, 0x000002300f000000]
CodeHeap 'profiled nmethods': size=120000Kb used=1040Kb max_used=1040Kb free=118959Kb
 bounds [0x0000023000590000, 0x0000023000800000, 0x0000023007ac0000]
CodeHeap 'non-nmethods': size=5696Kb used=1121Kb max_used=1133Kb free=4574Kb
 bounds [0x0000023000000000, 0x0000023000270000, 0x0000023000590000]
 total_blobs=1209 nmethods=651 adapters=347
 compilation: enabled
              stopped_count=0, restarted_count=0
 full_count=0

Compilation events (10 events):
Event: 1.258 Thread 0x000002307fcc9000  647       4       java.lang.String::charAt (25 bytes)
Event: 1.259 Thread 0x000002307fcc9000 nmethod 647 0x0000023007aeec90 code [0x0000023007aeee40, 0x0000023007aeef08]
Event: 1.259 Thread 0x000002307fcca800  648       1       java.util.concurrent.ConcurrentHashMap$MapEntry::getKey (5 bytes)
Event: 1.259 Thread 0x000002307fcca800 nmethod 648 0x0000023007aef010 code [0x0000023007aef1c0, 0x0000023007aef2d8]
Event: 1.259 Thread 0x000002307fcca800  649       1       java.util.concurrent.ConcurrentHashMap$MapEntry::getValue (5 bytes)
Event: 1.259 Thread 0x000002307fcca800 nmethod 649 0x0000023007aef390 code [0x0000023007aef540, 0x0000023007aef658]
Event: 1.259 Thread 0x000002307fcca800  650       3       java.lang.StringBuilder::<init> (6 bytes)
Event: 1.259 Thread 0x000002307fcca800 nmethod 650 0x0000023000690c90 code [0x0000023000690e40, 0x0000023000690fd0]
Event: 1.259 Thread 0x000002307fcca800  651       3       java.util.Properties::saveConvert (434 bytes)
Event: 1.262 Thread 0x000002307fcca800 nmethod 651 0x0000023000691090 code [0x0000023000691580, 0x00000230006937b0]

GC Heap History (0 events):
No events

Deoptimization events (1 events):
Event: 1.012 Thread 0x000002307fcc5000 Uncommon trap: reason=unstable_if action=reinterpret pc=0x0000023007ac2114 method=java.lang.String.isLatin1()Z @ 10 c2

Classes redefined (0 events):
No events

Internal exceptions (10 events):
Event: 0.576 Thread 0x0000023076a2a800 Exception <a 'java/io/FileNotFoundException'{0x0000000778cde948}> (0x0000000778cde948) thrown at [t:/workspace/open/src/hotspot/share/prims/jni.cpp, line 615]
Event: 0.598 Thread 0x0000023076a2a800 Exception <a 'java/lang/NoSuchMethodError'{0x0000000778b39fd8}: java.lang.invoke.DirectMethodHandle$Holder.invokeStatic(Ljava/lang/Object;Ljava/lang/Object;Ljava/lang/Object;Ljava/lang/Object;Ljava/lang/Object;Ljava/lang/Object;Ljava/lang/Object;Ljava/lan
Event: 0.603 Thread 0x0000023076a2a800 Exception <a 'java/lang/NoSuchMethodError'{0x0000000778b47d48}: java.lang.invoke.DirectMethodHandle$Holder.invokeStatic(Ljava/lang/Object;Ljava/lang/Object;Ljava/lang/Object;Ljava/lang/Object;Ljava/lang/Object;Ljava/lang/Object;Ljava/lang/Object;Ljava/lan
Event: 0.605 Thread 0x0000023076a2a800 Exception <a 'java/lang/NoSuchMethodError'{0x0000000778b55c38}: java.lang.invoke.DirectMethodHandle$Holder.invokeSpecial(Ljava/lang/Object;Ljava/lang/Object;IILjava/lang/Object;Ljava/lang/Object;Ljava/lang/Object;)Ljava/lang/Object;> (0x0000000778b55c38) 
Event: 0.605 Thread 0x0000023076a2a800 Exception <a 'java/lang/NoSuchMethodError'{0x0000000778b591c0}: java.lang.invoke.DelegatingMethodHandle$Holder.reinvoke_L(Ljava/lang/Object;IILjava/lang/Object;Ljava/lang/Object;Ljava/lang/Object;)Ljava/lang/Object;> (0x0000000778b591c0) thrown at [t:/wor
Event: 0.606 Thread 0x0000023076a2a800 Exception <a 'java/lang/NoSuchMethodError'{0x0000000778b5d2a0}: java.lang.invoke.DirectMethodHandle$Holder.invokeStatic(Ljava/lang/Object;Ljava/lang/Object;Ljava/lang/Object;Ljava/lang/Object;I)Ljava/lang/Object;> (0x0000000778b5d2a0) thrown at [t:/worksp
Event: 0.662 Thread 0x0000023076a2a800 Exception <a 'java/io/FileNotFoundException'{0x0000000778bc03c8}> (0x0000000778bc03c8) thrown at [t:/workspace/open/src/hotspot/share/prims/jni.cpp, line 615]
Event: 0.865 Thread 0x0000023016726800 Exception <a 'java/lang/NoSuchMethodError'{0x0000000778a4d758}: java.lang.invoke.DirectMethodHandle$Holder.invokeSpecial(Ljava/lang/Object;Ljava/lang/Object;)V> (0x0000000778a4d758) thrown at [t:/workspace/open/src/hotspot/share/interpreter/linkResolver.c
Event: 0.869 Thread 0x0000023076a2a800 Exception <a 'java/lang/NoSuchMethodError'{0x0000000778a8c838}: java.lang.invoke.DirectMethodHandle$Holder.invokeStatic(Ljava/lang/Object;Ljava/lang/Object;Ljava/lang/Object;Ljava/lang/Object;Ljava/lang/Object;Ljava/lang/Object;Ljava/lang/Object;Ljava/lan
Event: 0.873 Thread 0x0000023076a2a800 Exception <a 'java/lang/NoSuchMethodError'{0x0000000778aa6c80}: java.lang.invoke.DirectMethodHandle$Holder.invokeStatic(Ljava/lang/Object;Ljava/lang/Object;Ljava/lang/Object;Ljava/lang/Object;Ljava/lang/Object;Ljava/lang/Object;Ljava/lang/Object;Ljava/lan

Events (10 events):
Event: 1.041 loading class sun/util/resources/Bundles$CacheKeyReference done
Event: 1.041 loading class sun/util/resources/Bundles$BundleReference done
Event: 1.041 loading class sun/util/resources/cldr/TimeZoneNames_en
Event: 1.042 loading class sun/util/resources/cldr/TimeZoneNames_en done
Event: 1.042 loading class sun/util/resources/cldr/TimeZoneNames_en_US
Event: 1.042 loading class sun/util/resources/cldr/TimeZoneNames_en_US done
Event: 1.045 loading class java/util/LinkedHashMap$LinkedKeySet
Event: 1.045 loading class java/util/LinkedHashMap$LinkedKeySet done
Event: 1.046 loading class sun/util/locale/provider/LocaleResources$ResourceReference
Event: 1.046 loading class sun/util/locale/provider/LocaleResources$ResourceReference done


Dynamic libraries:
0x00007ff767450000 - 0x00007ff767497000 	C:\Program Files\Java\jdk-11.0.3\bin\java.exe
0x00007ffe637e0000 - 0x00007ffe639d0000 	C:\Windows\SYSTEM32\ntdll.dll
0x00007ffe61a60000 - 0x00007ffe61b12000 	C:\Windows\System32\KERNEL32.DLL
0x00007ffe615e0000 - 0x00007ffe61883000 	C:\Windows\System32\KERNELBASE.dll
0x00007ffe619b0000 - 0x00007ffe61a53000 	C:\Windows\System32\ADVAPI32.dll
0x00007ffe62660000 - 0x00007ffe626fe000 	C:\Windows\System32\msvcrt.dll
0x00007ffe63700000 - 0x00007ffe63797000 	C:\Windows\System32\sechost.dll
0x00007ffe61890000 - 0x00007ffe619b0000 	C:\Windows\System32\RPCRT4.dll
0x00007ffe61f60000 - 0x00007ffe620f4000 	C:\Windows\System32\USER32.dll
0x00007ffe615b0000 - 0x00007ffe615d1000 	C:\Windows\System32\win32u.dll
0x00007ffe627d0000 - 0x00007ffe627f6000 	C:\Windows\System32\GDI32.dll
0x00007ffe61410000 - 0x00007ffe615a4000 	C:\Windows\System32\gdi32full.dll
0x00007ffe60820000 - 0x00007ffe608be000 	C:\Windows\System32\msvcp_win.dll
0x00007ffe60a60000 - 0x00007ffe60b5a000 	C:\Windows\System32\ucrtbase.dll
0x00007ffe531c0000 - 0x00007ffe53445000 	C:\Windows\WinSxS\amd64_microsoft.windows.common-controls_6595b64144ccf1df_6.0.18362.418_none_e6c6b287130d565d\COMCTL32.dll
0x00007ffe61b20000 - 0x00007ffe61e56000 	C:\Windows\System32\combase.dll
0x00007ffe612e0000 - 0x00007ffe61360000 	C:\Windows\System32\bcryptPrimitives.dll
0x00007ffe5bf90000 - 0x00007ffe5bf9a000 	C:\Windows\SYSTEM32\VERSION.dll
0x00007ffe62100000 - 0x00007ffe6212e000 	C:\Windows\System32\IMM32.DLL
0x00007ffe5d010000 - 0x00007ffe5d026000 	C:\Program Files\Java\jdk-11.0.3\bin\vcruntime140.dll
0x00007ffe3ce50000 - 0x00007ffe3cefa000 	C:\Program Files\Java\jdk-11.0.3\bin\msvcp140.dll
0x00007ffe14690000 - 0x00007ffe151b7000 	C:\Program Files\Java\jdk-11.0.3\bin\server\jvm.dll
0x00007ffe62f10000 - 0x00007ffe62f18000 	C:\Windows\System32\PSAPI.DLL
0x00007ffe5d380000 - 0x00007ffe5d389000 	C:\Windows\SYSTEM32\WSOCK32.dll
0x00007ffe62760000 - 0x00007ffe627cf000 	C:\Windows\System32\WS2_32.dll
0x00007ffe5d350000 - 0x00007ffe5d374000 	C:\Windows\SYSTEM32\WINMM.dll
0x00007ffe5d320000 - 0x00007ffe5d34d000 	C:\Windows\SYSTEM32\WINMMBASE.dll
0x00007ffe608c0000 - 0x00007ffe6090a000 	C:\Windows\System32\cfgmgr32.dll
0x00007ffe606c0000 - 0x00007ffe606d1000 	C:\Windows\System32\kernel.appcore.dll
0x00007ffe5cff0000 - 0x00007ffe5d001000 	C:\Program Files\Java\jdk-11.0.3\bin\verify.dll
0x00007ffe53cf0000 - 0x00007ffe53ee4000 	C:\Windows\SYSTEM32\DBGHELP.DLL
0x00007ffe52ed0000 - 0x00007ffe52efa000 	C:\Windows\SYSTEM32\dbgcore.DLL
0x00007ffe526e0000 - 0x00007ffe52709000 	C:\Program Files\Java\jdk-11.0.3\bin\java.dll
0x00007ffe4e2c0000 - 0x00007ffe4e2ef000 	C:\Program Files\Java\jdk-11.0.3\bin\instrument.dll
0x00007ffe528c0000 - 0x00007ffe528d6000 	C:\Program Files\Java\jdk-11.0.3\bin\zip.dll
0x00007ffe5b160000 - 0x00007ffe5b16a000 	C:\Program Files\Java\jdk-11.0.3\bin\jimage.dll
0x00007ffe62820000 - 0x00007ffe62f05000 	C:\Windows\System32\SHELL32.dll
0x00007ffe62190000 - 0x00007ffe62239000 	C:\Windows\System32\shcore.dll
0x00007ffe60b60000 - 0x00007ffe612df000 	C:\Windows\System32\windows.storage.dll
0x00007ffe606e0000 - 0x00007ffe606ff000 	C:\Windows\System32\profapi.dll
0x00007ffe60720000 - 0x00007ffe6076a000 	C:\Windows\System32\powrprof.dll
0x00007ffe606b0000 - 0x00007ffe606c0000 	C:\Windows\System32\UMPDC.dll
0x00007ffe62700000 - 0x00007ffe62752000 	C:\Windows\System32\shlwapi.dll
0x00007ffe613f0000 - 0x00007ffe61407000 	C:\Windows\System32\cryptsp.dll
0x00007ffe50cd0000 - 0x00007ffe50ce9000 	C:\Program Files\Java\jdk-11.0.3\bin\net.dll
0x00007ffe5a8d0000 - 0x00007ffe5a9c0000 	C:\Windows\SYSTEM32\WINHTTP.dll
0x00007ffe57b00000 - 0x00007ffe57cd6000 	C:\Windows\SYSTEM32\urlmon.dll
0x00007ffe57f00000 - 0x00007ffe581a6000 	C:\Windows\SYSTEM32\iertutil.dll
0x00007ffe60590000 - 0x00007ffe6059c000 	C:\Windows\SYSTEM32\CRYPTBASE.DLL
0x00007ffe5fec0000 - 0x00007ffe5ff27000 	C:\Windows\system32\mswsock.dll
0x00007ffe4f2f0000 - 0x00007ffe4f303000 	C:\Program Files\Java\jdk-11.0.3\bin\nio.dll
0x00007ffe4e2a0000 - 0x00007ffe4e2ba000 	C:\Users\TAYE\AppData\Local\JetBrains\IntelliJ IDEA Community Edition 2019.2.1\bin\breakgen64.dll
0x00007ffe26a40000 - 0x00007ffe26bdf000 	C:\Program Files\Java\jdk-11.0.3\bin\awt.dll
0x00007ffe62590000 - 0x00007ffe62654000 	C:\Windows\System32\OLEAUT32.dll
0x00007ffe5d450000 - 0x00007ffe5da10000 	C:\Windows\SYSTEM32\d2d1.dll
0x00007ffe5e830000 - 0x00007ffe5e8bf000 	C:\Windows\SYSTEM32\apphelp.dll
0x00007ffe5ee30000 - 0x00007ffe5ee5d000 	C:\Windows\system32\DWMAPI.DLL
0x00007ffe5e9f0000 - 0x00007ffe5ea89000 	C:\Windows\system32\uxtheme.dll
0x00007ffe4e540000 - 0x00007ffe4e696000 	C:\Windows\system32\opengl32.dll
0x00007ffe5cef0000 - 0x00007ffe5cf1c000 	C:\Windows\SYSTEM32\GLU32.dll
0x00007ffe5f300000 - 0x00007ffe5f320000 	C:\Windows\SYSTEM32\dxcore.dll
0x00007ffe62450000 - 0x00007ffe62586000 	C:\Windows\System32\MSCTF.dll
0x00007ffe62f20000 - 0x00007ffe63076000 	C:\Windows\System32\ole32.dll
0x00007ffe30050000 - 0x00007ffe30217000 	C:\Windows\system32\d3d9.dll
0x00007ffe57400000 - 0x00007ffe5763f000 	C:\Windows\SYSTEM32\VBoxDispD3D.dll
0x00007ffe56f50000 - 0x00007ffe570ff000 	C:\Windows\system32\VBoxSVGA.dll
0x00007ffe56c70000 - 0x00007ffe56d9f000 	C:\Windows\system32\VBoxNine.dll

dbghelp: loaded successfully - version: 4.0.5 - missing functions: none
symbol engine: initialized successfully - sym options: 0x614 - pdb path: .;C:\Program Files\Java\jdk-11.0.3\bin;C:\Windows\SYSTEM32;C:\Windows\WinSxS\amd64_microsoft.windows.common-controls_6595b64144ccf1df_6.0.18362.418_none_e6c6b287130d565d;C:\Program Files\Java\jdk-11.0.3\bin\server;C:\Users\TAYE\AppData\Local\JetBrains\IntelliJ IDEA Community Edition 2019.2.1\bin

VM Arguments:
jvm_args: -javaagent:C:\Users\TAYE\AppData\Local\JetBrains\IntelliJ IDEA Community Edition 2019.2.1\lib\idea_rt.jar=63322:C:\Users\TAYE\AppData\Local\JetBrains\IntelliJ IDEA Community Edition 2019.2.1\bin -Dfile.encoding=UTF-8 
java_command: com.javarush.task.task34.task3410.controller.Controller
java_class_path (initial): C:\Users\TAYE\Sync\JavaRushTasks\out\production\4.JavaCollections;C:\Users\TAYE\Sync\JavaRushTasks\out\production\3.JavaMultithreading;C:\Users\TAYE\Sync\JavaRushTasks\out\production\2.JavaCore;C:\Users\TAYE\Sync\jackson-databind-2.9.8.jar;C:\Users\TAYE\Sync\jackson-core-2.9.8.jar;C:\Users\TAYE\Sync\jackson-annotations-2.9.8.jar;C:\Users\TAYE\Sync\testtask.zip;C:\Users\TAYE\Sync\javax.mail.jar;C:\Users\TAYE\Sync\jsoup-1.12.1.jar;C:\Users\TAYE\Sync\slf4j-2.0.0-alpha0.zip;C:\Users\TAYE\Sync\javax.mail-api-1.4.7.jar;C:\Users\TAYE\Sync\jsoup-1.12.1-sources.jar;C:\Users\TAYE\Sync\javax.activation-1.2.0.jar;C:\Users\TAYE\Sync\slf4j-1.7.26\slf4j-api-1.7.26.jar;C:\Users\TAYE\Sync\slf4j-1.7.26\slf4j-ext-1.7.26.jar;C:\Users\TAYE\Sync\slf4j-1.7.26\slf4j-jcl-1.7.26.jar;C:\Users\TAYE\Sync\slf4j-1.7.26\slf4j-nop-1.7.26.jar;C:\Users\TAYE\Sync\slf4j-1.7.26\slf4j-jdk14-1.7.26.jar;C:\Users\TAYE\Sync\slf4j-1.7.26\jul-to-slf4j-1.7.26.jar;C:\Users\TAYE\Sync\slf4j-1.7.26\slf4j-simple-1.7.26.jar;C:\Users\TAYE\Sync\slf4j-1.7.26\slf4j-android-1.7.26.jar;C:\Users\TAYE\Sync\slf4j-1.7.26\slf4j-log4j12-1.7.26.jar;C:\Users\TAYE\Sync\slf4j-1.7.26\jcl-over-slf4j-1.7.26.jar;C:\Users\TAYE\Sync\slf4j-1.7.26\slf4j-migrator-1.7.26.jar;C:\Users\TAYE\Sync\slf4j-1.7.26\osgi-over-slf4j-1.7.26.jar;C:\Users\TAYE\Sync\slf4j-1.7.26\log4j-over-slf4j-1.7.26.jar;C:\Users\TAYE\Sync\slf4j-1.7.26\slf4j-api-1.7.26-sources.jar;C:\Users\TAYE\Sync\slf4j-1.7.26\slf4j-ext-1.7.26-sources.jar;C:\Users\TAYE\Sync\slf4j-1.7.26\slf4j-jcl-1.7.26-sources.jar;C:\Users\TAYE\Sync\slf4j-1.7.26\slf4j-nop-1.7.26-sources.jar;C:\Users\TAYE\Sync\slf4j-1.7.26\slf4j-jdk14-1.7.26-sources.jar;C:\Users\TAYE\Sync\slf4j-1.7.26\jul-to-slf4j-1.7.26-sources.jar;C:\Users\TAYE\Sync\slf4j-1.7.26\slf4j-simple-1.7.26-sources.jar;C:\Users\TAYE\Sync\slf4j-1.7.26\slf4j-android-1.7.26-sources.jar;C:\Users\TAYE\Sync\slf4j-1.7.26\slf4j-log4j12-1.7.26-sources.jar;C:\Users\TAYE\Sync\slf4j-1.7.26\jcl-over-slf4j-1.7.26-sources.jar;C:\
Launcher Type: SUN_STANDARD

[Global flags]
     intx CICompilerCount                          = 2                                         {product} {ergonomic}
     uint ConcGCThreads                            = 1                                         {product} {ergonomic}
     uint G1ConcRefinementThreads                  = 2                                         {product} {ergonomic}
   size_t G1HeapRegionSize                         = 1048576                                   {product} {ergonomic}
    uintx GCDrainStackTargetSize                   = 64                                        {product} {ergonomic}
   size_t InitialHeapSize                          = 150994944                                 {product} {ergonomic}
   size_t MarkStackSize                            = 4194304                                   {product} {ergonomic}
   size_t MaxHeapSize                              = 2415919104                                {product} {ergonomic}
   size_t MaxNewSize                               = 1449132032                                {product} {ergonomic}
   size_t MinHeapDeltaBytes                        = 1048576                                   {product} {ergonomic}
    uintx NonNMethodCodeHeapSize                   = 5824844                                {pd product} {ergonomic}
    uintx NonProfiledCodeHeapSize                  = 122916698                              {pd product} {ergonomic}
    uintx ProfiledCodeHeapSize                     = 122916698                              {pd product} {ergonomic}
    uintx ReservedCodeCacheSize                    = 251658240                              {pd product} {ergonomic}
     bool SegmentedCodeCache                       = true                                      {product} {ergonomic}
     bool UseCompressedClassPointers               = true                                 {lp64_product} {ergonomic}
     bool UseCompressedOops                        = true                                 {lp64_product} {ergonomic}
     bool UseG1GC                                  = true                                      {product} {ergonomic}
     bool UseLargePagesIndividualAllocation        = false                                  {pd product} {ergonomic}

Logging:
Log output configuration:
 #0: stdout all=warning uptime,level,tags
 #1: stderr all=off uptime,level,tags

Environment Variables:
PATH=C:\ProgramData\Oracle\Java\javapath;C:\Windows\system32;C:\Windows;C:\Windows\System32\Wbem;C:\Windows\System32\WindowsPowerShell\v1.0\;C:\Windows\System32\OpenSSH\;C:\Program Files\Git\cmd;C:\Users\TAYE\AppData\Local\Microsoft\WindowsApps;;C:\Program Files\JetBrains\IntelliJ IDEA Community Edition 2019.2.3\bin;;C:\Users\TAYE\AppData\Local\JetBrains\IntelliJ IDEA 2019.2.2\bin;
USERNAME=TAYE
OS=Windows_NT
PROCESSOR_IDENTIFIER=Intel64 Family 6 Model 158 Stepping 9, GenuineIntel



---------------  S Y S T E M  ---------------

OS: Windows 10 , 64 bit Build 18362 (10.0.18362.329)

CPU:total 2 (initial active 2) (2 cores per cpu, 1 threads per core) family 6 model 158 stepping 9, cmov, cx8, fxsr, mmx, sse, sse2, sse3, ssse3, sse4.1, sse4.2, popcnt, avx, avx2, aes, clmul, 3dnowpref, lzcnt, tsc, tscinvbit

Memory: 4k page, system-wide physical 9215M (4674M free)
TotalPageFile size 11391M (AvailPageFile size 5282M)
current process WorkingSet (physical memory assigned to process): 54M, peak: 54M
current process commit charge ("private bytes"): 221M, peak: 252M

vm_info: Java HotSpot(TM) 64-Bit Server VM (11.0.3+12-LTS) for windows-amd64 JRE (11.0.3+12-LTS), built on Apr  2 2019 12:43:09 by "mach5one" with MS VC++ 15.5 (VS2017)

END.
