2019-10-24 09:03:45 INFO  PluginTasksProjectComponent.projectOpened(77) - ---------- Project opened ----------
2019-10-24 09:03:45 INFO  PluginTasksProjectComponent.projectOpened(78) - ---------- Version 3.35 ----------

2019-10-24 09:03:45 INFO  ApacheHttpClient.createAsyncHttpClient(133) - 1 proxies selected. Type: DIRECT
2019-10-24 09:03:46 INFO  ApacheHttpClient.<init>(91) - ApacheHttpClient was successfully instantiated.
2019-10-24 09:03:51 INFO  ApacheHttpClient.testConnection(191) - responseCode = 200
2019-10-24 09:03:51 INFO  ApacheHttpClient.testConnection(206) - result = true
2019-10-24 09:03:56 INFO  ApacheHttpClient.isSessionAppropriateWithSecretKey(583) - Waiting for server response.
2019-10-24 09:03:59 INFO  ApacheHttpClient.refreshUserInfo(291) - responseCode = 200
2019-10-24 09:03:59 INFO  ApacheHttpClient.refreshUserInfo(297) - User information received.
2019-10-24 09:04:01 INFO  ApacheHttpClient.startGA(35) - GAService started.
2019-10-24 09:04:01 INFO  AbstractRestApiClient.startService(71) - EventsService started.
2019-10-24 09:04:41 INFO  ApacheHttpClient.getWebResourceAsStream(483) - responseCode = 200
2019-10-24 09:05:01 INFO  ApacheHttpClient.sendEvent(516) - responseCode = 200
2019-10-24 09:05:29 INFO  ApacheHttpClient.getWebResourceAsStream(483) - responseCode = 200
2019-10-24 09:05:30 INFO  ApacheHttpClient.getTask(469) - responseCode = 200
2019-10-24 09:06:01 INFO  ApacheHttpClient.sendEvent(516) - responseCode = 200
2019-10-24 09:07:01 INFO  ApacheHttpClient.sendEvent(516) - responseCode = 200
2019-10-24 09:08:01 INFO  ApacheHttpClient.sendEvent(516) - responseCode = 200
2019-10-24 09:09:01 INFO  ApacheHttpClient.sendEvent(516) - responseCode = 200
2019-10-24 09:10:01 INFO  ApacheHttpClient.sendEvent(516) - responseCode = 200
2019-10-24 09:11:01 INFO  ApacheHttpClient.sendEvent(516) - responseCode = 200
2019-10-24 09:12:01 INFO  ApacheHttpClient.sendEvent(516) - responseCode = 200
2019-10-24 09:13:03 INFO  ApacheHttpClient.sendEvent(516) - responseCode = 200
2019-10-24 09:14:01 INFO  ApacheHttpClient.sendEvent(516) - responseCode = 200
2019-10-24 09:15:01 INFO  ApacheHttpClient.sendEvent(516) - responseCode = 200
2019-10-24 09:16:03 INFO  ApacheHttpClient.sendEvent(516) - responseCode = 200
2019-10-24 09:17:01 INFO  ApacheHttpClient.sendEvent(516) - responseCode = 200
2019-10-24 09:18:01 INFO  ApacheHttpClient.sendEvent(516) - responseCode = 200
2019-10-24 09:19:02 INFO  ApacheHttpClient.sendEvent(516) - responseCode = 200
2019-10-24 09:20:01 INFO  ApacheHttpClient.sendEvent(516) - responseCode = 200
2019-10-24 09:21:01 INFO  ApacheHttpClient.sendEvent(516) - responseCode = 200
2019-10-24 09:22:02 INFO  ApacheHttpClient.sendEvent(516) - responseCode = 200
2019-10-24 09:23:01 INFO  ApacheHttpClient.sendEvent(516) - responseCode = 200
2019-10-24 09:24:01 INFO  ApacheHttpClient.sendEvent(516) - responseCode = 200
2019-10-24 09:25:03 INFO  ApacheHttpClient.sendEvent(516) - responseCode = 200
2019-10-24 09:26:01 INFO  ApacheHttpClient.sendEvent(516) - responseCode = 200
2019-10-24 09:27:01 INFO  ApacheHttpClient.sendEvent(516) - responseCode = 200
2019-10-24 09:28:02 INFO  ApacheHttpClient.sendEvent(516) - responseCode = 200
2019-10-24 09:29:01 INFO  ApacheHttpClient.sendEvent(516) - responseCode = 200
2019-10-24 09:30:01 INFO  ApacheHttpClient.sendEvent(516) - responseCode = 200
2019-10-24 09:31:01 INFO  ApacheHttpClient.sendEvent(516) - responseCode = 200
2019-10-24 09:32:02 INFO  ApacheHttpClient.sendEvent(516) - responseCode = 200
2019-10-24 09:33:01 INFO  ApacheHttpClient.sendEvent(516) - responseCode = 200
2019-10-24 09:34:01 INFO  ApacheHttpClient.sendEvent(516) - responseCode = 200
2019-10-24 09:35:03 INFO  ApacheHttpClient.sendEvent(516) - responseCode = 200
2019-10-24 09:36:01 INFO  ApacheHttpClient.sendEvent(516) - responseCode = 200
2019-10-24 09:37:01 INFO  ApacheHttpClient.sendEvent(516) - responseCode = 200
2019-10-24 09:38:03 INFO  ApacheHttpClient.sendEvent(516) - responseCode = 200
2019-10-24 09:39:01 INFO  ApacheHttpClient.sendEvent(516) - responseCode = 200
2019-10-24 09:40:01 INFO  ApacheHttpClient.sendEvent(516) - responseCode = 200
2019-10-24 09:41:01 INFO  ApacheHttpClient.sendEvent(516) - responseCode = 200
2019-10-24 09:42:01 INFO  ApacheHttpClient.sendEvent(516) - responseCode = 200
2019-10-24 09:43:01 INFO  ApacheHttpClient.sendEvent(516) - responseCode = 200
2019-10-24 09:44:02 INFO  ApacheHttpClient.sendEvent(516) - responseCode = 200
2019-10-24 09:45:03 INFO  ApacheHttpClient.sendEvent(516) - responseCode = 200
2019-10-24 09:46:02 INFO  ApacheHttpClient.sendEvent(516) - responseCode = 200
2019-10-24 09:47:01 INFO  ApacheHttpClient.sendEvent(516) - responseCode = 200
2019-10-24 09:48:01 INFO  ApacheHttpClient.sendEvent(516) - responseCode = 200
2019-10-24 09:49:01 INFO  ApacheHttpClient.sendEvent(516) - responseCode = 200
2019-10-24 09:50:02 INFO  ApacheHttpClient.sendEvent(516) - responseCode = 200
2019-10-24 09:51:01 INFO  ApacheHttpClient.sendEvent(516) - responseCode = 200
2019-10-24 09:52:01 INFO  ApacheHttpClient.sendEvent(516) - responseCode = 200
2019-10-24 09:53:02 INFO  ApacheHttpClient.sendEvent(516) - responseCode = 200
2019-10-24 09:54:01 INFO  ApacheHttpClient.sendEvent(516) - responseCode = 200
2019-10-24 09:55:01 INFO  ApacheHttpClient.sendEvent(516) - responseCode = 200
2019-10-24 09:56:02 INFO  ApacheHttpClient.sendEvent(516) - responseCode = 200
2019-10-24 09:56:46 INFO  ApacheHttpClient.getWebResourceAsStream(483) - responseCode = 200
2019-10-24 09:56:47 INFO  ApacheHttpClient.getWebResourceAsStream(483) - responseCode = 200
2019-10-24 09:56:56 INFO  ApacheHttpClient.getWebResourceAsStream(483) - responseCode = 200
2019-10-24 09:56:56 INFO  ApacheHttpClient.getWebResourceAsStream(483) - responseCode = 200
2019-10-24 09:57:01 INFO  ApacheHttpClient.sendEvent(516) - responseCode = 200
2019-10-24 09:57:07 INFO  ApacheHttpClient.getWebResourceAsStream(483) - responseCode = 200
2019-10-24 09:57:07 INFO  ApacheHttpClient.getWebResourceAsStream(483) - responseCode = 200
2019-10-24 09:57:26 INFO  ApacheHttpClient.getWebResourceAsStream(483) - responseCode = 200
2019-10-24 09:57:26 INFO  ApacheHttpClient.getWebResourceAsStream(483) - responseCode = 200
2019-10-24 09:58:01 INFO  ApacheHttpClient.sendEvent(516) - responseCode = 200
2019-10-24 09:58:07 INFO  ApacheHttpClient.getWebResourceAsStream(483) - responseCode = 200
2019-10-24 09:58:07 INFO  ApacheHttpClient.getFilteredTasks(322) - responseCode = 200
2019-10-24 09:58:14 INFO  ApacheHttpClient.getWebResourceAsStream(483) - responseCode = 200
2019-10-24 09:58:15 INFO  ApacheHttpClient.getWebResourceAsStream(483) - responseCode = 200
2019-10-24 09:59:02 INFO  ApacheHttpClient.sendEvent(516) - responseCode = 200
2019-10-24 10:00:01 INFO  ApacheHttpClient.sendEvent(516) - responseCode = 200
2019-10-24 10:01:01 INFO  ApacheHttpClient.sendEvent(516) - responseCode = 200
2019-10-24 10:02:07 ERROR ApacheHttpClient.processExceptionSendEvent(109) - (super) : Error while sending the event to the server.
2019-10-24 10:03:02 INFO  ApacheHttpClient.sendEvent(516) - responseCode = 200
2019-10-24 10:04:01 INFO  ApacheHttpClient.sendEvent(516) - responseCode = 200
2019-10-24 10:05:01 INFO  ApacheHttpClient.sendEvent(516) - responseCode = 200
2019-10-24 10:06:02 INFO  ApacheHttpClient.sendEvent(516) - responseCode = 200
2019-10-24 10:07:01 INFO  ApacheHttpClient.sendEvent(516) - responseCode = 200
2019-10-24 10:07:38 INFO  ApacheHttpClient.getWebResourceAsStream(483) - responseCode = 200
2019-10-24 10:07:38 INFO  ApacheHttpClient.getTask(469) - responseCode = 200
2019-10-24 10:07:52 INFO  ApacheHttpClient.getWebResourceAsStream(483) - responseCode = 200
2019-10-24 10:08:02 INFO  ApacheHttpClient.sendEvent(516) - responseCode = 200
2019-10-24 10:08:11 INFO  ApacheHttpClient.getWebResourceAsStream(483) - responseCode = 200
2019-10-24 10:08:11 INFO  ApacheHttpClient.getTask(469) - responseCode = 200
2019-10-24 10:08:30 INFO  ApacheHttpClient.getWebResourceAsStream(483) - responseCode = 200
2019-10-24 10:09:01 INFO  ApacheHttpClient.sendEvent(516) - responseCode = 200
2019-10-24 10:10:01 INFO  ApacheHttpClient.sendEvent(516) - responseCode = 200
2019-10-24 10:10:16 INFO  PluginTasksProjectComponent.projectOpened(77) - ---------- Project opened ----------
2019-10-24 10:10:16 INFO  PluginTasksProjectComponent.projectOpened(78) - ---------- Version 3.34 ----------

2019-10-24 10:10:16 INFO  ApacheHttpClient.createAsyncHttpClient(133) - 1 proxies selected. Type: DIRECT
2019-10-24 10:10:16 INFO  ApacheHttpClient.<init>(91) - ApacheHttpClient was successfully instantiated.
2019-10-24 10:10:18 INFO  ApacheHttpClient.testConnection(191) - responseCode = 200
2019-10-24 10:10:18 INFO  ApacheHttpClient.testConnection(206) - result = true
2019-10-24 10:10:19 INFO  ApacheHttpClient.isSessionAppropriateWithSecretKey(583) - Waiting for server response.
2019-10-24 10:10:20 INFO  ApacheHttpClient.refreshUserInfo(291) - responseCode = 200
2019-10-24 10:10:21 INFO  ApacheHttpClient.refreshUserInfo(297) - User information received.
2019-10-24 10:10:21 INFO  ApacheHttpClient.startGA(35) - GAService started.
2019-10-24 10:10:22 INFO  AbstractRestApiClient.startService(71) - EventsService started.
2019-10-24 10:11:01 INFO  ApacheHttpClient.sendEvent(516) - responseCode = 200
2019-10-24 10:11:23 INFO  ApacheHttpClient.sendEvent(516) - responseCode = 200
2019-10-24 10:11:30 INFO  ApacheHttpClient.getWebResourceAsStream(483) - responseCode = 200
2019-10-24 10:11:52 INFO  ApacheHttpClient.getWebResourceAsStream(483) - responseCode = 200
2019-10-24 10:11:55 INFO  PluginTasksProjectComponent.projectClosing(188) - ---------- Project closed ----------

2019-10-24 10:11:55 INFO  ApacheHttpClient.getTask(469) - responseCode = 200
2019-10-24 10:12:01 INFO  ApacheHttpClient.sendEvent(516) - responseCode = 200
2019-10-24 10:12:23 INFO  PluginTasksProjectComponent.projectOpened(77) - ---------- Project opened ----------
2019-10-24 10:12:23 INFO  PluginTasksProjectComponent.projectOpened(78) - ---------- Version 3.35 ----------

2019-10-24 10:12:23 INFO  ApacheHttpClient.createAsyncHttpClient(133) - 1 proxies selected. Type: DIRECT
2019-10-24 10:12:23 INFO  ApacheHttpClient.<init>(91) - ApacheHttpClient was successfully instantiated.
2019-10-24 10:12:25 INFO  ApacheHttpClient.testConnection(191) - responseCode = 200
2019-10-24 10:12:25 INFO  ApacheHttpClient.testConnection(206) - result = true
2019-10-24 10:12:26 INFO  ApacheHttpClient.isSessionAppropriateWithSecretKey(583) - Waiting for server response.
2019-10-24 10:12:27 INFO  ApacheHttpClient.refreshUserInfo(291) - responseCode = 200
2019-10-24 10:12:27 INFO  ApacheHttpClient.refreshUserInfo(297) - User information received.
2019-10-24 10:12:27 INFO  ApacheHttpClient.startGA(35) - GAService started.
2019-10-24 10:12:27 INFO  AbstractRestApiClient.startService(71) - EventsService started.
2019-10-24 10:12:57 INFO  ApacheHttpClient.getWebResourceAsStream(483) - responseCode = 200
2019-10-24 10:13:00 INFO  ApacheHttpClient.getFilteredTasks(322) - responseCode = 200
2019-10-24 10:13:03 INFO  ApacheHttpClient.sendEvent(516) - responseCode = 200
2019-10-24 10:13:11 INFO  ApacheHttpClient.getWebResourceAsStream(483) - responseCode = 200
2019-10-24 10:13:26 INFO  PluginTasksProjectComponent.projectClosing(188) - ---------- Project closed ----------

2019-10-24 10:13:26 INFO  ApacheHttpClient.getTask(469) - responseCode = 200
2019-10-24 10:13:27 INFO  PluginTasksProjectComponent.projectOpened(77) - ---------- Project opened ----------
2019-10-24 10:13:27 INFO  PluginTasksProjectComponent.projectOpened(77) - ---------- Project opened ----------
2019-10-24 10:13:27 INFO  PluginTasksProjectComponent.projectOpened(78) - ---------- Version 3.35 ----------

2019-10-24 10:13:27 INFO  PluginTasksProjectComponent.projectOpened(78) - ---------- Version 3.35 ----------

2019-10-24 10:13:31 INFO  ApacheHttpClient.isSessionAppropriateWithSecretKey(583) - Waiting for server response.
2019-10-24 10:13:31 INFO  ApacheHttpClient.isSessionAppropriateWithSecretKey(583) - Waiting for server response.
2019-10-24 10:13:31 INFO  ApacheHttpClient.refreshUserInfo(291) - responseCode = 200
2019-10-24 10:13:31 INFO  ApacheHttpClient.refreshUserInfo(291) - responseCode = 200
2019-10-24 10:13:31 INFO  ApacheHttpClient.refreshUserInfo(297) - User information received.
2019-10-24 10:13:31 INFO  ApacheHttpClient.refreshUserInfo(297) - User information received.
2019-10-24 10:13:31 INFO  ApacheHttpClient.startGA(35) - GAService started.
2019-10-24 10:13:31 INFO  ApacheHttpClient.startGA(35) - GAService started.
2019-10-24 10:13:31 INFO  AbstractRestApiClient.startService(71) - EventsService started.
2019-10-24 10:13:31 INFO  AbstractRestApiClient.startService(71) - EventsService started.
2019-10-24 10:13:39 INFO  ApacheHttpClient.getWebResourceAsStream(483) - responseCode = 200
2019-10-24 10:13:39 INFO  ApacheHttpClient.getWebResourceAsStream(483) - responseCode = 200
2019-10-24 10:13:41 INFO  ApacheHttpClient.getWebResourceAsStream(483) - responseCode = 200
2019-10-24 10:13:41 INFO  ApacheHttpClient.getWebResourceAsStream(483) - responseCode = 200
2019-10-24 10:13:56 INFO  ApacheHttpClient.getWebResourceAsStream(483) - responseCode = 200
2019-10-24 10:13:56 INFO  ApacheHttpClient.getWebResourceAsStream(483) - responseCode = 200
2019-10-24 10:13:57 INFO  ApacheHttpClient.getWebResourceAsStream(483) - responseCode = 200
2019-10-24 10:13:57 INFO  ApacheHttpClient.getWebResourceAsStream(483) - responseCode = 200
2019-10-24 10:14:09 INFO  ApacheHttpClient.getWebResourceAsStream(483) - responseCode = 200
2019-10-24 10:14:09 INFO  ApacheHttpClient.getWebResourceAsStream(483) - responseCode = 200
2019-10-24 10:14:10 INFO  ApacheHttpClient.getFilteredTasks(322) - responseCode = 200
2019-10-24 10:14:10 INFO  ApacheHttpClient.getFilteredTasks(322) - responseCode = 200
2019-10-24 10:14:32 INFO  ApacheHttpClient.sendEvent(516) - responseCode = 200
2019-10-24 10:14:32 INFO  ApacheHttpClient.sendEvent(516) - responseCode = 200
2019-10-24 10:14:32 INFO  ApacheHttpClient.getWebResourceAsStream(483) - responseCode = 200
2019-10-24 10:14:32 INFO  ApacheHttpClient.getWebResourceAsStream(483) - responseCode = 200
2019-10-24 10:14:34 INFO  ApacheHttpClient.getWebResourceAsStream(483) - responseCode = 200
2019-10-24 10:14:34 INFO  ApacheHttpClient.getWebResourceAsStream(483) - responseCode = 200
2019-10-24 10:14:40 INFO  PluginTasksProjectComponent.projectClosing(188) - ---------- Project closed ----------

2019-10-24 10:14:40 INFO  PluginTasksProjectComponent.projectClosing(188) - ---------- Project closed ----------

2019-10-24 10:14:41 INFO  ApacheHttpClient.getTask(469) - responseCode = 200
2019-10-24 10:14:41 INFO  ApacheHttpClient.getTask(469) - responseCode = 200
